#
# There is insufficient memory for the Java Runtime Environment to continue.
# Native memory allocation (malloc) failed to allocate 1877136 bytes for Chunk::new
# Possible reasons:
#   The system is out of physical RAM or swap space
#   The process is running with CompressedOops enabled, and the Java Heap may be blocking the growth of the native heap
# Possible solutions:
#   Reduce memory load on the system
#   Increase physical memory or swap space
#   Check if swap backing store is full
#   Decrease Java heap size (-Xmx/-Xms)
#   Decrease number of Java threads
#   Decrease Java thread stack sizes (-Xss)
#   Set larger code cache with -XX:ReservedCodeCacheSize=
#   JVM is running with Unscaled Compressed Oops mode in which the Java heap is
#     placed in the first 4GB address space. The Java Heap base address is the
#     maximum limit for the native heap growth. Please use -XX:HeapBaseMinAddress
#     to set the Java Heap base and to place the Java Heap above 4GB virtual address.
# This output file may be truncated or incomplete.
#
#  Out of Memory Error (allocation.cpp:389), pid=4728, tid=0x0000000000002bb8
#
# JRE version: OpenJDK Runtime Environment (8.0) (build 1.8.0-25-microsoft-b00)
# Java VM: OpenJDK 64-Bit Server VM (25.71-b00 mixed mode windows-amd64 compressed oops)
# Failed to write core dump. Minidumps are not enabled by default on client versions of Windows
#

---------------  T H R E A D  ---------------

Current thread (0x0000000018778800):  JavaThread "C2 CompilerThread1" daemon [_thread_in_native, id=11192, stack(0x0000000019140000,0x0000000019240000)]

Stack: [0x0000000019140000,0x0000000019240000]
[error occurred during error reporting (printing stack bounds), id 0xc0000005]

Native frames: (J=compiled Java code, j=interpreted, Vv=VM code, C=native code)


Current CompileTask:
C2:   5547 1417   !   4       java.net.URLClassLoader$1::run (63 bytes)


---------------  P R O C E S S  ---------------

Java Threads: ( => current thread )
  0x000000001877f000 JavaThread "Cache worker for journal cache (C:\Users\acer\.gradle\caches\journal-1)" [_thread_blocked, id=16028, stack(0x000000001d370000,0x000000001d470000)]
  0x000000001877e000 JavaThread "File lock request listener" [_thread_in_native, id=9468, stack(0x000000001d270000,0x000000001d370000)]
  0x0000000018784800 JavaThread "Cache worker for file hash cache (C:\Users\acer\.gradle\caches\5.4.1\fileHashes)" [_thread_blocked, id=12096, stack(0x000000001d170000,0x000000001d270000)]
  0x0000000018a7c000 JavaThread "Thread-9" [_thread_blocked, id=2200, stack(0x000000001c0a0000,0x000000001c1a0000)]
  0x0000000018a79000 JavaThread "Stdin handler" [_thread_blocked, id=14232, stack(0x000000001bfa0000,0x000000001c0a0000)]
  0x000000001a765800 JavaThread "Asynchronous log dispatcher for DefaultDaemonConnection: socket connection from /127.0.0.1:58310 to /127.0.0.1:58311" [_thread_blocked, id=2036, stack(0x000000001bea0000,0x000000001bfa0000)]
  0x000000001a94d800 JavaThread "Daemon worker" [_thread_in_Java, id=17324, stack(0x000000001bca0000,0x000000001bda0000)]
  0x000000001a94c800 JavaThread "Cancel handler" [_thread_blocked, id=880, stack(0x000000001bba0000,0x000000001bca0000)]
  0x0000000018a5e000 JavaThread "Handler for socket connection from /127.0.0.1:58310 to /127.0.0.1:58311" [_thread_in_native, id=1016, stack(0x000000001b8a0000,0x000000001b9a0000)]
  0x00000000197d6000 JavaThread "Daemon" [_thread_blocked, id=5908, stack(0x000000001b7a0000,0x000000001b8a0000)]
  0x00000000197d8800 JavaThread "Daemon periodic checks" [_thread_blocked, id=144, stack(0x000000001b6a0000,0x000000001b7a0000)]
  0x00000000197d8000 JavaThread "Incoming local TCP Connector on port 58310" [_thread_in_native, id=8132, stack(0x000000001b450000,0x000000001b550000)]
  0x000000001a584000 JavaThread "Daemon health stats" [_thread_blocked, id=17120, stack(0x000000001ae10000,0x000000001af10000)]
  0x0000000018815000 JavaThread "Service Thread" daemon [_thread_blocked, id=15104, stack(0x0000000019440000,0x0000000019540000)]
  0x000000001877d800 JavaThread "C1 CompilerThread3" daemon [_thread_blocked, id=15952, stack(0x0000000019340000,0x0000000019440000)]
  0x0000000018783800 JavaThread "C2 CompilerThread2" daemon [_thread_blocked, id=6104, stack(0x0000000019240000,0x0000000019340000)]
=>0x0000000018778800 JavaThread "C2 CompilerThread1" daemon [_thread_in_native, id=11192, stack(0x0000000019140000,0x0000000019240000)]
  0x0000000018772800 JavaThread "C2 CompilerThread0" daemon [_thread_in_native, id=12932, stack(0x0000000019040000,0x0000000019140000)]
  0x0000000018771800 JavaThread "Attach Listener" daemon [_thread_blocked, id=8928, stack(0x0000000018f40000,0x0000000019040000)]
  0x0000000018771000 JavaThread "Signal Dispatcher" daemon [_thread_blocked, id=10124, stack(0x0000000018e40000,0x0000000018f40000)]
  0x0000000002b8e800 JavaThread "Finalizer" daemon [_thread_blocked, id=10924, stack(0x0000000018c40000,0x0000000018d40000)]
  0x000000001694c800 JavaThread "Reference Handler" daemon [_thread_blocked, id=6352, stack(0x0000000018b40000,0x0000000018c40000)]
  0x000000000297e800 JavaThread "main" [_thread_blocked, id=11856, stack(0x0000000002990000,0x0000000002a90000)]

Other Threads:
  0x0000000016948000 VMThread [stack: 0x0000000018640000,0x0000000018740000] [id=4788]
  0x00000000187c7000 WatcherThread [stack: 0x0000000019540000,0x0000000019640000] [id=12896]

VM state:not at safepoint (normal execution)

VM Mutex/Monitor currently owned by a thread: None

heap address: 0x00000000a0000000, size: 1536 MB, Compressed Oops mode: 32-bit
Narrow klass base: 0x0000000000000000, Narrow klass shift: 3
Compressed class space size: 1073741824 Address: 0x0000000100000000

Heap:
 PSYoungGen      total 71680K, used 8650K [0x00000000e0000000, 0x00000000e4b00000, 0x0000000100000000)
  eden space 66560K, 5% used [0x00000000e0000000,0x00000000e0376828,0x00000000e4100000)
  from space 5120K, 99% used [0x00000000e4100000,0x00000000e45fc030,0x00000000e4600000)
  to   space 5120K, 0% used [0x00000000e4600000,0x00000000e4600000,0x00000000e4b00000)
 ParOldGen       total 87552K, used 5451K [0x00000000a0000000, 0x00000000a5580000, 0x00000000e0000000)
  object space 87552K, 6% used [0x00000000a0000000,0x00000000a0552d70,0x00000000a5580000)
 Metaspace       used 16259K, capacity 16700K, committed 16896K, reserved 1062912K
  class space    used 2308K, capacity 2460K, committed 2560K, reserved 1048576K

Card table byte_map: [0x0000000011f50000,0x0000000012260000] byte_map_base: 0x0000000011a50000

Marking Bits: (ParMarkBitMap*) 0x0000000056038f30
 Begin Bits: [0x0000000012c60000, 0x0000000014460000)
 End Bits:   [0x0000000014460000, 0x0000000015c60000)

Polling page: 0x00000000007f0000

CodeCache: size=245760Kb used=5306Kb max_used=5317Kb free=240453Kb
 bounds [0x0000000002b90000, 0x00000000030d0000, 0x0000000011b90000]
 total_blobs=1944 nmethods=1546 adapters=311
 compilation: enabled

Compilation events (10 events):
Event: 5.446 Thread 0x000000001877d800 nmethod 1545 0x00000000030b4590 code [0x00000000030b4740, 0x00000000030b4de8]
Event: 5.447 Thread 0x000000001877d800 1546       3       sun.misc.ProxyGenerator$ConstantPool::getMethodRef (33 bytes)
Event: 5.448 Thread 0x000000001877d800 nmethod 1546 0x00000000030b2a50 code [0x00000000030b2ce0, 0x00000000030b3a88]
Event: 5.448 Thread 0x000000001877d800 1547       3       sun.misc.ProxyGenerator::access$900 (5 bytes)
Event: 5.448 Thread 0x000000001877d800 nmethod 1547 0x00000000030b2590 code [0x00000000030b2700, 0x00000000030b2968]
Event: 5.449 Thread 0x000000001877d800 1548       1       com.google.common.collect.RegularImmutableList::size (5 bytes)
Event: 5.449 Thread 0x000000001877d800 nmethod 1548 0x00000000030b88d0 code [0x00000000030b8a20, 0x00000000030b8b30]
Event: 5.452 Thread 0x0000000018783800 nmethod 1540 0x00000000030c1610 code [0x00000000030c17e0, 0x00000000030c2d68]
Event: 5.452 Thread 0x0000000018783800 1542       4       java.lang.ref.ReferenceQueue::reallyPoll (65 bytes)
Event: 5.454 Thread 0x0000000018783800 nmethod 1542 0x00000000030b8610 code [0x00000000030b8740, 0x00000000030b8878]

GC Heap History (6 events):
Event: 1.569 GC heap before
{Heap before GC invocations=1 (full 0):
 PSYoungGen      total 38400K, used 33280K [0x00000000e0000000, 0x00000000e2a80000, 0x0000000100000000)
  eden space 33280K, 100% used [0x00000000e0000000,0x00000000e2080000,0x00000000e2080000)
  from space 5120K, 0% used [0x00000000e2580000,0x00000000e2580000,0x00000000e2a80000)
  to   space 5120K, 0% used [0x00000000e2080000,0x00000000e2080000,0x00000000e2580000)
 ParOldGen       total 87552K, used 0K [0x00000000a0000000, 0x00000000a5580000, 0x00000000e0000000)
  object space 87552K, 0% used [0x00000000a0000000,0x00000000a0000000,0x00000000a5580000)
 Metaspace       used 6959K, capacity 7194K, committed 7424K, reserved 1056768K
  class space    used 851K, capacity 910K, committed 1024K, reserved 1048576K
Event: 1.593 GC heap after
Heap after GC invocations=1 (full 0):
 PSYoungGen      total 38400K, used 4269K [0x00000000e0000000, 0x00000000e4b00000, 0x0000000100000000)
  eden space 33280K, 0% used [0x00000000e0000000,0x00000000e0000000,0x00000000e2080000)
  from space 5120K, 83% used [0x00000000e2080000,0x00000000e24ab428,0x00000000e2580000)
  to   space 5120K, 0% used [0x00000000e4600000,0x00000000e4600000,0x00000000e4b00000)
 ParOldGen       total 87552K, used 8K [0x00000000a0000000, 0x00000000a5580000, 0x00000000e0000000)
  object space 87552K, 0% used [0x00000000a0000000,0x00000000a0002000,0x00000000a5580000)
 Metaspace       used 6959K, capacity 7194K, committed 7424K, reserved 1056768K
  class space    used 851K, capacity 910K, committed 1024K, reserved 1048576K
}
Event: 2.530 GC heap before
{Heap before GC invocations=2 (full 0):
 PSYoungGen      total 38400K, used 37549K [0x00000000e0000000, 0x00000000e4b00000, 0x0000000100000000)
  eden space 33280K, 100% used [0x00000000e0000000,0x00000000e2080000,0x00000000e2080000)
  from space 5120K, 83% used [0x00000000e2080000,0x00000000e24ab428,0x00000000e2580000)
  to   space 5120K, 0% used [0x00000000e4600000,0x00000000e4600000,0x00000000e4b00000)
 ParOldGen       total 87552K, used 8K [0x00000000a0000000, 0x00000000a5580000, 0x00000000e0000000)
  object space 87552K, 0% used [0x00000000a0000000,0x00000000a0002000,0x00000000a5580000)
 Metaspace       used 8964K, capacity 9214K, committed 9472K, reserved 1056768K
  class space    used 1170K, capacity 1261K, committed 1280K, reserved 1048576K
Event: 2.545 GC heap after
Heap after GC invocations=2 (full 0):
 PSYoungGen      total 71680K, used 4500K [0x00000000e0000000, 0x00000000e4b00000, 0x0000000100000000)
  eden space 66560K, 0% used [0x00000000e0000000,0x00000000e0000000,0x00000000e4100000)
  from space 5120K, 87% used [0x00000000e4600000,0x00000000e4a653a8,0x00000000e4b00000)
  to   space 5120K, 0% used [0x00000000e4100000,0x00000000e4100000,0x00000000e4600000)
 ParOldGen       total 87552K, used 16K [0x00000000a0000000, 0x00000000a5580000, 0x00000000e0000000)
  object space 87552K, 0% used [0x00000000a0000000,0x00000000a0004000,0x00000000a5580000)
 Metaspace       used 8964K, capacity 9214K, committed 9472K, reserved 1056768K
  class space    used 1170K, capacity 1261K, committed 1280K, reserved 1048576K
}
Event: 5.371 GC heap before
{Heap before GC invocations=3 (full 0):
 PSYoungGen      total 71680K, used 71060K [0x00000000e0000000, 0x00000000e4b00000, 0x0000000100000000)
  eden space 66560K, 100% used [0x00000000e0000000,0x00000000e4100000,0x00000000e4100000)
  from space 5120K, 87% used [0x00000000e4600000,0x00000000e4a653a8,0x00000000e4b00000)
  to   space 5120K, 0% used [0x00000000e4100000,0x00000000e4100000,0x00000000e4600000)
 ParOldGen       total 87552K, used 16K [0x00000000a0000000, 0x00000000a5580000, 0x00000000e0000000)
  object space 87552K, 0% used [0x00000000a0000000,0x00000000a0004000,0x00000000a5580000)
 Metaspace       used 15760K, capacity 16188K, committed 16256K, reserved 1062912K
  class space    used 2248K, capacity 2396K, committed 2432K, reserved 1048576K
Event: 5.420 GC heap after
Heap after GC invocations=3 (full 0):
 PSYoungGen      total 71680K, used 5104K [0x00000000e0000000, 0x00000000e4b00000, 0x0000000100000000)
  eden space 66560K, 0% used [0x00000000e0000000,0x00000000e0000000,0x00000000e4100000)
  from space 5120K, 99% used [0x00000000e4100000,0x00000000e45fc030,0x00000000e4600000)
  to   space 5120K, 0% used [0x00000000e4600000,0x00000000e4600000,0x00000000e4b00000)
 ParOldGen       total 87552K, used 5451K [0x00000000a0000000, 0x00000000a5580000, 0x00000000e0000000)
  object space 87552K, 6% used [0x00000000a0000000,0x00000000a0552d70,0x00000000a5580000)
 Metaspace       used 15760K, capacity 16188K, committed 16256K, reserved 1062912K
  class space    used 2248K, capacity 2396K, committed 2432K, reserved 1048576K
}

Deoptimization events (10 events):
Event: 3.087 Thread 0x000000000297e800 Uncommon trap: reason=unstable_if action=reinterpret pc=0x0000000002ee3468 method=java.io.WinNTFileSystem.normalize(Ljava/lang/String;II)Ljava/lang/String; @ 90
Event: 3.898 Thread 0x0000000018a5e000 Uncommon trap: reason=unstable_if action=reinterpret pc=0x0000000002f53eb0 method=java.util.concurrent.ConcurrentHashMap.putVal(Ljava/lang/Object;Ljava/lang/Object;Z)Ljava/lang/Object; @ 206
Event: 4.049 Thread 0x000000001a94d800 Uncommon trap: reason=bimorphic action=maybe_recompile pc=0x0000000002e11b64 method=java.util.HashMap.putVal(ILjava/lang/Object;Ljava/lang/Object;ZZ)Ljava/lang/Object; @ 253
Event: 4.049 Thread 0x000000001a94d800 Uncommon trap: reason=bimorphic action=maybe_recompile pc=0x0000000002e11b64 method=java.util.HashMap.putVal(ILjava/lang/Object;Ljava/lang/Object;ZZ)Ljava/lang/Object; @ 253
Event: 4.049 Thread 0x000000001a94d800 Uncommon trap: reason=bimorphic action=maybe_recompile pc=0x0000000002e11b64 method=java.util.HashMap.putVal(ILjava/lang/Object;Ljava/lang/Object;ZZ)Ljava/lang/Object; @ 253
Event: 4.496 Thread 0x000000001a94d800 Uncommon trap: reason=class_check action=maybe_recompile pc=0x0000000002e703d8 method=java.util.regex.Matcher.match(II)Z @ 86
Event: 4.521 Thread 0x000000001a94d800 Uncommon trap: reason=class_check action=maybe_recompile pc=0x0000000002e703d8 method=java.util.regex.Matcher.match(II)Z @ 86
Event: 4.522 Thread 0x000000001a94d800 Uncommon trap: reason=class_check action=maybe_recompile pc=0x0000000002e703d8 method=java.util.regex.Matcher.match(II)Z @ 86
Event: 4.522 Thread 0x000000001a94d800 Uncommon trap: reason=class_check action=maybe_recompile pc=0x0000000002e2659c method=java.util.regex.Matcher.match(II)Z @ 86
Event: 5.203 Thread 0x000000001a94d800 Uncommon trap: reason=unstable_if action=reinterpret pc=0x0000000002f4d934 method=java.lang.String.lastIndexOf([CII[CIII)I @ 66

Classes redefined (0 events):
No events

Internal exceptions (10 events):
Event: 3.906 Thread 0x0000000018a5e000 Exception <a 'java/lang/NoSuchMethodError': <clinit>> (0x00000000e0b42ef0) thrown at [D:\j\worksp~1\openjd~3\jdk8u\hotspot\src\share\vm\prims\jni.cpp, line 1614]
Event: 3.913 Thread 0x0000000018a5e000 Exception <a 'java/lang/NoSuchMethodError': <clinit>> (0x00000000e0b560b0) thrown at [D:\j\worksp~1\openjd~3\jdk8u\hotspot\src\share\vm\prims\jni.cpp, line 1614]
Event: 3.937 Thread 0x0000000018a5e000 Exception <a 'java/lang/NoSuchMethodError': <clinit>> (0x00000000e0b7d4a8) thrown at [D:\j\worksp~1\openjd~3\jdk8u\hotspot\src\share\vm\prims\jni.cpp, line 1614]
Event: 3.942 Thread 0x0000000018a5e000 Exception <a 'java/lang/NoSuchMethodError': <clinit>> (0x00000000e0b954d8) thrown at [D:\j\worksp~1\openjd~3\jdk8u\hotspot\src\share\vm\prims\jni.cpp, line 1614]
Event: 3.944 Thread 0x0000000018a5e000 Exception <a 'java/lang/NoSuchMethodError': <clinit>> (0x00000000e0b9e168) thrown at [D:\j\worksp~1\openjd~3\jdk8u\hotspot\src\share\vm\prims\jni.cpp, line 1614]
Event: 3.947 Thread 0x0000000018a5e000 Exception <a 'java/lang/NoSuchMethodError': <clinit>> (0x00000000e0bb4710) thrown at [D:\j\worksp~1\openjd~3\jdk8u\hotspot\src\share\vm\prims\jni.cpp, line 1614]
Event: 3.961 Thread 0x0000000018a5e000 Exception <a 'java/lang/NoSuchMethodError': <clinit>> (0x00000000e0c11968) thrown at [D:\j\worksp~1\openjd~3\jdk8u\hotspot\src\share\vm\prims\jni.cpp, line 1614]
Event: 3.972 Thread 0x0000000018a5e000 Exception <a 'java/lang/NoSuchMethodError': <clinit>> (0x00000000e0c3e6f8) thrown at [D:\j\worksp~1\openjd~3\jdk8u\hotspot\src\share\vm\prims\jni.cpp, line 1614]
Event: 3.980 Thread 0x0000000018a5e000 Exception <a 'java/lang/NoSuchMethodError': <clinit>> (0x00000000e0c6c6e0) thrown at [D:\j\worksp~1\openjd~3\jdk8u\hotspot\src\share\vm\prims\jni.cpp, line 1614]
Event: 3.981 Thread 0x0000000018a5e000 Exception <a 'java/lang/NoSuchMethodError': <clinit>> (0x00000000e0c77ae8) thrown at [D:\j\worksp~1\openjd~3\jdk8u\hotspot\src\share\vm\prims\jni.cpp, line 1614]

Events (10 events):
Event: 5.514 loading class org/objectweb/asm/ByteVector
Event: 5.514 loading class org/objectweb/asm/ByteVector done
Event: 5.532 loading class org/objectweb/asm/MethodTooLargeException
Event: 5.532 loading class org/objectweb/asm/MethodTooLargeException done
Event: 5.536 loading class org/objectweb/asm/Frame
Event: 5.536 loading class org/objectweb/asm/Frame done
Event: 5.537 loading class org/objectweb/asm/CurrentFrame
Event: 5.537 loading class org/objectweb/asm/CurrentFrame done
Event: 5.540 loading class org/objectweb/asm/Label
Event: 5.540 loading class org/objectweb/asm/Label done


Dynamic libraries:
0x00007ff708250000 - 0x00007ff708285000 	C:\Program Files\Android\jdk\microsoft_dist_openjdk_1.8.0.25\bin\java.exe
0x00007ffd32da0000 - 0x00007ffd32f81000 	C:\Windows\SYSTEM32\ntdll.dll
0x00007ffd303a0000 - 0x00007ffd30451000 	C:\Windows\System32\KERNEL32.DLL
0x00007ffd2fc70000 - 0x00007ffd2fee3000 	C:\Windows\System32\KERNELBASE.dll
0x00007ffd30700000 - 0x00007ffd307a1000 	C:\Windows\System32\ADVAPI32.dll
0x00007ffd308e0000 - 0x00007ffd3097e000 	C:\Windows\System32\msvcrt.dll
0x00007ffd307d0000 - 0x00007ffd3082b000 	C:\Windows\System32\sechost.dll
0x00007ffd31250000 - 0x00007ffd31374000 	C:\Windows\System32\RPCRT4.dll
0x00007ffd32bd0000 - 0x00007ffd32d60000 	C:\Windows\System32\USER32.dll
0x00007ffd30200000 - 0x00007ffd30220000 	C:\Windows\System32\win32u.dll
0x00007ffd32ba0000 - 0x00007ffd32bc8000 	C:\Windows\System32\GDI32.dll
0x00007ffd2f9c0000 - 0x00007ffd2fb51000 	C:\Windows\System32\gdi32full.dll
0x00007ffd30160000 - 0x00007ffd301ff000 	C:\Windows\System32\msvcp_win.dll
0x00007ffd2f8c0000 - 0x00007ffd2f9b8000 	C:\Windows\System32\ucrtbase.dll
0x00007ffd13870000 - 0x00007ffd13ad9000 	C:\Windows\WinSxS\amd64_microsoft.windows.common-controls_6595b64144ccf1df_6.0.17134.1246_none_d3ffb9d77c90723d\COMCTL32.dll
0x00007ffd30ad0000 - 0x00007ffd30df1000 	C:\Windows\System32\combase.dll
0x00007ffd2fef0000 - 0x00007ffd2ff69000 	C:\Windows\System32\bcryptPrimitives.dll
0x00007ffd32a90000 - 0x00007ffd32abd000 	C:\Windows\System32\IMM32.DLL
0x00000000560c0000 - 0x0000000056191000 	C:\Program Files\Android\jdk\microsoft_dist_openjdk_1.8.0.25\jre\bin\msvcr100.dll
0x0000000055870000 - 0x00000000560b5000 	C:\Program Files\Android\jdk\microsoft_dist_openjdk_1.8.0.25\jre\bin\server\jvm.dll
0x00007ffd32ac0000 - 0x00007ffd32ac8000 	C:\Windows\System32\PSAPI.DLL
0x00007ffd17240000 - 0x00007ffd17249000 	C:\Windows\SYSTEM32\WSOCK32.dll
0x00007ffd29d10000 - 0x00007ffd29d33000 	C:\Windows\SYSTEM32\WINMM.dll
0x00007ffd26bd0000 - 0x00007ffd26bda000 	C:\Windows\SYSTEM32\VERSION.dll
0x00007ffd32ad0000 - 0x00007ffd32b3c000 	C:\Windows\System32\WS2_32.dll
0x00007ffd29bb0000 - 0x00007ffd29bda000 	C:\Windows\SYSTEM32\WINMMBASE.dll
0x00007ffd2f870000 - 0x00007ffd2f8b9000 	C:\Windows\System32\cfgmgr32.dll
0x00007ffd1b2c0000 - 0x00007ffd1b2cf000 	C:\Program Files\Android\jdk\microsoft_dist_openjdk_1.8.0.25\jre\bin\verify.dll
0x00007ffce9fe0000 - 0x00007ffcea009000 	C:\Program Files\Android\jdk\microsoft_dist_openjdk_1.8.0.25\jre\bin\java.dll
0x00007ffcf23b0000 - 0x00007ffcf23c6000 	C:\Program Files\Android\jdk\microsoft_dist_openjdk_1.8.0.25\jre\bin\zip.dll
0x00007ffd31380000 - 0x00007ffd327c5000 	C:\Windows\System32\SHELL32.dll
0x00007ffd30830000 - 0x00007ffd308d9000 	C:\Windows\System32\shcore.dll
0x00007ffd2f160000 - 0x00007ffd2f870000 	C:\Windows\System32\windows.storage.dll
0x00007ffd32930000 - 0x00007ffd32981000 	C:\Windows\System32\shlwapi.dll
0x00007ffd2f100000 - 0x00007ffd2f111000 	C:\Windows\System32\kernel.appcore.dll
0x00007ffd2f140000 - 0x00007ffd2f15f000 	C:\Windows\System32\profapi.dll
0x00007ffd2f0a0000 - 0x00007ffd2f0ec000 	C:\Windows\System32\powrprof.dll
0x00007ffd2f0f0000 - 0x00007ffd2f0fa000 	C:\Windows\System32\FLTLIB.DLL
0x00007ffcf1660000 - 0x00007ffcf167a000 	C:\Program Files\Android\jdk\microsoft_dist_openjdk_1.8.0.25\jre\bin\net.dll
0x00007ffd2e920000 - 0x00007ffd2e986000 	C:\Windows\system32\mswsock.dll
0x00007ffcf0a00000 - 0x00007ffcf0a11000 	C:\Program Files\Android\jdk\microsoft_dist_openjdk_1.8.0.25\jre\bin\nio.dll
0x00007ffcea010000 - 0x00007ffcea036000 	C:\Users\acer\.gradle\native\29\windows-amd64\native-platform.dll
0x00007ffd1ae20000 - 0x00007ffd1ae2d000 	C:\Program Files\Android\jdk\microsoft_dist_openjdk_1.8.0.25\jre\bin\management.dll
0x00007ffd2ead0000 - 0x00007ffd2eae7000 	C:\Windows\SYSTEM32\CRYPTSP.dll
0x00007ffd2e4d0000 - 0x00007ffd2e503000 	C:\Windows\system32\rsaenh.dll
0x00007ffd2ec00000 - 0x00007ffd2ec25000 	C:\Windows\SYSTEM32\bcrypt.dll
0x00007ffd2efa0000 - 0x00007ffd2efc8000 	C:\Windows\SYSTEM32\USERENV.dll
0x00007ffd2eaf0000 - 0x00007ffd2eafb000 	C:\Windows\SYSTEM32\CRYPTBASE.dll
0x00007ffd2e670000 - 0x00007ffd2e6a8000 	C:\Windows\SYSTEM32\IPHLPAPI.DLL
0x00007ffd32d60000 - 0x00007ffd32d68000 	C:\Windows\System32\NSI.dll
0x00007ffd27f20000 - 0x00007ffd27f36000 	C:\Windows\SYSTEM32\dhcpcsvc6.DLL
0x00007ffd27f00000 - 0x00007ffd27f1a000 	C:\Windows\SYSTEM32\dhcpcsvc.DLL

VM Arguments:
jvm_args: -Xmx1536m -Dfile.encoding=windows-1251 -Duser.country=RU -Duser.language=ru -Duser.variant 
java_command: org.gradle.launcher.daemon.bootstrap.GradleDaemon 5.4.1
java_class_path (initial): C:\Users\acer\.gradle\wrapper\dists\gradle-5.4.1-all\3221gyojl5jsh0helicew7rwx\gradle-5.4.1\lib\gradle-launcher-5.4.1.jar
Launcher Type: SUN_STANDARD

Environment Variables:
JAVA_HOME=C:\Program Files\Android\Jdk\microsoft_dist_openjdk_1.8.0.25
PATH=C:\Program Files\Microsoft MPI\Bin\;C:\Program Files (x86)\Common Files\Oracle\Java\javapath;C:\Program Files (x86)\Intel\iCLS Client\;C:\Program Files\Intel\iCLS Client\;C:\Windows\system32;C:\Windows;C:\Windows\System32\Wbem;C:\Windows\System32\WindowsPowerShell\v1.0\;C:\Windows\System32\OpenSSH\;C:\Program Files\Intel\WiFi\bin\;C:\Program Files\Common Files\Intel\WirelessCommon\;C:\Program Files (x86)\Intel\Intel(R) Management Engine Components\DAL;C:\Program Files\Intel\Intel(R) Management Engine Components\DAL;C:\Program Files (x86)\Intel\Intel(R) Management Engine Components\IPT;C:\Program Files\Intel\Intel(R) Management Engine Components\IPT;C:\Program Files\Microsoft SQL Server\110\Tools\Binn\;C:\Program Files\Microsoft SQL Server\120\Tools\Binn\;C:\Program Files\dotnet\;C:\Program Files\Microsoft SQL Server\130\Tools\Binn\;C:\Program Files\Microsoft SQL Server\Client SDK\ODBC\170\Tools\Binn\;C:\Program Files (x86)\Microsoft SQL Server\130\Tools\Binn\;C:\Program Files (x86)\Microsoft SQL Server\130\DTS\Binn\;C:\Program Files\Microsoft SQL Server\130\DTS\Binn\;C:\Program Files\Microsoft SQL Server\Client SDK\ODBC\130\Tools\Binn\;C:\Program Files (x86)\Microsoft SQL Server\150\DTS\Binn\;C:\Program Files\MySQL\MySQL Shell 8.0\bin\;C:\Users\acer\AppData\Local\Microsoft\WindowsApps;C:\Program Files\Intel\WiFi\bin\;C:\Program Files\Common Files\Intel\WirelessCommon\
USERNAME=acer
OS=Windows_NT
PROCESSOR_IDENTIFIER=Intel64 Family 6 Model 142 Stepping 10, GenuineIntel



---------------  S Y S T E M  ---------------

OS: Windows 10.0 , 64 bit Build 17134 (10.0.17134.753)

CPU:total 8 (initial active 8) (4 cores per cpu, 2 threads per core) family 6 model 142 stepping 10, cmov, cx8, fxsr, mmx, sse, sse2, sse3, ssse3, sse4.1, sse4.2, popcnt, avx, avx2, aes, clmul, erms, 3dnowpref, lzcnt, ht, tsc, tscinvbit, bmi1, bmi2, adx

Memory: 4k page, physical 8262884k(1183820k free), swap 10310884k(6280k free)

vm_info: OpenJDK 64-Bit Server VM (25.71-b00) for windows-amd64 JRE (1.8.0-25-microsoft-b00), built on Feb  7 2019 20:09:14 by "builder" with MS VC++ 10.0 (VS2010)

time: Thu Apr 16 23:25:31 2020
timezone: Финляндия (лето)
elapsed time: 5 seconds (0d 0h 0m 5s)

