#
# There is insufficient memory for the Java Runtime Environment to continue.
# Native memory allocation (malloc) failed to allocate 190656 bytes for Chunk::new
# Possible reasons:
#   The system is out of physical RAM or swap space
#   The process is running with CompressedOops enabled, and the Java Heap may be blocking the growth of the native heap
# Possible solutions:
#   Reduce memory load on the system
#   Increase physical memory or swap space
#   Check if swap backing store is full
#   Decrease Java heap size (-Xmx/-Xms)
#   Decrease number of Java threads
#   Decrease Java thread stack sizes (-Xss)
#   Set larger code cache with -XX:ReservedCodeCacheSize=
#   JVM is running with Unscaled Compressed Oops mode in which the Java heap is
#     placed in the first 4GB address space. The Java Heap base address is the
#     maximum limit for the native heap growth. Please use -XX:HeapBaseMinAddress
#     to set the Java Heap base and to place the Java Heap above 4GB virtual address.
# This output file may be truncated or incomplete.
#
#  Out of Memory Error (allocation.cpp:389), pid=7792, tid=0x00000000000010d4
#
# JRE version: OpenJDK Runtime Environment (8.0) (build 1.8.0-25-microsoft-b00)
# Java VM: OpenJDK 64-Bit Server VM (25.71-b00 mixed mode windows-amd64 compressed oops)
# Failed to write core dump. Minidumps are not enabled by default on client versions of Windows
#

---------------  T H R E A D  ---------------

Current thread (0x0000000018203800):  JavaThread "C2 CompilerThread1" daemon [_thread_in_native, id=4308, stack(0x0000000018bd0000,0x0000000018cd0000)]

Stack: [0x0000000018bd0000,0x0000000018cd0000]
[error occurred during error reporting (printing stack bounds), id 0xc0000005]

Native frames: (J=compiled Java code, j=interpreted, Vv=VM code, C=native code)


Current CompileTask:
C2:   1993 1651   !   4       java.lang.ClassLoader::loadClass (122 bytes)


---------------  P R O C E S S  ---------------

Java Threads: ( => current thread )
  0x00000000191ba800 JavaThread "Cache worker for journal cache (C:\Users\acer\.gradle\caches\journal-1)" [_thread_blocked, id=15648, stack(0x000000001ce00000,0x000000001cf00000)]
  0x00000000191be800 JavaThread "File lock request listener" [_thread_in_native, id=5424, stack(0x000000001cd00000,0x000000001ce00000)]
  0x000000001a70d000 JavaThread "Cache worker for file hash cache (C:\Users\acer\.gradle\caches\5.4.1\fileHashes)" [_thread_blocked, id=7044, stack(0x000000001cc00000,0x000000001cd00000)]
  0x000000001a4ec000 JavaThread "Thread-9" [_thread_blocked, id=15080, stack(0x000000001bb30000,0x000000001bc30000)]
  0x00000000192cd800 JavaThread "Stdin handler" [_thread_blocked, id=9244, stack(0x000000001ba30000,0x000000001bb30000)]
  0x00000000192cc800 JavaThread "Asynchronous log dispatcher for DefaultDaemonConnection: socket connection from /127.0.0.1:56388 to /127.0.0.1:56389" [_thread_blocked, id=4120, stack(0x000000001b930000,0x000000001ba30000)]
  0x000000001a47e000 JavaThread "Daemon worker" [_thread_in_Java, id=5728, stack(0x000000001b730000,0x000000001b830000)]
  0x000000001a1c5000 JavaThread "Cancel handler" [_thread_blocked, id=13904, stack(0x000000001b630000,0x000000001b730000)]
  0x0000000019349800 JavaThread "Handler for socket connection from /127.0.0.1:56388 to /127.0.0.1:56389" [_thread_in_native, id=14688, stack(0x000000001b330000,0x000000001b430000)]
  0x000000001934a800 JavaThread "Daemon" [_thread_blocked, id=9684, stack(0x000000001b230000,0x000000001b330000)]
  0x0000000019358800 JavaThread "Daemon periodic checks" [_thread_blocked, id=12888, stack(0x000000001b130000,0x000000001b230000)]
  0x0000000019162800 JavaThread "Incoming local TCP Connector on port 56388" [_thread_in_native, id=3500, stack(0x000000001aee0000,0x000000001afe0000)]
  0x000000001a3d4800 JavaThread "Daemon health stats" [_thread_blocked, id=14580, stack(0x000000001a8a0000,0x000000001a9a0000)]
  0x0000000018221000 JavaThread "Service Thread" daemon [_thread_blocked, id=7560, stack(0x0000000018ed0000,0x0000000018fd0000)]
  0x0000000018210000 JavaThread "C1 CompilerThread3" daemon [_thread_blocked, id=16576, stack(0x0000000018dd0000,0x0000000018ed0000)]
  0x000000001820b000 JavaThread "C2 CompilerThread2" daemon [_thread_in_native, id=17396, stack(0x0000000018cd0000,0x0000000018dd0000)]
=>0x0000000018203800 JavaThread "C2 CompilerThread1" daemon [_thread_in_native, id=4308, stack(0x0000000018bd0000,0x0000000018cd0000)]
  0x0000000018201800 JavaThread "C2 CompilerThread0" daemon [_thread_in_native, id=16492, stack(0x0000000018ad0000,0x0000000018bd0000)]
  0x0000000018200800 JavaThread "Attach Listener" daemon [_thread_blocked, id=3008, stack(0x00000000189d0000,0x0000000018ad0000)]
  0x000000001641e800 JavaThread "Signal Dispatcher" daemon [_thread_blocked, id=16656, stack(0x00000000188d0000,0x00000000189d0000)]
  0x0000000002649800 JavaThread "Finalizer" daemon [_thread_blocked, id=1256, stack(0x00000000186d0000,0x00000000187d0000)]
  0x0000000002646000 JavaThread "Reference Handler" daemon [_thread_blocked, id=15436, stack(0x00000000185d0000,0x00000000186d0000)]
  0x000000000254e800 JavaThread "main" [_thread_blocked, id=17076, stack(0x00000000023d0000,0x00000000024d0000)]

Other Threads:
  0x0000000016408000 VMThread [stack: 0x00000000180d0000,0x00000000181d0000] [id=5672]
  0x0000000018221800 WatcherThread [stack: 0x0000000018fd0000,0x00000000190d0000] [id=8560]

VM state:at safepoint (normal execution)

VM Mutex/Monitor currently owned by a thread:  ([mutex/lock_event])
[0x000000000254d370] Threads_lock - owner thread: 0x0000000016408000
[0x0000000002551a50] Compile_lock - owner thread: 0x000000001a47e000

OutOfMemory and StackOverflow Exception counts:
OutOfMemoryError java_heap_errors=4

heap address: 0x00000000a0000000, size: 1536 MB, Compressed Oops mode: 32-bit
Narrow klass base: 0x0000000000000000, Narrow klass shift: 3
Compressed class space size: 1073741824 Address: 0x0000000100000000

Heap:
 PSYoungGen      total 38400K, used 30814K [0x00000000e0000000, 0x00000000e4b00000, 0x0000000100000000)
  eden space 33280K, 77% used [0x00000000e0000000,0x00000000e191b878,0x00000000e2080000)
  from space 5120K, 99% used [0x00000000e2580000,0x00000000e2a7c030,0x00000000e2a80000)
  to   space 5120K, 0% used [0x00000000e2080000,0x00000000e2080000,0x00000000e2580000)
 ParOldGen       total 87552K, used 5301K [0x00000000a0000000, 0x00000000a5580000, 0x00000000e0000000)
  object space 87552K, 6% used [0x00000000a0000000,0x00000000a052d760,0x00000000a5580000)
 Metaspace       used 18537K, capacity 19058K, committed 19328K, reserved 1064960K
  class space    used 2692K, capacity 2893K, committed 2944K, reserved 1048576K

Card table byte_map: [0x0000000011a10000,0x0000000011d20000] byte_map_base: 0x0000000011510000

Marking Bits: (ParMarkBitMap*) 0x0000000056038f30
 Begin Bits: [0x0000000012720000, 0x0000000013f20000)
 End Bits:   [0x0000000013f20000, 0x0000000015720000)

Polling page: 0x00000000006d0000

CodeCache: size=245760Kb used=5525Kb max_used=5525Kb free=240234Kb
 bounds [0x0000000002650000, 0x0000000002bc0000, 0x0000000011650000]
 total_blobs=2065 nmethods=1652 adapters=326
 compilation: enabled

Compilation events (10 events):
Event: 1.987 Thread 0x0000000018210000 1654       3       sun.misc.PerfCounter::addTime (6 bytes)
Event: 1.987 Thread 0x0000000018210000 nmethod 1654 0x0000000002bb6a50 code [0x0000000002bb6be0, 0x0000000002bb72d8]
Event: 1.987 Thread 0x0000000018210000 1655       3       sun.misc.PerfCounter::getFindClassTime (4 bytes)
Event: 1.987 Thread 0x0000000018210000 nmethod 1655 0x0000000002bb7650 code [0x0000000002bb77a0, 0x0000000002bb78d0]
Event: 1.987 Thread 0x0000000018210000 1656       3       sun.misc.PerfCounter::getFindClasses (4 bytes)
Event: 1.987 Thread 0x0000000018210000 nmethod 1656 0x0000000002bb7950 code [0x0000000002bb7aa0, 0x0000000002bb7bd0]
Event: 1.990 Thread 0x0000000018210000 1657       3       java.util.Hashtable$Enumerator::hasMoreElements (53 bytes)
Event: 1.990 Thread 0x0000000018210000 nmethod 1657 0x0000000002bb7c50 code [0x0000000002bb7dc0, 0x0000000002bb8090]
Event: 1.991 Thread 0x0000000018210000 1658       1       java.lang.StackTraceElement::getClassName (5 bytes)
Event: 1.991 Thread 0x0000000018210000 nmethod 1658 0x0000000002bb81d0 code [0x0000000002bb8320, 0x0000000002bb8430]

GC Heap History (8 events):
Event: 0.585 GC heap before
{Heap before GC invocations=1 (full 0):
 PSYoungGen      total 38400K, used 33280K [0x00000000e0000000, 0x00000000e2a80000, 0x0000000100000000)
  eden space 33280K, 100% used [0x00000000e0000000,0x00000000e2080000,0x00000000e2080000)
  from space 5120K, 0% used [0x00000000e2580000,0x00000000e2580000,0x00000000e2a80000)
  to   space 5120K, 0% used [0x00000000e2080000,0x00000000e2080000,0x00000000e2580000)
 ParOldGen       total 87552K, used 0K [0x00000000a0000000, 0x00000000a5580000, 0x00000000e0000000)
  object space 87552K, 0% used [0x00000000a0000000,0x00000000a0000000,0x00000000a5580000)
 Metaspace       used 6954K, capacity 7190K, committed 7424K, reserved 1056768K
  class space    used 851K, capacity 910K, committed 1024K, reserved 1048576K
Event: 0.589 GC heap after
Heap after GC invocations=1 (full 0):
 PSYoungGen      total 38400K, used 4357K [0x00000000e0000000, 0x00000000e2a80000, 0x0000000100000000)
  eden space 33280K, 0% used [0x00000000e0000000,0x00000000e0000000,0x00000000e2080000)
  from space 5120K, 85% used [0x00000000e2080000,0x00000000e24c15c8,0x00000000e2580000)
  to   space 5120K, 0% used [0x00000000e2580000,0x00000000e2580000,0x00000000e2a80000)
 ParOldGen       total 87552K, used 8K [0x00000000a0000000, 0x00000000a5580000, 0x00000000e0000000)
  object space 87552K, 0% used [0x00000000a0000000,0x00000000a0002000,0x00000000a5580000)
 Metaspace       used 6954K, capacity 7190K, committed 7424K, reserved 1056768K
  class space    used 851K, capacity 910K, committed 1024K, reserved 1048576K
}
Event: 0.898 GC heap before
{Heap before GC invocations=2 (full 0):
 PSYoungGen      total 38400K, used 37637K [0x00000000e0000000, 0x00000000e2a80000, 0x0000000100000000)
  eden space 33280K, 100% used [0x00000000e0000000,0x00000000e2080000,0x00000000e2080000)
  from space 5120K, 85% used [0x00000000e2080000,0x00000000e24c15c8,0x00000000e2580000)
  to   space 5120K, 0% used [0x00000000e2580000,0x00000000e2580000,0x00000000e2a80000)
 ParOldGen       total 87552K, used 8K [0x00000000a0000000, 0x00000000a5580000, 0x00000000e0000000)
  object space 87552K, 0% used [0x00000000a0000000,0x00000000a0002000,0x00000000a5580000)
 Metaspace       used 8954K, capacity 9212K, committed 9472K, reserved 1056768K
  class space    used 1170K, capacity 1262K, committed 1280K, reserved 1048576K
Event: 0.901 GC heap after
Heap after GC invocations=2 (full 0):
 PSYoungGen      total 38400K, used 4561K [0x00000000e0000000, 0x00000000e2a80000, 0x0000000100000000)
  eden space 33280K, 0% used [0x00000000e0000000,0x00000000e0000000,0x00000000e2080000)
  from space 5120K, 89% used [0x00000000e2580000,0x00000000e29f4598,0x00000000e2a80000)
  to   space 5120K, 0% used [0x00000000e2080000,0x00000000e2080000,0x00000000e2580000)
 ParOldGen       total 87552K, used 16K [0x00000000a0000000, 0x00000000a5580000, 0x00000000e0000000)
  object space 87552K, 0% used [0x00000000a0000000,0x00000000a0004000,0x00000000a5580000)
 Metaspace       used 8954K, capacity 9212K, committed 9472K, reserved 1056768K
  class space    used 1170K, capacity 1262K, committed 1280K, reserved 1048576K
}
Event: 1.449 GC heap before
{Heap before GC invocations=3 (full 0):
 PSYoungGen      total 38400K, used 37841K [0x00000000e0000000, 0x00000000e2a80000, 0x0000000100000000)
  eden space 33280K, 100% used [0x00000000e0000000,0x00000000e2080000,0x00000000e2080000)
  from space 5120K, 89% used [0x00000000e2580000,0x00000000e29f4598,0x00000000e2a80000)
  to   space 5120K, 0% used [0x00000000e2080000,0x00000000e2080000,0x00000000e2580000)
 ParOldGen       total 87552K, used 16K [0x00000000a0000000, 0x00000000a5580000, 0x00000000e0000000)
  object space 87552K, 0% used [0x00000000a0000000,0x00000000a0004000,0x00000000a5580000)
 Metaspace       used 13378K, capacity 13736K, committed 13824K, reserved 1060864K
  class space    used 1849K, capacity 2002K, committed 2048K, reserved 1048576K
Event: 1.454 GC heap after
Heap after GC invocations=3 (full 0):
 PSYoungGen      total 38400K, used 5089K [0x00000000e0000000, 0x00000000e2a80000, 0x0000000100000000)
  eden space 33280K, 0% used [0x00000000e0000000,0x00000000e0000000,0x00000000e2080000)
  from space 5120K, 99% used [0x00000000e2080000,0x00000000e25784d8,0x00000000e2580000)
  to   space 5120K, 0% used [0x00000000e2580000,0x00000000e2580000,0x00000000e2a80000)
 ParOldGen       total 87552K, used 1990K [0x00000000a0000000, 0x00000000a5580000, 0x00000000e0000000)
  object space 87552K, 2% used [0x00000000a0000000,0x00000000a01f1818,0x00000000a5580000)
 Metaspace       used 13378K, capacity 13736K, committed 13824K, reserved 1060864K
  class space    used 1849K, capacity 2002K, committed 2048K, reserved 1048576K
}
Event: 1.725 GC heap before
{Heap before GC invocations=4 (full 0):
 PSYoungGen      total 38400K, used 38369K [0x00000000e0000000, 0x00000000e2a80000, 0x0000000100000000)
  eden space 33280K, 100% used [0x00000000e0000000,0x00000000e2080000,0x00000000e2080000)
  from space 5120K, 99% used [0x00000000e2080000,0x00000000e25784d8,0x00000000e2580000)
  to   space 5120K, 0% used [0x00000000e2580000,0x00000000e2580000,0x00000000e2a80000)
 ParOldGen       total 87552K, used 1990K [0x00000000a0000000, 0x00000000a5580000, 0x00000000e0000000)
  object space 87552K, 2% used [0x00000000a0000000,0x00000000a01f1818,0x00000000a5580000)
 Metaspace       used 16285K, capacity 16696K, committed 16896K, reserved 1062912K
  class space    used 2317K, capacity 2460K, committed 2560K, reserved 1048576K
Event: 1.732 GC heap after
Heap after GC invocations=4 (full 0):
 PSYoungGen      total 38400K, used 5104K [0x00000000e0000000, 0x00000000e4b00000, 0x0000000100000000)
  eden space 33280K, 0% used [0x00000000e0000000,0x00000000e0000000,0x00000000e2080000)
  from space 5120K, 99% used [0x00000000e2580000,0x00000000e2a7c030,0x00000000e2a80000)
  to   space 5120K, 0% used [0x00000000e2080000,0x00000000e2080000,0x00000000e2580000)
 ParOldGen       total 87552K, used 5301K [0x00000000a0000000, 0x00000000a5580000, 0x00000000e0000000)
  object space 87552K, 6% used [0x00000000a0000000,0x00000000a052d760,0x00000000a5580000)
 Metaspace       used 16285K, capacity 16696K, committed 16896K, reserved 1062912K
  class space    used 2317K, capacity 2460K, committed 2560K, reserved 1048576K
}

Deoptimization events (10 events):
Event: 1.458 Thread 0x000000001a47e000 Uncommon trap: reason=class_check action=maybe_recompile pc=0x00000000028d405c method=java.util.regex.Matcher.match(II)Z @ 86
Event: 1.622 Thread 0x000000001a47e000 Uncommon trap: reason=unstable_if action=reinterpret pc=0x00000000029f2634 method=java.lang.String.lastIndexOf([CII[CIII)I @ 66
Event: 1.841 Thread 0x000000001a47e000 Uncommon trap: reason=unstable_if action=reinterpret pc=0x00000000027b3f88 method=java.net.URI.match(CJJ)Z @ 19
Event: 1.841 Thread 0x000000001a47e000 Uncommon trap: reason=unstable_if action=reinterpret pc=0x000000000289d840 method=java.net.URI.match(CJJ)Z @ 19
Event: 1.841 Thread 0x000000001a47e000 Uncommon trap: reason=unstable_if action=reinterpret pc=0x00000000027b2f08 method=java.net.URI.match(CJJ)Z @ 19
Event: 1.887 Thread 0x000000001a47e000 Uncommon trap: reason=unstable_if action=reinterpret pc=0x0000000002918918 method=java.io.File.getName()Ljava/lang/String; @ 16
Event: 1.955 Thread 0x000000001a47e000 Uncommon trap: reason=bimorphic action=maybe_recompile pc=0x0000000002ae8190 method=java.lang.ClassLoader.loadClass(Ljava/lang/String;Z)Ljava/lang/Class; @ 38
Event: 1.963 Thread 0x000000001a47e000 Uncommon trap: reason=bimorphic action=maybe_recompile pc=0x0000000002ae8190 method=java.lang.ClassLoader.loadClass(Ljava/lang/String;Z)Ljava/lang/Class; @ 38
Event: 1.964 Thread 0x000000001a47e000 Uncommon trap: reason=bimorphic action=maybe_recompile pc=0x0000000002ae8190 method=java.lang.ClassLoader.loadClass(Ljava/lang/String;Z)Ljava/lang/Class; @ 38
Event: 1.964 Thread 0x000000001a47e000 Uncommon trap: reason=bimorphic action=maybe_recompile pc=0x0000000002ae8190 method=java.lang.ClassLoader.loadClass(Ljava/lang/String;Z)Ljava/lang/Class; @ 38

Classes redefined (0 events):
No events

Internal exceptions (10 events):
Event: 1.969 Thread 0x000000001a47e000 Exception <a 'java/lang/NoSuchMethodError': <clinit>> (0x00000000e17a3f28) thrown at [D:\j\worksp~1\openjd~3\jdk8u\hotspot\src\share\vm\prims\jni.cpp, line 1614]
Event: 1.971 Thread 0x000000001a47e000 Exception <a 'java/lang/OutOfMemoryError'> (0x00000000e17aaa48) thrown at [D:\j\worksp~1\openjd~3\jdk8u\hotspot\src\share\vm\prims\jni.cpp, line 736]
Event: 1.971 Thread 0x000000001a47e000 Exception <a 'java/lang/OutOfMemoryError'> (0x00000000e17aaa48) thrown at [D:\j\worksp~1\openjd~3\jdk8u\hotspot\src\share\vm\prims\jvm.cpp, line 1512]
Event: 1.971 Thread 0x000000001a47e000 Exception <a 'java/lang/OutOfMemoryError'> (0x00000000e17aaa48) thrown at [D:\j\worksp~1\openjd~3\jdk8u\hotspot\src\share\vm\prims\jvm.cpp, line 1512]
Event: 1.971 Thread 0x000000001a47e000 Exception <a 'java/lang/OutOfMemoryError'> (0x00000000e17aaa48) thrown at [D:\j\worksp~1\openjd~3\jdk8u\hotspot\src\share\vm\prims\jvm.cpp, line 1512]
Event: 1.976 Thread 0x000000001a4ec000 Exception <a 'java/lang/NoSuchMethodError': <clinit>> (0x00000000e12fff18) thrown at [D:\j\worksp~1\openjd~3\jdk8u\hotspot\src\share\vm\prims\jni.cpp, line 1614]
Event: 1.979 Thread 0x000000001a4ec000 Exception <a 'java/lang/NoSuchMethodError': <clinit>> (0x00000000e1316610) thrown at [D:\j\worksp~1\openjd~3\jdk8u\hotspot\src\share\vm\prims\jni.cpp, line 1614]
Event: 1.979 Thread 0x000000001a4ec000 Exception <a 'java/lang/NoSuchMethodError': <clinit>> (0x00000000e1317970) thrown at [D:\j\worksp~1\openjd~3\jdk8u\hotspot\src\share\vm\prims\jni.cpp, line 1614]
Event: 1.979 Thread 0x000000001a4ec000 Exception <a 'java/lang/NoSuchMethodError': <clinit>> (0x00000000e1318ea8) thrown at [D:\j\worksp~1\openjd~3\jdk8u\hotspot\src\share\vm\prims\jni.cpp, line 1614]
Event: 1.980 Thread 0x000000001a4ec000 Exception <a 'java/lang/NoSuchMethodError': <clinit>> (0x00000000e185b480) thrown at [D:\j\worksp~1\openjd~3\jdk8u\hotspot\src\share\vm\prims\jni.cpp, line 1614]

Events (10 events):
Event: 1.987 loading class org/gradle/api/tasks/TaskExecutionException done
Event: 1.988 loading class org/gradle/internal/exceptions/Contextual
Event: 1.988 loading class org/gradle/internal/exceptions/Contextual done
Event: 1.988 loading class org/gradle/internal/exceptions/LocationAwareException$1
Event: 1.988 loading class org/gradle/internal/exceptions/LocationAwareException$1 done
Event: 1.989 loading class org/codehaus/groovy/runtime/StackTraceUtils
Event: 1.989 loading class org/codehaus/groovy/runtime/StackTraceUtils done
Event: 1.990 loading class org/apache/groovy/util/SystemUtil
Event: 1.990 loading class org/apache/groovy/util/SystemUtil done
Event: 1.991 loading class java/util/logging/LogRecord


Dynamic libraries:
0x00007ff708250000 - 0x00007ff708285000 	C:\Program Files\Android\jdk\microsoft_dist_openjdk_1.8.0.25\bin\java.exe
0x00007ffd32da0000 - 0x00007ffd32f81000 	C:\Windows\SYSTEM32\ntdll.dll
0x00007ffd303a0000 - 0x00007ffd30451000 	C:\Windows\System32\KERNEL32.DLL
0x00007ffd2fc70000 - 0x00007ffd2fee3000 	C:\Windows\System32\KERNELBASE.dll
0x00007ffd30700000 - 0x00007ffd307a1000 	C:\Windows\System32\ADVAPI32.dll
0x00007ffd308e0000 - 0x00007ffd3097e000 	C:\Windows\System32\msvcrt.dll
0x00007ffd307d0000 - 0x00007ffd3082b000 	C:\Windows\System32\sechost.dll
0x00007ffd31250000 - 0x00007ffd31374000 	C:\Windows\System32\RPCRT4.dll
0x00007ffd32bd0000 - 0x00007ffd32d60000 	C:\Windows\System32\USER32.dll
0x00007ffd30200000 - 0x00007ffd30220000 	C:\Windows\System32\win32u.dll
0x00007ffd32ba0000 - 0x00007ffd32bc8000 	C:\Windows\System32\GDI32.dll
0x00007ffd2f9c0000 - 0x00007ffd2fb51000 	C:\Windows\System32\gdi32full.dll
0x00007ffd30160000 - 0x00007ffd301ff000 	C:\Windows\System32\msvcp_win.dll
0x00007ffd2f8c0000 - 0x00007ffd2f9b8000 	C:\Windows\System32\ucrtbase.dll
0x00007ffd13870000 - 0x00007ffd13ad9000 	C:\Windows\WinSxS\amd64_microsoft.windows.common-controls_6595b64144ccf1df_6.0.17134.1246_none_d3ffb9d77c90723d\COMCTL32.dll
0x00007ffd30ad0000 - 0x00007ffd30df1000 	C:\Windows\System32\combase.dll
0x00007ffd2fef0000 - 0x00007ffd2ff69000 	C:\Windows\System32\bcryptPrimitives.dll
0x00007ffd32a90000 - 0x00007ffd32abd000 	C:\Windows\System32\IMM32.DLL
0x00000000560c0000 - 0x0000000056191000 	C:\Program Files\Android\jdk\microsoft_dist_openjdk_1.8.0.25\jre\bin\msvcr100.dll
0x0000000055870000 - 0x00000000560b5000 	C:\Program Files\Android\jdk\microsoft_dist_openjdk_1.8.0.25\jre\bin\server\jvm.dll
0x00007ffd32ac0000 - 0x00007ffd32ac8000 	C:\Windows\System32\PSAPI.DLL
0x00007ffd17240000 - 0x00007ffd17249000 	C:\Windows\SYSTEM32\WSOCK32.dll
0x00007ffd29d10000 - 0x00007ffd29d33000 	C:\Windows\SYSTEM32\WINMM.dll
0x00007ffd26bd0000 - 0x00007ffd26bda000 	C:\Windows\SYSTEM32\VERSION.dll
0x00007ffd32ad0000 - 0x00007ffd32b3c000 	C:\Windows\System32\WS2_32.dll
0x00007ffd29bb0000 - 0x00007ffd29bda000 	C:\Windows\SYSTEM32\winmmbase.dll
0x00007ffd2f870000 - 0x00007ffd2f8b9000 	C:\Windows\System32\cfgmgr32.dll
0x00007ffd1e290000 - 0x00007ffd1e29f000 	C:\Program Files\Android\jdk\microsoft_dist_openjdk_1.8.0.25\jre\bin\verify.dll
0x00007ffd1b500000 - 0x00007ffd1b529000 	C:\Program Files\Android\jdk\microsoft_dist_openjdk_1.8.0.25\jre\bin\java.dll
0x00007ffd1e270000 - 0x00007ffd1e286000 	C:\Program Files\Android\jdk\microsoft_dist_openjdk_1.8.0.25\jre\bin\zip.dll
0x00007ffd31380000 - 0x00007ffd327c5000 	C:\Windows\System32\SHELL32.dll
0x00007ffd30830000 - 0x00007ffd308d9000 	C:\Windows\System32\shcore.dll
0x00007ffd2f160000 - 0x00007ffd2f870000 	C:\Windows\System32\windows.storage.dll
0x00007ffd32930000 - 0x00007ffd32981000 	C:\Windows\System32\shlwapi.dll
0x00007ffd2f100000 - 0x00007ffd2f111000 	C:\Windows\System32\kernel.appcore.dll
0x00007ffd2f140000 - 0x00007ffd2f15f000 	C:\Windows\System32\profapi.dll
0x00007ffd2f0a0000 - 0x00007ffd2f0ec000 	C:\Windows\System32\powrprof.dll
0x00007ffd2f0f0000 - 0x00007ffd2f0fa000 	C:\Windows\System32\FLTLIB.DLL
0x00007ffd1d620000 - 0x00007ffd1d63a000 	C:\Program Files\Android\jdk\microsoft_dist_openjdk_1.8.0.25\jre\bin\net.dll
0x00007ffd2e920000 - 0x00007ffd2e986000 	C:\Windows\system32\mswsock.dll
0x00007ffd1d580000 - 0x00007ffd1d591000 	C:\Program Files\Android\jdk\microsoft_dist_openjdk_1.8.0.25\jre\bin\nio.dll
0x00007ffcea010000 - 0x00007ffcea036000 	C:\Users\acer\.gradle\native\29\windows-amd64\native-platform.dll
0x00007ffd1e240000 - 0x00007ffd1e24d000 	C:\Program Files\Android\jdk\microsoft_dist_openjdk_1.8.0.25\jre\bin\management.dll
0x00007ffd2ead0000 - 0x00007ffd2eae7000 	C:\Windows\SYSTEM32\CRYPTSP.dll
0x00007ffd2e4d0000 - 0x00007ffd2e503000 	C:\Windows\system32\rsaenh.dll
0x00007ffd2ec00000 - 0x00007ffd2ec25000 	C:\Windows\SYSTEM32\bcrypt.dll
0x00007ffd2efa0000 - 0x00007ffd2efc8000 	C:\Windows\SYSTEM32\USERENV.dll
0x00007ffd2eaf0000 - 0x00007ffd2eafb000 	C:\Windows\SYSTEM32\CRYPTBASE.dll
0x00007ffd2e670000 - 0x00007ffd2e6a8000 	C:\Windows\SYSTEM32\IPHLPAPI.DLL
0x00007ffd32d60000 - 0x00007ffd32d68000 	C:\Windows\System32\NSI.dll
0x00007ffd27f20000 - 0x00007ffd27f36000 	C:\Windows\SYSTEM32\dhcpcsvc6.DLL
0x00007ffd27f00000 - 0x00007ffd27f1a000 	C:\Windows\SYSTEM32\dhcpcsvc.DLL

VM Arguments:
jvm_args: -Xmx1536m -Dfile.encoding=windows-1251 -Duser.country=RU -Duser.language=ru -Duser.variant 
java_command: org.gradle.launcher.daemon.bootstrap.GradleDaemon 5.4.1
java_class_path (initial): C:\Users\acer\.gradle\wrapper\dists\gradle-5.4.1-all\3221gyojl5jsh0helicew7rwx\gradle-5.4.1\lib\gradle-launcher-5.4.1.jar
Launcher Type: SUN_STANDARD

Environment Variables:
JAVA_HOME=C:\Program Files\Android\Jdk\microsoft_dist_openjdk_1.8.0.25
PATH=C:\Program Files\Microsoft MPI\Bin\;C:\Program Files (x86)\Common Files\Oracle\Java\javapath;C:\Program Files (x86)\Intel\iCLS Client\;C:\Program Files\Intel\iCLS Client\;C:\Windows\system32;C:\Windows;C:\Windows\System32\Wbem;C:\Windows\System32\WindowsPowerShell\v1.0\;C:\Windows\System32\OpenSSH\;C:\Program Files\Intel\WiFi\bin\;C:\Program Files\Common Files\Intel\WirelessCommon\;C:\Program Files (x86)\Intel\Intel(R) Management Engine Components\DAL;C:\Program Files\Intel\Intel(R) Management Engine Components\DAL;C:\Program Files (x86)\Intel\Intel(R) Management Engine Components\IPT;C:\Program Files\Intel\Intel(R) Management Engine Components\IPT;C:\Program Files\Microsoft SQL Server\110\Tools\Binn\;C:\Program Files\Microsoft SQL Server\120\Tools\Binn\;C:\Program Files\dotnet\;C:\Program Files\Microsoft SQL Server\130\Tools\Binn\;C:\Program Files\Microsoft SQL Server\Client SDK\ODBC\170\Tools\Binn\;C:\Program Files (x86)\Microsoft SQL Server\130\Tools\Binn\;C:\Program Files (x86)\Microsoft SQL Server\130\DTS\Binn\;C:\Program Files\Microsoft SQL Server\130\DTS\Binn\;C:\Program Files\Microsoft SQL Server\Client SDK\ODBC\130\Tools\Binn\;C:\Program Files (x86)\Microsoft SQL Server\150\DTS\Binn\;C:\Program Files\MySQL\MySQL Shell 8.0\bin\;C:\Users\acer\AppData\Local\Microsoft\WindowsApps;C:\Program Files\Intel\WiFi\bin\;C:\Program Files\Common Files\Intel\WirelessCommon\
USERNAME=acer
OS=Windows_NT
PROCESSOR_IDENTIFIER=Intel64 Family 6 Model 142 Stepping 10, GenuineIntel



---------------  S Y S T E M  ---------------

OS: Windows 10.0 , 64 bit Build 17134 (10.0.17134.753)

CPU:total 8 (initial active 8) (4 cores per cpu, 2 threads per core) family 6 model 142 stepping 10, cmov, cx8, fxsr, mmx, sse, sse2, sse3, ssse3, sse4.1, sse4.2, popcnt, avx, avx2, aes, clmul, erms, 3dnowpref, lzcnt, ht, tsc, tscinvbit, bmi1, bmi2, adx

Memory: 4k page, physical 8262884k(1201524k free), swap 10310884k(3224k free)

vm_info: OpenJDK 64-Bit Server VM (25.71-b00) for windows-amd64 JRE (1.8.0-25-microsoft-b00), built on Feb  7 2019 20:09:14 by "builder" with MS VC++ 10.0 (VS2010)

time: Fri Apr 17 16:02:16 2020
timezone: Финляндия (лето)
elapsed time: 1 seconds (0d 0h 0m 1s)

