#
# There is insufficient memory for the Java Runtime Environment to continue.
# Native memory allocation (malloc) failed to allocate 1559168 bytes for Chunk::new
# Possible reasons:
#   The system is out of physical RAM or swap space
#   The process is running with CompressedOops enabled, and the Java Heap may be blocking the growth of the native heap
# Possible solutions:
#   Reduce memory load on the system
#   Increase physical memory or swap space
#   Check if swap backing store is full
#   Decrease Java heap size (-Xmx/-Xms)
#   Decrease number of Java threads
#   Decrease Java thread stack sizes (-Xss)
#   Set larger code cache with -XX:ReservedCodeCacheSize=
#   JVM is running with Unscaled Compressed Oops mode in which the Java heap is
#     placed in the first 4GB address space. The Java Heap base address is the
#     maximum limit for the native heap growth. Please use -XX:HeapBaseMinAddress
#     to set the Java Heap base and to place the Java Heap above 4GB virtual address.
# This output file may be truncated or incomplete.
#
#  Out of Memory Error (allocation.cpp:389), pid=3776, tid=0x000000000000325c
#
# JRE version: OpenJDK Runtime Environment (8.0) (build 1.8.0-25-microsoft-b00)
# Java VM: OpenJDK 64-Bit Server VM (25.71-b00 mixed mode windows-amd64 compressed oops)
# Failed to write core dump. Minidumps are not enabled by default on client versions of Windows
#

---------------  T H R E A D  ---------------

Current thread (0x0000000018245800):  JavaThread "C2 CompilerThread1" daemon [_thread_in_native, id=12892, stack(0x0000000018c10000,0x0000000018d10000)]

Stack: [0x0000000018c10000,0x0000000018d10000]
[error occurred during error reporting (printing stack bounds), id 0xc0000005]

Native frames: (J=compiled Java code, j=interpreted, Vv=VM code, C=native code)


Current CompileTask:
C2:   4473 3168       4       groovy.lang.MetaClassImpl$1MOPIter::methodNameAction (325 bytes)


---------------  P R O C E S S  ---------------

Java Threads: ( => current thread )
  0x0000000020eca000 JavaThread "pool-1-thread-1" [_thread_blocked, id=7032, stack(0x0000000023230000,0x0000000023330000)]
  0x0000000020ec9000 JavaThread "Build operations Thread 8" [_thread_blocked, id=10920, stack(0x0000000022d30000,0x0000000022e30000)]
  0x0000000020ec1800 JavaThread "Build operations Thread 7" [_thread_blocked, id=14908, stack(0x0000000022c30000,0x0000000022d30000)]
  0x0000000020ec3000 JavaThread "Build operations Thread 6" [_thread_blocked, id=12260, stack(0x0000000022b30000,0x0000000022c30000)]
  0x0000000020ec8800 JavaThread "Build operations Thread 5" [_thread_blocked, id=9952, stack(0x0000000022a30000,0x0000000022b30000)]
  0x0000000020ec4800 JavaThread "Build operations Thread 4" [_thread_blocked, id=8016, stack(0x0000000022930000,0x0000000022a30000)]
  0x0000000020ec7800 JavaThread "Build operations Thread 3" [_thread_blocked, id=16948, stack(0x0000000022830000,0x0000000022930000)]
  0x0000000020ec7000 JavaThread "Build operations Thread 2" [_thread_blocked, id=6812, stack(0x0000000022730000,0x0000000022830000)]
  0x0000000020ec6000 JavaThread "Build operations" [_thread_blocked, id=12108, stack(0x0000000022630000,0x0000000022730000)]
  0x0000000020ec5800 JavaThread "Cache worker for execution history cache (C:\Users\acer\.gradle\caches\5.4.1\executionHistory)" [_thread_blocked, id=12348, stack(0x0000000021ff0000,0x00000000220f0000)]
  0x000000001946a000 JavaThread "Cache worker for cache directory md-rule (C:\Users\acer\.gradle\caches\5.4.1\md-rule)" [_thread_blocked, id=5416, stack(0x0000000021ef0000,0x0000000021ff0000)]
  0x0000000019469800 JavaThread "Cache worker for cache directory md-supplier (C:\Users\acer\.gradle\caches\5.4.1\md-supplier)" [_thread_blocked, id=14976, stack(0x000000001fc50000,0x000000001fd50000)]
  0x000000001946b800 JavaThread "Cache worker for file hash cache (C:\Users\acer\Desktop\project_TRUE_JUNIOR\ANDROID\CURSERO CURSE\week4\Morse code C++\.gradle\5.4.1\fileHashes)" [_thread_blocked, id=2268, stack(0x000000001e110000,0x000000001e210000)]
  0x000000001946b000 JavaThread "Cache worker for journal cache (C:\Users\acer\.gradle\caches\journal-1)" [_thread_blocked, id=11104, stack(0x000000001be70000,0x000000001bf70000)]
  0x000000001946c800 JavaThread "File lock request listener" [_thread_in_native, id=9788, stack(0x000000001bd70000,0x000000001be70000)]
  0x000000001a570800 JavaThread "Cache worker for file hash cache (C:\Users\acer\.gradle\caches\5.4.1\fileHashes)" [_thread_blocked, id=16460, stack(0x000000001bc70000,0x000000001bd70000)]
  0x000000001a090800 JavaThread "Thread-9" [_thread_blocked, id=7124, stack(0x000000001bb70000,0x000000001bc70000)]
  0x000000001a243000 JavaThread "Stdin handler" [_thread_blocked, id=4896, stack(0x000000001ba70000,0x000000001bb70000)]
  0x000000001a244800 JavaThread "Asynchronous log dispatcher for DefaultDaemonConnection: socket connection from /127.0.0.1:56395 to /127.0.0.1:56396" [_thread_blocked, id=352, stack(0x000000001b970000,0x000000001ba70000)]
  0x0000000019684800 JavaThread "Daemon worker" [_thread_in_vm, id=9040, stack(0x000000001b770000,0x000000001b870000)]
  0x000000001a3d9800 JavaThread "Cancel handler" [_thread_blocked, id=10636, stack(0x000000001b670000,0x000000001b770000)]
  0x000000001928b800 JavaThread "Handler for socket connection from /127.0.0.1:56395 to /127.0.0.1:56396" [_thread_in_native, id=15288, stack(0x000000001b370000,0x000000001b470000)]
  0x0000000019289000 JavaThread "Daemon" [_thread_blocked, id=5568, stack(0x000000001b270000,0x000000001b370000)]
  0x00000000192cf800 JavaThread "Daemon periodic checks" [_thread_blocked, id=11860, stack(0x000000001b170000,0x000000001b270000)]
  0x00000000192ce000 JavaThread "Incoming local TCP Connector on port 56395" [_thread_in_native, id=9036, stack(0x000000001af20000,0x000000001b020000)]
  0x000000001a692800 JavaThread "Daemon health stats" [_thread_blocked, id=8084, stack(0x000000001a8e0000,0x000000001a9e0000)]
  0x00000000182d7800 JavaThread "Service Thread" daemon [_thread_blocked, id=1152, stack(0x0000000018f10000,0x0000000019010000)]
  0x000000001824f800 JavaThread "C1 CompilerThread3" daemon [_thread_blocked, id=10772, stack(0x0000000018e10000,0x0000000018f10000)]
  0x0000000018247000 JavaThread "C2 CompilerThread2" daemon [_thread_blocked, id=11740, stack(0x0000000018d10000,0x0000000018e10000)]
=>0x0000000018245800 JavaThread "C2 CompilerThread1" daemon [_thread_in_native, id=12892, stack(0x0000000018c10000,0x0000000018d10000)]
  0x0000000018241800 JavaThread "C2 CompilerThread0" daemon [_thread_blocked, id=14264, stack(0x0000000018b10000,0x0000000018c10000)]
  0x0000000018240800 JavaThread "Attach Listener" daemon [_thread_blocked, id=11244, stack(0x0000000018a10000,0x0000000018b10000)]
  0x000000001642e800 JavaThread "Signal Dispatcher" daemon [_thread_blocked, id=14784, stack(0x0000000018910000,0x0000000018a10000)]
  0x0000000002659800 JavaThread "Finalizer" daemon [_thread_blocked, id=5140, stack(0x0000000018710000,0x0000000018810000)]
  0x0000000002656000 JavaThread "Reference Handler" daemon [_thread_blocked, id=540, stack(0x0000000018610000,0x0000000018710000)]
  0x000000000245e800 JavaThread "main" [_thread_blocked, id=10544, stack(0x0000000002460000,0x0000000002560000)]

Other Threads:
  0x0000000016418000 VMThread [stack: 0x0000000018110000,0x0000000018210000] [id=15848]
  0x00000000182d8800 WatcherThread [stack: 0x0000000019010000,0x0000000019110000] [id=2064]

VM state:not at safepoint (normal execution)

VM Mutex/Monitor currently owned by a thread:  ([mutex/lock_event])
[0x000000000245d8f0] AdapterHandlerLibrary_lock - owner thread: 0x0000000000000000

heap address: 0x00000000a0000000, size: 1536 MB, Compressed Oops mode: 32-bit
Narrow klass base: 0x0000000000000000, Narrow klass shift: 3
Compressed class space size: 1073741824 Address: 0x0000000100000000

Heap:
 PSYoungGen      total 76800K, used 23616K [0x00000000e0000000, 0x00000000e5500000, 0x0000000100000000)
  eden space 66560K, 35% used [0x00000000e0000000,0x00000000e17102b8,0x00000000e4100000)
  from space 10240K, 0% used [0x00000000e4100000,0x00000000e4100000,0x00000000e4b00000)
  to   space 9728K, 0% used [0x00000000e4b80000,0x00000000e4b80000,0x00000000e5500000)
 ParOldGen       total 58880K, used 17019K [0x00000000a0000000, 0x00000000a3980000, 0x00000000e0000000)
  object space 58880K, 28% used [0x00000000a0000000,0x00000000a109eed0,0x00000000a3980000)
 Metaspace       used 38874K, capacity 39656K, committed 39976K, reserved 1083392K
  class space    used 5323K, capacity 5576K, committed 5672K, reserved 1048576K

Card table byte_map: [0x0000000011a20000,0x0000000011d30000] byte_map_base: 0x0000000011520000

Marking Bits: (ParMarkBitMap*) 0x0000000056038f30
 Begin Bits: [0x0000000012730000, 0x0000000013f30000)
 End Bits:   [0x0000000013f30000, 0x0000000015730000)

Polling page: 0x00000000005d0000

CodeCache: size=245760Kb used=12031Kb max_used=12038Kb free=233728Kb
 bounds [0x0000000002660000, 0x0000000003230000, 0x0000000011660000]
 total_blobs=4143 nmethods=3411 adapters=644
 compilation: enabled

Compilation events (10 events):
Event: 4.359 Thread 0x000000001824f800 nmethod 3409 0x0000000003222690 code [0x0000000003222840, 0x0000000003222ef8]
Event: 4.359 Thread 0x000000001824f800 3410       3       java.util.Collections$SingletonList::get (41 bytes)
Event: 4.360 Thread 0x000000001824f800 nmethod 3410 0x0000000003221750 code [0x0000000003221940, 0x0000000003222288]
Event: 4.360 Thread 0x0000000018241800 3411       4       java.util.concurrent.ConcurrentHashMap::addCount (292 bytes)
Event: 4.361 Thread 0x0000000018247000 nmethod 3408 0x0000000003225390 code [0x00000000032254e0, 0x00000000032257f8]
Event: 4.364 Thread 0x0000000018241800 nmethod 3411 0x0000000003225a90 code [0x0000000003225c00, 0x0000000003225f30]
Event: 4.398 Thread 0x0000000018247000 3412       4       java.lang.Throwable::<init> (39 bytes)
Event: 4.399 Thread 0x0000000018247000 nmethod 3412 0x0000000003226290 code [0x0000000003226400, 0x0000000003226788]
Event: 4.430 Thread 0x0000000018241800 3413       4       java.util.concurrent.atomic.AtomicReferenceArray::get (10 bytes)
Event: 4.431 Thread 0x0000000018241800 nmethod 3413 0x000000000321e790 code [0x000000000321e8c0, 0x000000000321e978]

GC Heap History (10 events):
Event: 2.189 GC heap before
{Heap before GC invocations=7 (full 1):
 PSYoungGen      total 76288K, used 6959K [0x00000000e0000000, 0x00000000e5500000, 0x0000000100000000)
  eden space 66560K, 0% used [0x00000000e0000000,0x00000000e0000000,0x00000000e4100000)
  from space 9728K, 71% used [0x00000000e4b80000,0x00000000e524be88,0x00000000e5500000)
  to   space 10240K, 0% used [0x00000000e4100000,0x00000000e4100000,0x00000000e4b00000)
 ParOldGen       total 87552K, used 8991K [0x00000000a0000000, 0x00000000a5580000, 0x00000000e0000000)
  object space 87552K, 10% used [0x00000000a0000000,0x00000000a08c7ea0,0x00000000a5580000)
 Metaspace       used 20689K, capacity 21162K, committed 21296K, reserved 1067008K
  class space    used 2957K, capacity 3123K, committed 3200K, reserved 1048576K
Event: 2.214 GC heap after
Heap after GC invocations=7 (full 1):
 PSYoungGen      total 76288K, used 0K [0x00000000e0000000, 0x00000000e5500000, 0x0000000100000000)
  eden space 66560K, 0% used [0x00000000e0000000,0x00000000e0000000,0x00000000e4100000)
  from space 9728K, 0% used [0x00000000e4b80000,0x00000000e4b80000,0x00000000e5500000)
  to   space 10240K, 0% used [0x00000000e4100000,0x00000000e4100000,0x00000000e4b00000)
 ParOldGen       total 58880K, used 8276K [0x00000000a0000000, 0x00000000a3980000, 0x00000000e0000000)
  object space 58880K, 14% used [0x00000000a0000000,0x00000000a0815088,0x00000000a3980000)
 Metaspace       used 20689K, capacity 21162K, committed 21296K, reserved 1067008K
  class space    used 2957K, capacity 3123K, committed 3200K, reserved 1048576K
}
Event: 2.946 GC heap before
{Heap before GC invocations=8 (full 1):
 PSYoungGen      total 76288K, used 66560K [0x00000000e0000000, 0x00000000e5500000, 0x0000000100000000)
  eden space 66560K, 100% used [0x00000000e0000000,0x00000000e4100000,0x00000000e4100000)
  from space 9728K, 0% used [0x00000000e4b80000,0x00000000e4b80000,0x00000000e5500000)
  to   space 10240K, 0% used [0x00000000e4100000,0x00000000e4100000,0x00000000e4b00000)
 ParOldGen       total 58880K, used 8276K [0x00000000a0000000, 0x00000000a3980000, 0x00000000e0000000)
  object space 58880K, 14% used [0x00000000a0000000,0x00000000a0815088,0x00000000a3980000)
 Metaspace       used 29037K, capacity 29566K, committed 29824K, reserved 1075200K
  class space    used 3931K, capacity 4100K, committed 4224K, reserved 1048576K
Event: 2.953 GC heap after
Heap after GC invocations=8 (full 1):
 PSYoungGen      total 76800K, used 8126K [0x00000000e0000000, 0x00000000e5500000, 0x0000000100000000)
  eden space 66560K, 0% used [0x00000000e0000000,0x00000000e0000000,0x00000000e4100000)
  from space 10240K, 79% used [0x00000000e4100000,0x00000000e48efa40,0x00000000e4b00000)
  to   space 9728K, 0% used [0x00000000e4b80000,0x00000000e4b80000,0x00000000e5500000)
 ParOldGen       total 58880K, used 8284K [0x00000000a0000000, 0x00000000a3980000, 0x00000000e0000000)
  object space 58880K, 14% used [0x00000000a0000000,0x00000000a0817088,0x00000000a3980000)
 Metaspace       used 29037K, capacity 29566K, committed 29824K, reserved 1075200K
  class space    used 3931K, capacity 4100K, committed 4224K, reserved 1048576K
}
Event: 3.403 GC heap before
{Heap before GC invocations=9 (full 1):
 PSYoungGen      total 76800K, used 74686K [0x00000000e0000000, 0x00000000e5500000, 0x0000000100000000)
  eden space 66560K, 100% used [0x00000000e0000000,0x00000000e4100000,0x00000000e4100000)
  from space 10240K, 79% used [0x00000000e4100000,0x00000000e48efa40,0x00000000e4b00000)
  to   space 9728K, 0% used [0x00000000e4b80000,0x00000000e4b80000,0x00000000e5500000)
 ParOldGen       total 58880K, used 8284K [0x00000000a0000000, 0x00000000a3980000, 0x00000000e0000000)
  object space 58880K, 14% used [0x00000000a0000000,0x00000000a08170a8,0x00000000a3980000)
 Metaspace       used 32257K, capacity 32802K, committed 33152K, reserved 1077248K
  class space    used 4456K, capacity 4624K, committed 4736K, reserved 1048576K
Event: 3.409 GC heap after
Heap after GC invocations=9 (full 1):
 PSYoungGen      total 76288K, used 8595K [0x00000000e0000000, 0x00000000e5500000, 0x0000000100000000)
  eden space 66560K, 0% used [0x00000000e0000000,0x00000000e0000000,0x00000000e4100000)
  from space 9728K, 88% used [0x00000000e4b80000,0x00000000e53e4fe0,0x00000000e5500000)
  to   space 10240K, 0% used [0x00000000e4100000,0x00000000e4100000,0x00000000e4b00000)
 ParOldGen       total 58880K, used 8292K [0x00000000a0000000, 0x00000000a3980000, 0x00000000e0000000)
  object space 58880K, 14% used [0x00000000a0000000,0x00000000a08190a8,0x00000000a3980000)
 Metaspace       used 32257K, capacity 32802K, committed 33152K, reserved 1077248K
  class space    used 4456K, capacity 4624K, committed 4736K, reserved 1048576K
}
Event: 4.035 GC heap before
{Heap before GC invocations=10 (full 1):
 PSYoungGen      total 76288K, used 59719K [0x00000000e0000000, 0x00000000e5500000, 0x0000000100000000)
  eden space 66560K, 76% used [0x00000000e0000000,0x00000000e31ecc88,0x00000000e4100000)
  from space 9728K, 88% used [0x00000000e4b80000,0x00000000e53e4fe0,0x00000000e5500000)
  to   space 10240K, 0% used [0x00000000e4100000,0x00000000e4100000,0x00000000e4b00000)
 ParOldGen       total 58880K, used 8292K [0x00000000a0000000, 0x00000000a3980000, 0x00000000e0000000)
  object space 58880K, 14% used [0x00000000a0000000,0x00000000a08190a8,0x00000000a3980000)
 Metaspace       used 34779K, capacity 35462K, committed 35496K, reserved 1079296K
  class space    used 4795K, capacity 5002K, committed 5032K, reserved 1048576K
Event: 4.043 GC heap after
Heap after GC invocations=10 (full 1):
 PSYoungGen      total 76800K, used 10186K [0x00000000e0000000, 0x00000000e5500000, 0x0000000100000000)
  eden space 66560K, 0% used [0x00000000e0000000,0x00000000e0000000,0x00000000e4100000)
  from space 10240K, 99% used [0x00000000e4100000,0x00000000e4af2918,0x00000000e4b00000)
  to   space 9728K, 0% used [0x00000000e4b80000,0x00000000e4b80000,0x00000000e5500000)
 ParOldGen       total 58880K, used 8300K [0x00000000a0000000, 0x00000000a3980000, 0x00000000e0000000)
  object space 58880K, 14% used [0x00000000a0000000,0x00000000a081b0a8,0x00000000a3980000)
 Metaspace       used 34779K, capacity 35462K, committed 35496K, reserved 1079296K
  class space    used 4795K, capacity 5002K, committed 5032K, reserved 1048576K
}
Event: 4.043 GC heap before
{Heap before GC invocations=11 (full 2):
 PSYoungGen      total 76800K, used 10186K [0x00000000e0000000, 0x00000000e5500000, 0x0000000100000000)
  eden space 66560K, 0% used [0x00000000e0000000,0x00000000e0000000,0x00000000e4100000)
  from space 10240K, 99% used [0x00000000e4100000,0x00000000e4af2918,0x00000000e4b00000)
  to   space 9728K, 0% used [0x00000000e4b80000,0x00000000e4b80000,0x00000000e5500000)
 ParOldGen       total 58880K, used 8300K [0x00000000a0000000, 0x00000000a3980000, 0x00000000e0000000)
  object space 58880K, 14% used [0x00000000a0000000,0x00000000a081b0a8,0x00000000a3980000)
 Metaspace       used 34779K, capacity 35462K, committed 35496K, reserved 1079296K
  class space    used 4795K, capacity 5002K, committed 5032K, reserved 1048576K
Event: 4.086 GC heap after
Heap after GC invocations=11 (full 2):
 PSYoungGen      total 76800K, used 0K [0x00000000e0000000, 0x00000000e5500000, 0x0000000100000000)
  eden space 66560K, 0% used [0x00000000e0000000,0x00000000e0000000,0x00000000e4100000)
  from space 10240K, 0% used [0x00000000e4100000,0x00000000e4100000,0x00000000e4b00000)
  to   space 9728K, 0% used [0x00000000e4b80000,0x00000000e4b80000,0x00000000e5500000)
 ParOldGen       total 58880K, used 17019K [0x00000000a0000000, 0x00000000a3980000, 0x00000000e0000000)
  object space 58880K, 28% used [0x00000000a0000000,0x00000000a109eed0,0x00000000a3980000)
 Metaspace       used 34765K, capacity 35414K, committed 35496K, reserved 1079296K
  class space    used 4791K, capacity 4994K, committed 5032K, reserved 1048576K
}

Deoptimization events (10 events):
Event: 3.665 Thread 0x0000000019684800 Uncommon trap: reason=unstable_if action=reinterpret pc=0x00000000030195c8 method=java.util.concurrent.ConcurrentHashMap.get(Ljava/lang/Object;)Ljava/lang/Object; @ 76
Event: 3.665 Thread 0x0000000019684800 Uncommon trap: reason=class_check action=maybe_recompile pc=0x0000000002b46220 method=java.util.concurrent.ConcurrentHashMap.putVal(Ljava/lang/Object;Ljava/lang/Object;Z)Ljava/lang/Object; @ 192
Event: 3.689 Thread 0x0000000020ec7000 Uncommon trap: reason=unstable_if action=reinterpret pc=0x0000000002b46094 method=java.util.concurrent.ConcurrentHashMap.addCount(JI)V @ 34
Event: 3.698 Thread 0x0000000020ec7800 Uncommon trap: reason=unstable_if action=reinterpret pc=0x0000000002ad3878 method=java.util.concurrent.ConcurrentHashMap.addCount(JI)V @ 7
Event: 3.946 Thread 0x0000000019684800 Uncommon trap: reason=range_check action=make_not_entrant pc=0x0000000002fd16cc method=java.lang.String.charAt(I)C @ 27
Event: 4.162 Thread 0x0000000019684800 Uncommon trap: reason=unstable_if action=reinterpret pc=0x0000000002c1fdb8 method=java.io.BufferedInputStream.read([BII)I @ 56
Event: 4.164 Thread 0x0000000019684800 Uncommon trap: reason=unstable_if action=reinterpret pc=0x0000000002ae8fd0 method=java.util.regex.Pattern.has(I)Z @ 6
Event: 4.247 Thread 0x0000000019684800 Uncommon trap: reason=predicate action=maybe_recompile pc=0x0000000002fbc2d0 method=java.util.Arrays.binarySearch0([Ljava/lang/Object;IILjava/lang/Object;Ljava/util/Comparator;)I @ 28
Event: 4.280 Thread 0x0000000019684800 Uncommon trap: reason=unstable_if action=reinterpret pc=0x000000000316e6a8 method=java.security.CodeSource.hashCode()I @ 4
Event: 4.280 Thread 0x0000000019684800 Uncommon trap: reason=unstable_if action=reinterpret pc=0x0000000002fc678c method=java.security.CodeSource.hashCode()I @ 4

Classes redefined (0 events):
No events

Internal exceptions (10 events):
Event: 3.975 Thread 0x0000000019684800 Exception <a 'java/lang/ClassNotFoundException': org/gradle/api/internal/ConventionTaskCustomizer> (0x00000000e2d0a608) thrown at [D:\j\worksp~1\openjd~3\jdk8u\hotspot\src\share\vm\classfile\systemDictionary.cpp, line 210]
Event: 3.976 Thread 0x0000000019684800 Exception <a 'java/lang/ClassNotFoundException': org/gradle/api/tasks/DeleteCustomizer> (0x00000000e2d45fc8) thrown at [D:\j\worksp~1\openjd~3\jdk8u\hotspot\src\share\vm\classfile\systemDictionary.cpp, line 210]
Event: 3.978 Thread 0x0000000019684800 Exception <a 'java/lang/ClassNotFoundException': org/gradle/api/tasks/Delete_DecoratedCustomizer> (0x00000000e2d8ea98) thrown at [D:\j\worksp~1\openjd~3\jdk8u\hotspot\src\share\vm\classfile\systemDictionary.cpp, line 210]
Event: 3.999 Thread 0x0000000019684800 Exception <a 'java/lang/ClassNotFoundException': build_cbx7ir8voj0ho29jsmrhe8o0fBeanInfo> (0x00000000e2e9ba10) thrown at [D:\j\worksp~1\openjd~3\jdk8u\hotspot\src\share\vm\classfile\systemDictionary.cpp, line 210]
Event: 3.999 Thread 0x0000000019684800 Exception <a 'java/lang/ClassNotFoundException': build_cbx7ir8voj0ho29jsmrhe8o0fCustomizer> (0x00000000e2ea75d8) thrown at [D:\j\worksp~1\openjd~3\jdk8u\hotspot\src\share\vm\classfile\systemDictionary.cpp, line 210]
Event: 4.003 Thread 0x0000000019684800 Exception <a 'java/lang/ClassNotFoundException': org/gradle/api/internal/plugins/DefaultObjectConfigurationActionBeanInfo> (0x00000000e2f16510) thrown at [D:\j\worksp~1\openjd~3\jdk8u\hotspot\src\share\vm\classfile\systemDictionary.cpp, line 210]
Event: 4.004 Thread 0x0000000019684800 Exception <a 'java/lang/ClassNotFoundException': org/gradle/api/internal/plugins/DefaultObjectConfigurationActionCustomizer> (0x00000000e2f536b0) thrown at [D:\j\worksp~1\openjd~3\jdk8u\hotspot\src\share\vm\classfile\systemDictionary.cpp, line 210]
Event: 4.280 Thread 0x0000000019684800 Implicit null exception at 0x000000000316ba57 to 0x000000000316e64d
Event: 4.280 Thread 0x0000000019684800 Implicit null exception at 0x0000000002fc6495 to 0x0000000002fc677d
Event: 4.371 Thread 0x0000000019684800 Exception <a 'sun/nio/fs/WindowsException'> (0x00000000e0f69690) thrown at [D:\j\worksp~1\openjd~3\jdk8u\hotspot\src\share\vm\prims\jni.cpp, line 710]

Events (10 events):
Event: 4.467 loading class com/google/common/hash/PrimitiveSink
Event: 4.467 loading class com/google/common/hash/PrimitiveSink done
Event: 4.468 loading class sun/security/provider/SHA2$SHA256
Event: 4.468 loading class sun/security/provider/SHA2
Event: 4.469 loading class sun/security/provider/SHA2 done
Event: 4.469 loading class sun/security/provider/SHA2$SHA256 done
Event: 4.469 loading class com/google/common/hash/MessageDigestHashFunction$MessageDigestHasher
Event: 4.469 loading class com/google/common/hash/MessageDigestHashFunction$MessageDigestHasher done
Event: 4.469 loading class com/google/common/hash/AbstractByteHasher
Event: 4.469 loading class com/google/common/hash/AbstractByteHasher done


Dynamic libraries:
0x00007ff708250000 - 0x00007ff708285000 	C:\Program Files\Android\jdk\microsoft_dist_openjdk_1.8.0.25\bin\java.exe
0x00007ffd32da0000 - 0x00007ffd32f81000 	C:\Windows\SYSTEM32\ntdll.dll
0x00007ffd303a0000 - 0x00007ffd30451000 	C:\Windows\System32\KERNEL32.DLL
0x00007ffd2fc70000 - 0x00007ffd2fee3000 	C:\Windows\System32\KERNELBASE.dll
0x00007ffd30700000 - 0x00007ffd307a1000 	C:\Windows\System32\ADVAPI32.dll
0x00007ffd308e0000 - 0x00007ffd3097e000 	C:\Windows\System32\msvcrt.dll
0x00007ffd307d0000 - 0x00007ffd3082b000 	C:\Windows\System32\sechost.dll
0x00007ffd31250000 - 0x00007ffd31374000 	C:\Windows\System32\RPCRT4.dll
0x00007ffd32bd0000 - 0x00007ffd32d60000 	C:\Windows\System32\USER32.dll
0x00007ffd30200000 - 0x00007ffd30220000 	C:\Windows\System32\win32u.dll
0x00007ffd32ba0000 - 0x00007ffd32bc8000 	C:\Windows\System32\GDI32.dll
0x00007ffd2f9c0000 - 0x00007ffd2fb51000 	C:\Windows\System32\gdi32full.dll
0x00007ffd30160000 - 0x00007ffd301ff000 	C:\Windows\System32\msvcp_win.dll
0x00007ffd2f8c0000 - 0x00007ffd2f9b8000 	C:\Windows\System32\ucrtbase.dll
0x00007ffd13870000 - 0x00007ffd13ad9000 	C:\Windows\WinSxS\amd64_microsoft.windows.common-controls_6595b64144ccf1df_6.0.17134.1246_none_d3ffb9d77c90723d\COMCTL32.dll
0x00007ffd30ad0000 - 0x00007ffd30df1000 	C:\Windows\System32\combase.dll
0x00007ffd2fef0000 - 0x00007ffd2ff69000 	C:\Windows\System32\bcryptPrimitives.dll
0x00007ffd32a90000 - 0x00007ffd32abd000 	C:\Windows\System32\IMM32.DLL
0x00000000560c0000 - 0x0000000056191000 	C:\Program Files\Android\jdk\microsoft_dist_openjdk_1.8.0.25\jre\bin\msvcr100.dll
0x0000000055870000 - 0x00000000560b5000 	C:\Program Files\Android\jdk\microsoft_dist_openjdk_1.8.0.25\jre\bin\server\jvm.dll
0x00007ffd32ac0000 - 0x00007ffd32ac8000 	C:\Windows\System32\PSAPI.DLL
0x00007ffd17240000 - 0x00007ffd17249000 	C:\Windows\SYSTEM32\WSOCK32.dll
0x00007ffd29d10000 - 0x00007ffd29d33000 	C:\Windows\SYSTEM32\WINMM.dll
0x00007ffd26bd0000 - 0x00007ffd26bda000 	C:\Windows\SYSTEM32\VERSION.dll
0x00007ffd32ad0000 - 0x00007ffd32b3c000 	C:\Windows\System32\WS2_32.dll
0x00007ffd29bb0000 - 0x00007ffd29bda000 	C:\Windows\SYSTEM32\WINMMBASE.dll
0x00007ffd2f870000 - 0x00007ffd2f8b9000 	C:\Windows\System32\cfgmgr32.dll
0x00007ffd1e290000 - 0x00007ffd1e29f000 	C:\Program Files\Android\jdk\microsoft_dist_openjdk_1.8.0.25\jre\bin\verify.dll
0x00007ffd1b500000 - 0x00007ffd1b529000 	C:\Program Files\Android\jdk\microsoft_dist_openjdk_1.8.0.25\jre\bin\java.dll
0x00007ffd1e270000 - 0x00007ffd1e286000 	C:\Program Files\Android\jdk\microsoft_dist_openjdk_1.8.0.25\jre\bin\zip.dll
0x00007ffd31380000 - 0x00007ffd327c5000 	C:\Windows\System32\SHELL32.dll
0x00007ffd30830000 - 0x00007ffd308d9000 	C:\Windows\System32\shcore.dll
0x00007ffd2f160000 - 0x00007ffd2f870000 	C:\Windows\System32\windows.storage.dll
0x00007ffd32930000 - 0x00007ffd32981000 	C:\Windows\System32\shlwapi.dll
0x00007ffd2f100000 - 0x00007ffd2f111000 	C:\Windows\System32\kernel.appcore.dll
0x00007ffd2f140000 - 0x00007ffd2f15f000 	C:\Windows\System32\profapi.dll
0x00007ffd2f0a0000 - 0x00007ffd2f0ec000 	C:\Windows\System32\powrprof.dll
0x00007ffd2f0f0000 - 0x00007ffd2f0fa000 	C:\Windows\System32\FLTLIB.DLL
0x00007ffd1d620000 - 0x00007ffd1d63a000 	C:\Program Files\Android\jdk\microsoft_dist_openjdk_1.8.0.25\jre\bin\net.dll
0x00007ffd2e920000 - 0x00007ffd2e986000 	C:\Windows\system32\mswsock.dll
0x00007ffd1d580000 - 0x00007ffd1d591000 	C:\Program Files\Android\jdk\microsoft_dist_openjdk_1.8.0.25\jre\bin\nio.dll
0x00007ffcea010000 - 0x00007ffcea036000 	C:\Users\acer\.gradle\native\29\windows-amd64\native-platform.dll
0x00007ffd1e240000 - 0x00007ffd1e24d000 	C:\Program Files\Android\jdk\microsoft_dist_openjdk_1.8.0.25\jre\bin\management.dll
0x00007ffd2ead0000 - 0x00007ffd2eae7000 	C:\Windows\SYSTEM32\CRYPTSP.dll
0x00007ffd2e4d0000 - 0x00007ffd2e503000 	C:\Windows\system32\rsaenh.dll
0x00007ffd2ec00000 - 0x00007ffd2ec25000 	C:\Windows\SYSTEM32\bcrypt.dll
0x00007ffd2efa0000 - 0x00007ffd2efc8000 	C:\Windows\SYSTEM32\USERENV.dll
0x00007ffd2eaf0000 - 0x00007ffd2eafb000 	C:\Windows\SYSTEM32\CRYPTBASE.dll
0x00007ffd2e670000 - 0x00007ffd2e6a8000 	C:\Windows\SYSTEM32\IPHLPAPI.DLL
0x00007ffd32d60000 - 0x00007ffd32d68000 	C:\Windows\System32\NSI.dll
0x00007ffd27f20000 - 0x00007ffd27f36000 	C:\Windows\SYSTEM32\dhcpcsvc6.DLL
0x00007ffd27f00000 - 0x00007ffd27f1a000 	C:\Windows\SYSTEM32\dhcpcsvc.DLL

VM Arguments:
jvm_args: -Xmx1536m -Dfile.encoding=windows-1251 -Duser.country=RU -Duser.language=ru -Duser.variant 
java_command: org.gradle.launcher.daemon.bootstrap.GradleDaemon 5.4.1
java_class_path (initial): C:\Users\acer\.gradle\wrapper\dists\gradle-5.4.1-all\3221gyojl5jsh0helicew7rwx\gradle-5.4.1\lib\gradle-launcher-5.4.1.jar
Launcher Type: SUN_STANDARD

Environment Variables:
JAVA_HOME=C:\Program Files\Android\Jdk\microsoft_dist_openjdk_1.8.0.25
PATH=C:\Program Files\Microsoft MPI\Bin\;C:\Program Files (x86)\Common Files\Oracle\Java\javapath;C:\Program Files (x86)\Intel\iCLS Client\;C:\Program Files\Intel\iCLS Client\;C:\Windows\system32;C:\Windows;C:\Windows\System32\Wbem;C:\Windows\System32\WindowsPowerShell\v1.0\;C:\Windows\System32\OpenSSH\;C:\Program Files\Intel\WiFi\bin\;C:\Program Files\Common Files\Intel\WirelessCommon\;C:\Program Files (x86)\Intel\Intel(R) Management Engine Components\DAL;C:\Program Files\Intel\Intel(R) Management Engine Components\DAL;C:\Program Files (x86)\Intel\Intel(R) Management Engine Components\IPT;C:\Program Files\Intel\Intel(R) Management Engine Components\IPT;C:\Program Files\Microsoft SQL Server\110\Tools\Binn\;C:\Program Files\Microsoft SQL Server\120\Tools\Binn\;C:\Program Files\dotnet\;C:\Program Files\Microsoft SQL Server\130\Tools\Binn\;C:\Program Files\Microsoft SQL Server\Client SDK\ODBC\170\Tools\Binn\;C:\Program Files (x86)\Microsoft SQL Server\130\Tools\Binn\;C:\Program Files (x86)\Microsoft SQL Server\130\DTS\Binn\;C:\Program Files\Microsoft SQL Server\130\DTS\Binn\;C:\Program Files\Microsoft SQL Server\Client SDK\ODBC\130\Tools\Binn\;C:\Program Files (x86)\Microsoft SQL Server\150\DTS\Binn\;C:\Program Files\MySQL\MySQL Shell 8.0\bin\;C:\Users\acer\AppData\Local\Microsoft\WindowsApps;C:\Program Files\Intel\WiFi\bin\;C:\Program Files\Common Files\Intel\WirelessCommon\
USERNAME=acer
OS=Windows_NT
PROCESSOR_IDENTIFIER=Intel64 Family 6 Model 142 Stepping 10, GenuineIntel



---------------  S Y S T E M  ---------------

OS: Windows 10.0 , 64 bit Build 17134 (10.0.17134.753)

CPU:total 8 (initial active 8) (4 cores per cpu, 2 threads per core) family 6 model 142 stepping 10, cmov, cx8, fxsr, mmx, sse, sse2, sse3, ssse3, sse4.1, sse4.2, popcnt, avx, avx2, aes, clmul, erms, 3dnowpref, lzcnt, ht, tsc, tscinvbit, bmi1, bmi2, adx

Memory: 4k page, physical 8262884k(1111048k free), swap 10310884k(6580k free)

vm_info: OpenJDK 64-Bit Server VM (25.71-b00) for windows-amd64 JRE (1.8.0-25-microsoft-b00), built on Feb  7 2019 20:09:14 by "builder" with MS VC++ 10.0 (VS2010)

time: Fri Apr 17 16:02:26 2020
timezone: Финляндия (лето)
elapsed time: 4 seconds (0d 0h 0m 4s)

