#
# There is insufficient memory for the Java Runtime Environment to continue.
# Native memory allocation (malloc) failed to allocate 2080496 bytes for Chunk::new
# Possible reasons:
#   The system is out of physical RAM or swap space
#   The process is running with CompressedOops enabled, and the Java Heap may be blocking the growth of the native heap
# Possible solutions:
#   Reduce memory load on the system
#   Increase physical memory or swap space
#   Check if swap backing store is full
#   Decrease Java heap size (-Xmx/-Xms)
#   Decrease number of Java threads
#   Decrease Java thread stack sizes (-Xss)
#   Set larger code cache with -XX:ReservedCodeCacheSize=
#   JVM is running with Unscaled Compressed Oops mode in which the Java heap is
#     placed in the first 4GB address space. The Java Heap base address is the
#     maximum limit for the native heap growth. Please use -XX:HeapBaseMinAddress
#     to set the Java Heap base and to place the Java Heap above 4GB virtual address.
# This output file may be truncated or incomplete.
#
#  Out of Memory Error (allocation.cpp:389), pid=13976, tid=0x0000000000001628
#
# JRE version: OpenJDK Runtime Environment (8.0) (build 1.8.0-25-microsoft-b00)
# Java VM: OpenJDK 64-Bit Server VM (25.71-b00 mixed mode windows-amd64 compressed oops)
# Failed to write core dump. Minidumps are not enabled by default on client versions of Windows
#

---------------  T H R E A D  ---------------

Current thread (0x00000000188d5800):  JavaThread "C2 CompilerThread1" daemon [_thread_in_native, id=5672, stack(0x00000000192a0000,0x00000000193a0000)]

Stack: [0x00000000192a0000,0x00000000193a0000]
[error occurred during error reporting (printing stack bounds), id 0xc0000005]

Native frames: (J=compiled Java code, j=interpreted, Vv=VM code, C=native code)


Current CompileTask:
C2:   2487 1449   !   4       java.net.URLClassLoader$1::run (63 bytes)


---------------  P R O C E S S  ---------------

Java Threads: ( => current thread )
  0x000000001a13f000 JavaThread "Cache worker for file hash cache (C:\Users\acer\Desktop\project_TRUE_JUNIOR\ANDROID\CURSERO CURSE\week4\Morse code C++\.gradle\5.4.1\fileHashes)" [_thread_blocked, id=8160, stack(0x000000001fd40000,0x000000001fe40000)]
  0x000000001a140800 JavaThread "Cache worker for journal cache (C:\Users\acer\.gradle\caches\journal-1)" [_thread_blocked, id=16132, stack(0x000000001d4d0000,0x000000001d5d0000)]
  0x000000001a143800 JavaThread "File lock request listener" [_thread_in_native, id=11540, stack(0x000000001d3d0000,0x000000001d4d0000)]
  0x000000001ad5b800 JavaThread "Cache worker for file hash cache (C:\Users\acer\.gradle\caches\5.4.1\fileHashes)" [_thread_blocked, id=13936, stack(0x000000001d2d0000,0x000000001d3d0000)]
  0x000000001983f000 JavaThread "Thread-9" [_thread_blocked, id=17076, stack(0x000000001c200000,0x000000001c300000)]
  0x00000000197ef000 JavaThread "Stdin handler" [_thread_blocked, id=1832, stack(0x000000001c100000,0x000000001c200000)]
  0x00000000197ec000 JavaThread "Asynchronous log dispatcher for DefaultDaemonConnection: socket connection from /127.0.0.1:56378 to /127.0.0.1:56379" [_thread_blocked, id=17340, stack(0x000000001c000000,0x000000001c100000)]
  0x00000000197e8800 JavaThread "Daemon worker" [_thread_in_vm, id=2352, stack(0x000000001be00000,0x000000001bf00000)]
  0x000000001accb000 JavaThread "Cancel handler" [_thread_blocked, id=11184, stack(0x000000001bd00000,0x000000001be00000)]
  0x000000001ab83000 JavaThread "Handler for socket connection from /127.0.0.1:56378 to /127.0.0.1:56379" [_thread_in_native, id=14620, stack(0x000000001ba00000,0x000000001bb00000)]
  0x000000001ab80000 JavaThread "Daemon" [_thread_blocked, id=14248, stack(0x000000001b900000,0x000000001ba00000)]
  0x0000000018b97800 JavaThread "Daemon periodic checks" [_thread_blocked, id=11200, stack(0x000000001b800000,0x000000001b900000)]
  0x0000000018b96000 JavaThread "Incoming local TCP Connector on port 56378" [_thread_in_native, id=11220, stack(0x000000001b5b0000,0x000000001b6b0000)]
  0x000000001a8c3000 JavaThread "Daemon health stats" [_thread_blocked, id=16232, stack(0x000000001af70000,0x000000001b070000)]
  0x0000000018974000 JavaThread "Service Thread" daemon [_thread_blocked, id=14528, stack(0x00000000195a0000,0x00000000196a0000)]
  0x00000000188ea000 JavaThread "C1 CompilerThread3" daemon [_thread_blocked, id=3924, stack(0x00000000194a0000,0x00000000195a0000)]
  0x00000000188e1800 JavaThread "C2 CompilerThread2" daemon [_thread_blocked, id=12848, stack(0x00000000193a0000,0x00000000194a0000)]
=>0x00000000188d5800 JavaThread "C2 CompilerThread1" daemon [_thread_in_native, id=5672, stack(0x00000000192a0000,0x00000000193a0000)]
  0x00000000188d2000 JavaThread "C2 CompilerThread0" daemon [_thread_in_native, id=7580, stack(0x00000000191a0000,0x00000000192a0000)]
  0x00000000188d0800 JavaThread "Attach Listener" daemon [_thread_blocked, id=2384, stack(0x00000000190a0000,0x00000000191a0000)]
  0x0000000016a8e800 JavaThread "Signal Dispatcher" daemon [_thread_blocked, id=15732, stack(0x0000000018fa0000,0x00000000190a0000)]
  0x0000000002cb9000 JavaThread "Finalizer" daemon [_thread_blocked, id=12752, stack(0x0000000018da0000,0x0000000018ea0000)]
  0x0000000002cb6000 JavaThread "Reference Handler" daemon [_thread_blocked, id=16404, stack(0x0000000018ca0000,0x0000000018da0000)]
  0x0000000000bfe800 JavaThread "main" [_thread_blocked, id=5132, stack(0x0000000002ac0000,0x0000000002bc0000)]

Other Threads:
  0x0000000016a78000 VMThread [stack: 0x00000000187a0000,0x00000000188a0000] [id=7792]
  0x000000001893d800 WatcherThread [stack: 0x00000000196a0000,0x00000000197a0000] [id=6064]

VM state:not at safepoint (normal execution)

VM Mutex/Monitor currently owned by a thread: None

heap address: 0x00000000a0000000, size: 1536 MB, Compressed Oops mode: 32-bit
Narrow klass base: 0x0000000000000000, Narrow klass shift: 3
Compressed class space size: 1073741824 Address: 0x0000000100000000

Heap:
 PSYoungGen      total 38400K, used 19375K [0x00000000e0000000, 0x00000000e4b00000, 0x0000000100000000)
  eden space 33280K, 42% used [0x00000000e0000000,0x00000000e0df3f20,0x00000000e2080000)
  from space 5120K, 99% used [0x00000000e2580000,0x00000000e2a78020,0x00000000e2a80000)
  to   space 5120K, 0% used [0x00000000e2080000,0x00000000e2080000,0x00000000e2580000)
 ParOldGen       total 87552K, used 5262K [0x00000000a0000000, 0x00000000a5580000, 0x00000000e0000000)
  object space 87552K, 6% used [0x00000000a0000000,0x00000000a0523bd0,0x00000000a5580000)
 Metaspace       used 17349K, capacity 17788K, committed 18048K, reserved 1064960K
  class space    used 2506K, capacity 2652K, committed 2688K, reserved 1048576K

Card table byte_map: [0x0000000012080000,0x0000000012390000] byte_map_base: 0x0000000011b80000

Marking Bits: (ParMarkBitMap*) 0x0000000056038f30
 Begin Bits: [0x0000000012d90000, 0x0000000014590000)
 End Bits:   [0x0000000014590000, 0x0000000015d90000)

Polling page: 0x0000000000be0000

CodeCache: size=245760Kb used=5385Kb max_used=5385Kb free=240374Kb
 bounds [0x0000000002cc0000, 0x0000000003210000, 0x0000000011cc0000]
 total_blobs=1981 nmethods=1582 adapters=312
 compilation: enabled

Compilation events (10 events):
Event: 2.478 Thread 0x00000000188e1800 1582       4       java.security.CodeSource::getCertificates (98 bytes)
Event: 2.479 Thread 0x00000000188e1800 nmethod 1582 0x0000000003203090 code [0x00000000032031c0, 0x0000000003203258]
Event: 2.482 Thread 0x00000000188ea000 1583       3       org.gradle.internal.service.AbstractServiceMethod::<init> (42 bytes)
Event: 2.483 Thread 0x00000000188ea000 nmethod 1583 0x0000000003200fd0 code [0x0000000003201240, 0x0000000003202528]
Event: 2.483 Thread 0x00000000188ea000 1586       3       org.gradle.internal.service.DefaultServiceRegistry$FactoryMethodService::<init> (29 bytes)
Event: 2.484 Thread 0x00000000188ea000 nmethod 1586 0x0000000003203310 code [0x00000000032034e0, 0x0000000003203d28]
Event: 2.484 Thread 0x00000000188ea000 1584       3       sun.reflect.generics.parser.SignatureParser::parseFieldTypeSignature (6 bytes)
Event: 2.484 Thread 0x00000000188ea000 nmethod 1584 0x0000000003200c50 code [0x0000000003200dc0, 0x0000000003200f48]
Event: 2.484 Thread 0x00000000188ea000 1585       3       sun.reflect.generics.parser.SignatureParser::parseFieldTypeSignature (73 bytes)
Event: 2.484 Thread 0x00000000188ea000 nmethod 1585 0x00000000032043d0 code [0x00000000032045c0, 0x0000000003204a78]

GC Heap History (8 events):
Event: 0.791 GC heap before
{Heap before GC invocations=1 (full 0):
 PSYoungGen      total 38400K, used 33280K [0x00000000e0000000, 0x00000000e2a80000, 0x0000000100000000)
  eden space 33280K, 100% used [0x00000000e0000000,0x00000000e2080000,0x00000000e2080000)
  from space 5120K, 0% used [0x00000000e2580000,0x00000000e2580000,0x00000000e2a80000)
  to   space 5120K, 0% used [0x00000000e2080000,0x00000000e2080000,0x00000000e2580000)
 ParOldGen       total 87552K, used 0K [0x00000000a0000000, 0x00000000a5580000, 0x00000000e0000000)
  object space 87552K, 0% used [0x00000000a0000000,0x00000000a0000000,0x00000000a5580000)
 Metaspace       used 6957K, capacity 7130K, committed 7424K, reserved 1056768K
  class space    used 851K, capacity 910K, committed 1024K, reserved 1048576K
Event: 0.795 GC heap after
Heap after GC invocations=1 (full 0):
 PSYoungGen      total 38400K, used 4242K [0x00000000e0000000, 0x00000000e2a80000, 0x0000000100000000)
  eden space 33280K, 0% used [0x00000000e0000000,0x00000000e0000000,0x00000000e2080000)
  from space 5120K, 82% used [0x00000000e2080000,0x00000000e24a4820,0x00000000e2580000)
  to   space 5120K, 0% used [0x00000000e2580000,0x00000000e2580000,0x00000000e2a80000)
 ParOldGen       total 87552K, used 8K [0x00000000a0000000, 0x00000000a5580000, 0x00000000e0000000)
  object space 87552K, 0% used [0x00000000a0000000,0x00000000a0002000,0x00000000a5580000)
 Metaspace       used 6957K, capacity 7130K, committed 7424K, reserved 1056768K
  class space    used 851K, capacity 910K, committed 1024K, reserved 1048576K
}
Event: 1.234 GC heap before
{Heap before GC invocations=2 (full 0):
 PSYoungGen      total 38400K, used 37522K [0x00000000e0000000, 0x00000000e2a80000, 0x0000000100000000)
  eden space 33280K, 100% used [0x00000000e0000000,0x00000000e2080000,0x00000000e2080000)
  from space 5120K, 82% used [0x00000000e2080000,0x00000000e24a4820,0x00000000e2580000)
  to   space 5120K, 0% used [0x00000000e2580000,0x00000000e2580000,0x00000000e2a80000)
 ParOldGen       total 87552K, used 8K [0x00000000a0000000, 0x00000000a5580000, 0x00000000e0000000)
  object space 87552K, 0% used [0x00000000a0000000,0x00000000a0002000,0x00000000a5580000)
 Metaspace       used 8962K, capacity 9216K, committed 9472K, reserved 1056768K
  class space    used 1170K, capacity 1262K, committed 1280K, reserved 1048576K
Event: 1.239 GC heap after
Heap after GC invocations=2 (full 0):
 PSYoungGen      total 38400K, used 4580K [0x00000000e0000000, 0x00000000e2a80000, 0x0000000100000000)
  eden space 33280K, 0% used [0x00000000e0000000,0x00000000e0000000,0x00000000e2080000)
  from space 5120K, 89% used [0x00000000e2580000,0x00000000e29f9398,0x00000000e2a80000)
  to   space 5120K, 0% used [0x00000000e2080000,0x00000000e2080000,0x00000000e2580000)
 ParOldGen       total 87552K, used 16K [0x00000000a0000000, 0x00000000a5580000, 0x00000000e0000000)
  object space 87552K, 0% used [0x00000000a0000000,0x00000000a0004000,0x00000000a5580000)
 Metaspace       used 8962K, capacity 9216K, committed 9472K, reserved 1056768K
  class space    used 1170K, capacity 1262K, committed 1280K, reserved 1048576K
}
Event: 1.999 GC heap before
{Heap before GC invocations=3 (full 0):
 PSYoungGen      total 38400K, used 37860K [0x00000000e0000000, 0x00000000e2a80000, 0x0000000100000000)
  eden space 33280K, 100% used [0x00000000e0000000,0x00000000e2080000,0x00000000e2080000)
  from space 5120K, 89% used [0x00000000e2580000,0x00000000e29f9398,0x00000000e2a80000)
  to   space 5120K, 0% used [0x00000000e2080000,0x00000000e2080000,0x00000000e2580000)
 ParOldGen       total 87552K, used 16K [0x00000000a0000000, 0x00000000a5580000, 0x00000000e0000000)
  object space 87552K, 0% used [0x00000000a0000000,0x00000000a0004000,0x00000000a5580000)
 Metaspace       used 13372K, capacity 13740K, committed 13824K, reserved 1060864K
  class space    used 1849K, capacity 2002K, committed 2048K, reserved 1048576K
Event: 2.004 GC heap after
Heap after GC invocations=3 (full 0):
 PSYoungGen      total 38400K, used 5104K [0x00000000e0000000, 0x00000000e2a80000, 0x0000000100000000)
  eden space 33280K, 0% used [0x00000000e0000000,0x00000000e0000000,0x00000000e2080000)
  from space 5120K, 99% used [0x00000000e2080000,0x00000000e257c030,0x00000000e2580000)
  to   space 5120K, 0% used [0x00000000e2580000,0x00000000e2580000,0x00000000e2a80000)
 ParOldGen       total 87552K, used 2047K [0x00000000a0000000, 0x00000000a5580000, 0x00000000e0000000)
  object space 87552K, 2% used [0x00000000a0000000,0x00000000a01ffce0,0x00000000a5580000)
 Metaspace       used 13372K, capacity 13740K, committed 13824K, reserved 1060864K
  class space    used 1849K, capacity 2002K, committed 2048K, reserved 1048576K
}
Event: 2.325 GC heap before
{Heap before GC invocations=4 (full 0):
 PSYoungGen      total 38400K, used 38384K [0x00000000e0000000, 0x00000000e2a80000, 0x0000000100000000)
  eden space 33280K, 100% used [0x00000000e0000000,0x00000000e2080000,0x00000000e2080000)
  from space 5120K, 99% used [0x00000000e2080000,0x00000000e257c030,0x00000000e2580000)
  to   space 5120K, 0% used [0x00000000e2580000,0x00000000e2580000,0x00000000e2a80000)
 ParOldGen       total 87552K, used 2047K [0x00000000a0000000, 0x00000000a5580000, 0x00000000e0000000)
  object space 87552K, 2% used [0x00000000a0000000,0x00000000a01ffce0,0x00000000a5580000)
 Metaspace       used 16252K, capacity 16700K, committed 16896K, reserved 1062912K
  class space    used 2312K, capacity 2460K, committed 2560K, reserved 1048576K
Event: 2.334 GC heap after
Heap after GC invocations=4 (full 0):
 PSYoungGen      total 38400K, used 5088K [0x00000000e0000000, 0x00000000e4b00000, 0x0000000100000000)
  eden space 33280K, 0% used [0x00000000e0000000,0x00000000e0000000,0x00000000e2080000)
  from space 5120K, 99% used [0x00000000e2580000,0x00000000e2a78020,0x00000000e2a80000)
  to   space 5120K, 0% used [0x00000000e2080000,0x00000000e2080000,0x00000000e2580000)
 ParOldGen       total 87552K, used 5262K [0x00000000a0000000, 0x00000000a5580000, 0x00000000e0000000)
  object space 87552K, 6% used [0x00000000a0000000,0x00000000a0523bd0,0x00000000a5580000)
 Metaspace       used 16252K, capacity 16700K, committed 16896K, reserved 1062912K
  class space    used 2312K, capacity 2460K, committed 2560K, reserved 1048576K
}

Deoptimization events (10 events):
Event: 1.446 Thread 0x0000000000bfe800 Uncommon trap: reason=unstable_if action=reinterpret pc=0x0000000003002ae4 method=java.io.WinNTFileSystem.normalize(Ljava/lang/String;II)Ljava/lang/String; @ 90
Event: 1.759 Thread 0x000000001ab83000 Uncommon trap: reason=unstable_if action=reinterpret pc=0x00000000030713f8 method=java.util.concurrent.ConcurrentHashMap.putVal(Ljava/lang/Object;Ljava/lang/Object;Z)Ljava/lang/Object; @ 206
Event: 1.809 Thread 0x00000000197e8800 Uncommon trap: reason=bimorphic action=maybe_recompile pc=0x0000000002f37be0 method=java.util.HashMap.putVal(ILjava/lang/Object;Ljava/lang/Object;ZZ)Ljava/lang/Object; @ 253
Event: 1.809 Thread 0x00000000197e8800 Uncommon trap: reason=bimorphic action=maybe_recompile pc=0x0000000002f37be0 method=java.util.HashMap.putVal(ILjava/lang/Object;Ljava/lang/Object;ZZ)Ljava/lang/Object; @ 253
Event: 1.809 Thread 0x00000000197e8800 Uncommon trap: reason=bimorphic action=maybe_recompile pc=0x0000000002f37be0 method=java.util.HashMap.putVal(ILjava/lang/Object;Ljava/lang/Object;ZZ)Ljava/lang/Object; @ 253
Event: 1.992 Thread 0x00000000197e8800 Uncommon trap: reason=class_check action=maybe_recompile pc=0x0000000002f8df58 method=java.util.regex.Matcher.match(II)Z @ 86
Event: 2.012 Thread 0x00000000197e8800 Uncommon trap: reason=class_check action=maybe_recompile pc=0x0000000002f8df58 method=java.util.regex.Matcher.match(II)Z @ 86
Event: 2.012 Thread 0x00000000197e8800 Uncommon trap: reason=class_check action=maybe_recompile pc=0x0000000002f8df58 method=java.util.regex.Matcher.match(II)Z @ 86
Event: 2.013 Thread 0x00000000197e8800 Uncommon trap: reason=class_check action=maybe_recompile pc=0x0000000002f4fedc method=java.util.regex.Matcher.match(II)Z @ 86
Event: 2.194 Thread 0x00000000197e8800 Uncommon trap: reason=unstable_if action=reinterpret pc=0x0000000003068ef4 method=java.lang.String.lastIndexOf([CII[CIII)I @ 66

Classes redefined (0 events):
No events

Internal exceptions (10 events):
Event: 1.763 Thread 0x000000001ab83000 Exception <a 'java/lang/NoSuchMethodError': <clinit>> (0x00000000e09c0570) thrown at [D:\j\worksp~1\openjd~3\jdk8u\hotspot\src\share\vm\prims\jni.cpp, line 1614]
Event: 1.766 Thread 0x000000001ab83000 Exception <a 'java/lang/NoSuchMethodError': <clinit>> (0x00000000e09d3758) thrown at [D:\j\worksp~1\openjd~3\jdk8u\hotspot\src\share\vm\prims\jni.cpp, line 1614]
Event: 1.768 Thread 0x000000001ab83000 Exception <a 'java/lang/NoSuchMethodError': <clinit>> (0x00000000e09fab90) thrown at [D:\j\worksp~1\openjd~3\jdk8u\hotspot\src\share\vm\prims\jni.cpp, line 1614]
Event: 1.770 Thread 0x000000001ab83000 Exception <a 'java/lang/NoSuchMethodError': <clinit>> (0x00000000e0a12bc0) thrown at [D:\j\worksp~1\openjd~3\jdk8u\hotspot\src\share\vm\prims\jni.cpp, line 1614]
Event: 1.771 Thread 0x000000001ab83000 Exception <a 'java/lang/NoSuchMethodError': <clinit>> (0x00000000e0a1b850) thrown at [D:\j\worksp~1\openjd~3\jdk8u\hotspot\src\share\vm\prims\jni.cpp, line 1614]
Event: 1.772 Thread 0x000000001ab83000 Exception <a 'java/lang/NoSuchMethodError': <clinit>> (0x00000000e0a31e70) thrown at [D:\j\worksp~1\openjd~3\jdk8u\hotspot\src\share\vm\prims\jni.cpp, line 1614]
Event: 1.779 Thread 0x000000001ab83000 Exception <a 'java/lang/NoSuchMethodError': <clinit>> (0x00000000e0a8f0e8) thrown at [D:\j\worksp~1\openjd~3\jdk8u\hotspot\src\share\vm\prims\jni.cpp, line 1614]
Event: 1.782 Thread 0x000000001ab83000 Exception <a 'java/lang/NoSuchMethodError': <clinit>> (0x00000000e0abbed8) thrown at [D:\j\worksp~1\openjd~3\jdk8u\hotspot\src\share\vm\prims\jni.cpp, line 1614]
Event: 1.784 Thread 0x000000001ab83000 Exception <a 'java/lang/NoSuchMethodError': <clinit>> (0x00000000e0ae9e40) thrown at [D:\j\worksp~1\openjd~3\jdk8u\hotspot\src\share\vm\prims\jni.cpp, line 1614]
Event: 1.785 Thread 0x000000001ab83000 Exception <a 'java/lang/NoSuchMethodError': <clinit>> (0x00000000e0af5248) thrown at [D:\j\worksp~1\openjd~3\jdk8u\hotspot\src\share\vm\prims\jni.cpp, line 1614]

Events (10 events):
Event: 2.483 loading class org/gradle/internal/service/scopes/GradleScopeServices$1
Event: 2.483 loading class org/gradle/internal/service/scopes/GradleScopeServices$1 done
Event: 2.483 loading class org/gradle/caching/internal/services/BuildCacheServices
Event: 2.483 loading class org/gradle/caching/internal/services/BuildCacheServices done
Event: 2.483 loading class org/gradle/caching/internal/packaging/BuildCacheEntryPacker
Event: 2.483 loading class org/gradle/caching/internal/packaging/BuildCacheEntryPacker done
Event: 2.484 loading class org/gradle/util/GUtil$1
Event: 2.484 loading class org/gradle/util/GUtil$1 done
Event: 2.484 loading class com/google/common/base/Strings
Event: 2.484 loading class com/google/common/base/Strings done


Dynamic libraries:
0x00007ff708250000 - 0x00007ff708285000 	C:\Program Files\Android\jdk\microsoft_dist_openjdk_1.8.0.25\bin\java.exe
0x00007ffd32da0000 - 0x00007ffd32f81000 	C:\Windows\SYSTEM32\ntdll.dll
0x00007ffd303a0000 - 0x00007ffd30451000 	C:\Windows\System32\KERNEL32.DLL
0x00007ffd2fc70000 - 0x00007ffd2fee3000 	C:\Windows\System32\KERNELBASE.dll
0x00007ffd30700000 - 0x00007ffd307a1000 	C:\Windows\System32\ADVAPI32.dll
0x00007ffd308e0000 - 0x00007ffd3097e000 	C:\Windows\System32\msvcrt.dll
0x00007ffd307d0000 - 0x00007ffd3082b000 	C:\Windows\System32\sechost.dll
0x00007ffd31250000 - 0x00007ffd31374000 	C:\Windows\System32\RPCRT4.dll
0x00007ffd32bd0000 - 0x00007ffd32d60000 	C:\Windows\System32\USER32.dll
0x00007ffd30200000 - 0x00007ffd30220000 	C:\Windows\System32\win32u.dll
0x00007ffd32ba0000 - 0x00007ffd32bc8000 	C:\Windows\System32\GDI32.dll
0x00007ffd2f9c0000 - 0x00007ffd2fb51000 	C:\Windows\System32\gdi32full.dll
0x00007ffd30160000 - 0x00007ffd301ff000 	C:\Windows\System32\msvcp_win.dll
0x00007ffd2f8c0000 - 0x00007ffd2f9b8000 	C:\Windows\System32\ucrtbase.dll
0x00007ffd13870000 - 0x00007ffd13ad9000 	C:\Windows\WinSxS\amd64_microsoft.windows.common-controls_6595b64144ccf1df_6.0.17134.1246_none_d3ffb9d77c90723d\COMCTL32.dll
0x00007ffd30ad0000 - 0x00007ffd30df1000 	C:\Windows\System32\combase.dll
0x00007ffd2fef0000 - 0x00007ffd2ff69000 	C:\Windows\System32\bcryptPrimitives.dll
0x00007ffd32a90000 - 0x00007ffd32abd000 	C:\Windows\System32\IMM32.DLL
0x00000000560c0000 - 0x0000000056191000 	C:\Program Files\Android\jdk\microsoft_dist_openjdk_1.8.0.25\jre\bin\msvcr100.dll
0x0000000055870000 - 0x00000000560b5000 	C:\Program Files\Android\jdk\microsoft_dist_openjdk_1.8.0.25\jre\bin\server\jvm.dll
0x00007ffd32ac0000 - 0x00007ffd32ac8000 	C:\Windows\System32\PSAPI.DLL
0x00007ffd29d10000 - 0x00007ffd29d33000 	C:\Windows\SYSTEM32\WINMM.dll
0x00007ffd26bd0000 - 0x00007ffd26bda000 	C:\Windows\SYSTEM32\VERSION.dll
0x00007ffd17240000 - 0x00007ffd17249000 	C:\Windows\SYSTEM32\WSOCK32.dll
0x00007ffd32ad0000 - 0x00007ffd32b3c000 	C:\Windows\System32\WS2_32.dll
0x00007ffd29bb0000 - 0x00007ffd29bda000 	C:\Windows\SYSTEM32\winmmbase.dll
0x00007ffd2f870000 - 0x00007ffd2f8b9000 	C:\Windows\System32\cfgmgr32.dll
0x00007ffd292f0000 - 0x00007ffd292ff000 	C:\Program Files\Android\jdk\microsoft_dist_openjdk_1.8.0.25\jre\bin\verify.dll
0x00007ffd1e270000 - 0x00007ffd1e299000 	C:\Program Files\Android\jdk\microsoft_dist_openjdk_1.8.0.25\jre\bin\java.dll
0x00007ffd292d0000 - 0x00007ffd292e6000 	C:\Program Files\Android\jdk\microsoft_dist_openjdk_1.8.0.25\jre\bin\zip.dll
0x00007ffd31380000 - 0x00007ffd327c5000 	C:\Windows\System32\SHELL32.dll
0x00007ffd30830000 - 0x00007ffd308d9000 	C:\Windows\System32\shcore.dll
0x00007ffd2f160000 - 0x00007ffd2f870000 	C:\Windows\System32\windows.storage.dll
0x00007ffd32930000 - 0x00007ffd32981000 	C:\Windows\System32\shlwapi.dll
0x00007ffd2f100000 - 0x00007ffd2f111000 	C:\Windows\System32\kernel.appcore.dll
0x00007ffd2f140000 - 0x00007ffd2f15f000 	C:\Windows\System32\profapi.dll
0x00007ffd2f0a0000 - 0x00007ffd2f0ec000 	C:\Windows\System32\powrprof.dll
0x00007ffd2f0f0000 - 0x00007ffd2f0fa000 	C:\Windows\System32\FLTLIB.DLL
0x00007ffd1d620000 - 0x00007ffd1d63a000 	C:\Program Files\Android\jdk\microsoft_dist_openjdk_1.8.0.25\jre\bin\net.dll
0x00007ffd2e920000 - 0x00007ffd2e986000 	C:\Windows\system32\mswsock.dll
0x00007ffd1d580000 - 0x00007ffd1d591000 	C:\Program Files\Android\jdk\microsoft_dist_openjdk_1.8.0.25\jre\bin\nio.dll
0x00007ffcea010000 - 0x00007ffcea036000 	C:\Users\acer\.gradle\native\29\windows-amd64\native-platform.dll
0x00007ffd1e240000 - 0x00007ffd1e24d000 	C:\Program Files\Android\jdk\microsoft_dist_openjdk_1.8.0.25\jre\bin\management.dll
0x00007ffd2ead0000 - 0x00007ffd2eae7000 	C:\Windows\SYSTEM32\CRYPTSP.dll
0x00007ffd2e4d0000 - 0x00007ffd2e503000 	C:\Windows\system32\rsaenh.dll
0x00007ffd2ec00000 - 0x00007ffd2ec25000 	C:\Windows\SYSTEM32\bcrypt.dll
0x00007ffd2efa0000 - 0x00007ffd2efc8000 	C:\Windows\SYSTEM32\USERENV.dll
0x00007ffd2eaf0000 - 0x00007ffd2eafb000 	C:\Windows\SYSTEM32\CRYPTBASE.dll
0x00007ffd2e670000 - 0x00007ffd2e6a8000 	C:\Windows\SYSTEM32\IPHLPAPI.DLL
0x00007ffd32d60000 - 0x00007ffd32d68000 	C:\Windows\System32\NSI.dll
0x00007ffd27f20000 - 0x00007ffd27f36000 	C:\Windows\SYSTEM32\dhcpcsvc6.DLL
0x00007ffd27f00000 - 0x00007ffd27f1a000 	C:\Windows\SYSTEM32\dhcpcsvc.DLL

VM Arguments:
jvm_args: -Xmx1536m -Dfile.encoding=windows-1251 -Duser.country=RU -Duser.language=ru -Duser.variant 
java_command: org.gradle.launcher.daemon.bootstrap.GradleDaemon 5.4.1
java_class_path (initial): C:\Users\acer\.gradle\wrapper\dists\gradle-5.4.1-all\3221gyojl5jsh0helicew7rwx\gradle-5.4.1\lib\gradle-launcher-5.4.1.jar
Launcher Type: SUN_STANDARD

Environment Variables:
JAVA_HOME=C:\Program Files\Android\Jdk\microsoft_dist_openjdk_1.8.0.25
PATH=C:\Program Files\Microsoft MPI\Bin\;C:\Program Files (x86)\Common Files\Oracle\Java\javapath;C:\Program Files (x86)\Intel\iCLS Client\;C:\Program Files\Intel\iCLS Client\;C:\Windows\system32;C:\Windows;C:\Windows\System32\Wbem;C:\Windows\System32\WindowsPowerShell\v1.0\;C:\Windows\System32\OpenSSH\;C:\Program Files\Intel\WiFi\bin\;C:\Program Files\Common Files\Intel\WirelessCommon\;C:\Program Files (x86)\Intel\Intel(R) Management Engine Components\DAL;C:\Program Files\Intel\Intel(R) Management Engine Components\DAL;C:\Program Files (x86)\Intel\Intel(R) Management Engine Components\IPT;C:\Program Files\Intel\Intel(R) Management Engine Components\IPT;C:\Program Files\Microsoft SQL Server\110\Tools\Binn\;C:\Program Files\Microsoft SQL Server\120\Tools\Binn\;C:\Program Files\dotnet\;C:\Program Files\Microsoft SQL Server\130\Tools\Binn\;C:\Program Files\Microsoft SQL Server\Client SDK\ODBC\170\Tools\Binn\;C:\Program Files (x86)\Microsoft SQL Server\130\Tools\Binn\;C:\Program Files (x86)\Microsoft SQL Server\130\DTS\Binn\;C:\Program Files\Microsoft SQL Server\130\DTS\Binn\;C:\Program Files\Microsoft SQL Server\Client SDK\ODBC\130\Tools\Binn\;C:\Program Files (x86)\Microsoft SQL Server\150\DTS\Binn\;C:\Program Files\MySQL\MySQL Shell 8.0\bin\;C:\Users\acer\AppData\Local\Microsoft\WindowsApps;C:\Program Files\Intel\WiFi\bin\;C:\Program Files\Common Files\Intel\WirelessCommon\
USERNAME=acer
OS=Windows_NT
PROCESSOR_IDENTIFIER=Intel64 Family 6 Model 142 Stepping 10, GenuineIntel



---------------  S Y S T E M  ---------------

OS: Windows 10.0 , 64 bit Build 17134 (10.0.17134.753)

CPU:total 8 (initial active 8) (4 cores per cpu, 2 threads per core) family 6 model 142 stepping 10, cmov, cx8, fxsr, mmx, sse, sse2, sse3, ssse3, sse4.1, sse4.2, popcnt, avx, avx2, aes, clmul, erms, 3dnowpref, lzcnt, ht, tsc, tscinvbit, bmi1, bmi2, adx

Memory: 4k page, physical 8262884k(1174296k free), swap 10310884k(4080k free)

vm_info: OpenJDK 64-Bit Server VM (25.71-b00) for windows-amd64 JRE (1.8.0-25-microsoft-b00), built on Feb  7 2019 20:09:14 by "builder" with MS VC++ 10.0 (VS2010)

time: Fri Apr 17 16:01:34 2020
timezone: Финляндия (лето)
elapsed time: 2 seconds (0d 0h 0m 2s)

