#
# There is insufficient memory for the Java Runtime Environment to continue.
# Native memory allocation (malloc) failed to allocate 1210400 bytes for Chunk::new
# Possible reasons:
#   The system is out of physical RAM or swap space
#   The process is running with CompressedOops enabled, and the Java Heap may be blocking the growth of the native heap
# Possible solutions:
#   Reduce memory load on the system
#   Increase physical memory or swap space
#   Check if swap backing store is full
#   Decrease Java heap size (-Xmx/-Xms)
#   Decrease number of Java threads
#   Decrease Java thread stack sizes (-Xss)
#   Set larger code cache with -XX:ReservedCodeCacheSize=
#   JVM is running with Unscaled Compressed Oops mode in which the Java heap is
#     placed in the first 4GB address space. The Java Heap base address is the
#     maximum limit for the native heap growth. Please use -XX:HeapBaseMinAddress
#     to set the Java Heap base and to place the Java Heap above 4GB virtual address.
# This output file may be truncated or incomplete.
#
#  Out of Memory Error (allocation.cpp:389), pid=7456, tid=0x0000000000003fd8
#
# JRE version: OpenJDK Runtime Environment (8.0) (build 1.8.0-25-microsoft-b00)
# Java VM: OpenJDK 64-Bit Server VM (25.71-b00 mixed mode windows-amd64 compressed oops)
# Failed to write core dump. Minidumps are not enabled by default on client versions of Windows
#

---------------  T H R E A D  ---------------

Current thread (0x0000000018e79000):  JavaThread "C2 CompilerThread2" daemon [_thread_in_native, id=16344, stack(0x0000000019940000,0x0000000019a40000)]

Stack: [0x0000000019940000,0x0000000019a40000]
[error occurred during error reporting (printing stack bounds), id 0xc0000005]

Native frames: (J=compiled Java code, j=interpreted, Vv=VM code, C=native code)


Current CompileTask:
C2:   8024 5692       4       sun.reflect.generics.parser.SignatureParser::parsePackageNameAndSimpleClassTypeSignature (139 bytes)


---------------  P R O C E S S  ---------------

Java Threads: ( => current thread )
  0x000000001ff5a800 JavaThread "Execution worker for ':' Thread 7" [_thread_in_Java, id=7552, stack(0x0000000026f00000,0x0000000027000000)]
  0x000000001ff59800 JavaThread "Execution worker for ':' Thread 6" [_thread_blocked, id=4112, stack(0x0000000026e00000,0x0000000026f00000)]
  0x000000001ff56800 JavaThread "Execution worker for ':' Thread 5" [_thread_blocked, id=15536, stack(0x0000000026d00000,0x0000000026e00000)]
  0x000000001d2fb800 JavaThread "Execution worker for ':' Thread 4" [_thread_blocked, id=13056, stack(0x0000000026c00000,0x0000000026d00000)]
  0x000000001d2fa800 JavaThread "Execution worker for ':' Thread 3" [_thread_blocked, id=2384, stack(0x0000000026b00000,0x0000000026c00000)]
  0x000000001d2f6000 JavaThread "Execution worker for ':' Thread 2" [_thread_blocked, id=5132, stack(0x0000000026a00000,0x0000000026b00000)]
  0x000000001d2f9000 JavaThread "Execution worker for ':'" [_thread_blocked, id=14620, stack(0x0000000026900000,0x0000000026a00000)]
  0x000000001d2f7800 JavaThread "Cache worker for file content cache (C:\Users\acer\Desktop\project_TRUE_JUNIOR\ANDROID\CURSERO CURSE\week4\Morse code C++\.gradle\5.4.1\fileContent)" [_thread_blocked, id=15732, stack(0x00000000253e0000,0x00000000254e0000)]
  0x000000001d2fc000 JavaThread "Cache worker for file content cache (C:\Users\acer\.gradle\caches\5.4.1\fileContent)" [_thread_blocked, id=6304, stack(0x0000000025040000,0x0000000025140000)]
  0x000000001d2f8800 JavaThread "Memory manager" [_thread_blocked, id=15736, stack(0x0000000024b40000,0x0000000024c40000)]
  0x000000001d2f0000 JavaThread "Cache worker for Build Output Cleanup Cache (C:\Users\acer\Desktop\project_TRUE_JUNIOR\ANDROID\CURSERO CURSE\week4\Morse code C++\.gradle\buildOutputCleanup)" [_thread_blocked, id=9768, stack(0x0000000024240000,0x0000000024340000)]
  0x000000001d2f3000 JavaThread "pool-1-thread-1" [_thread_blocked, id=10256, stack(0x0000000023ad0000,0x0000000023bd0000)]
  0x000000001d2f2800 JavaThread "Build operations Thread 8" [_thread_blocked, id=17364, stack(0x00000000239d0000,0x0000000023ad0000)]
  0x000000001d2f4800 JavaThread "Build operations Thread 7" [_thread_blocked, id=16588, stack(0x00000000238d0000,0x00000000239d0000)]
  0x000000001d2f1800 JavaThread "Build operations Thread 6" [_thread_blocked, id=17040, stack(0x00000000237d0000,0x00000000238d0000)]
  0x000000001d2f7000 JavaThread "Build operations Thread 5" [_thread_blocked, id=10152, stack(0x00000000236d0000,0x00000000237d0000)]
  0x000000001d2ee000 JavaThread "Build operations Thread 4" [_thread_blocked, id=556, stack(0x00000000235d0000,0x00000000236d0000)]
  0x000000001d2ef800 JavaThread "Build operations Thread 3" [_thread_blocked, id=2488, stack(0x00000000234d0000,0x00000000235d0000)]
  0x000000001d2ee800 JavaThread "Build operations Thread 2" [_thread_blocked, id=8480, stack(0x00000000233d0000,0x00000000234d0000)]
  0x000000001d2f4000 JavaThread "Build operations" [_thread_blocked, id=16392, stack(0x0000000023060000,0x0000000023160000)]
  0x000000001d2f1000 JavaThread "Cache worker for execution history cache (C:\Users\acer\.gradle\caches\5.4.1\executionHistory)" [_thread_blocked, id=5800, stack(0x0000000022c40000,0x0000000022d40000)]
  0x0000000019f5d000 JavaThread "Cache worker for cache directory md-rule (C:\Users\acer\.gradle\caches\5.4.1\md-rule)" [_thread_blocked, id=9072, stack(0x0000000020940000,0x0000000020a40000)]
  0x0000000019f64000 JavaThread "Cache worker for cache directory md-supplier (C:\Users\acer\.gradle\caches\5.4.1\md-supplier)" [_thread_blocked, id=14848, stack(0x0000000020410000,0x0000000020510000)]
  0x0000000019f63000 JavaThread "Cache worker for file hash cache (C:\Users\acer\Desktop\project_TRUE_JUNIOR\ANDROID\CURSERO CURSE\week4\Morse code C++\.gradle\5.4.1\fileHashes)" [_thread_blocked, id=14376, stack(0x000000001ef40000,0x000000001f040000)]
  0x0000000019f62800 JavaThread "Cache worker for journal cache (C:\Users\acer\.gradle\caches\journal-1)" [_thread_blocked, id=8316, stack(0x000000001da70000,0x000000001db70000)]
  0x0000000019f5f800 JavaThread "File lock request listener" [_thread_in_native, id=10552, stack(0x000000001d970000,0x000000001da70000)]
  0x000000001b268000 JavaThread "Cache worker for file hash cache (C:\Users\acer\.gradle\caches\5.4.1\fileHashes)" [_thread_blocked, id=948, stack(0x000000001d870000,0x000000001d970000)]
  0x000000001b019000 JavaThread "Thread-9" [_thread_blocked, id=16544, stack(0x000000001c7a0000,0x000000001c8a0000)]
  0x000000001b3a2800 JavaThread "Stdin handler" [_thread_blocked, id=15072, stack(0x000000001c6a0000,0x000000001c7a0000)]
  0x000000001b3a2000 JavaThread "Asynchronous log dispatcher for DefaultDaemonConnection: socket connection from /127.0.0.1:56401 to /127.0.0.1:56402" [_thread_blocked, id=9532, stack(0x000000001c5a0000,0x000000001c6a0000)]
  0x0000000019183800 JavaThread "Daemon worker" [_thread_blocked, id=15376, stack(0x000000001c3a0000,0x000000001c4a0000)]
  0x000000001b366000 JavaThread "Cancel handler" [_thread_blocked, id=10328, stack(0x000000001c2a0000,0x000000001c3a0000)]
  0x0000000018f8d800 JavaThread "Handler for socket connection from /127.0.0.1:56401 to /127.0.0.1:56402" [_thread_in_native, id=10220, stack(0x000000001bfa0000,0x000000001c0a0000)]
  0x0000000018f85800 JavaThread "Daemon" [_thread_blocked, id=16956, stack(0x000000001bea0000,0x000000001bfa0000)]
  0x0000000019f38800 JavaThread "Daemon periodic checks" [_thread_blocked, id=9032, stack(0x000000001bda0000,0x000000001bea0000)]
  0x0000000019f23000 JavaThread "Incoming local TCP Connector on port 56401" [_thread_in_native, id=2872, stack(0x000000001bb50000,0x000000001bc50000)]
  0x000000001b139800 JavaThread "Daemon health stats" [_thread_blocked, id=4796, stack(0x000000001b510000,0x000000001b610000)]
  0x0000000018e8e000 JavaThread "Service Thread" daemon [_thread_blocked, id=13928, stack(0x0000000019b40000,0x0000000019c40000)]
  0x0000000018e7e000 JavaThread "C1 CompilerThread3" daemon [_thread_in_vm, id=6704, stack(0x0000000019a40000,0x0000000019b40000)]
=>0x0000000018e79000 JavaThread "C2 CompilerThread2" daemon [_thread_in_native, id=16344, stack(0x0000000019940000,0x0000000019a40000)]
  0x0000000018e77800 JavaThread "C2 CompilerThread1" daemon [_thread_in_native, id=5040, stack(0x0000000019840000,0x0000000019940000)]
  0x0000000018e73800 JavaThread "C2 CompilerThread0" daemon [_thread_in_native, id=13176, stack(0x0000000019740000,0x0000000019840000)]
  0x0000000018e72800 JavaThread "Attach Listener" daemon [_thread_blocked, id=11656, stack(0x0000000019640000,0x0000000019740000)]
  0x0000000018e71000 JavaThread "Signal Dispatcher" daemon [_thread_blocked, id=8092, stack(0x0000000019540000,0x0000000019640000)]
  0x0000000018e61800 JavaThread "Finalizer" daemon [_thread_blocked, id=1080, stack(0x0000000019340000,0x0000000019440000)]
  0x0000000018e60800 JavaThread "Reference Handler" daemon [_thread_blocked, id=7716, stack(0x0000000019240000,0x0000000019340000)]
  0x00000000031be800 JavaThread "main" [_thread_blocked, id=5832, stack(0x0000000003080000,0x0000000003180000)]

Other Threads:
  0x0000000017078000 VMThread [stack: 0x0000000018d40000,0x0000000018e40000] [id=11032]
  0x0000000018f02800 WatcherThread [stack: 0x0000000019c40000,0x0000000019d40000] [id=17200]

VM state:not at safepoint (normal execution)

VM Mutex/Monitor currently owned by a thread:  ([mutex/lock_event])
[0x00000000031bd970] CompiledIC_lock - owner thread: 0x0000000018e7e000

heap address: 0x00000000a0000000, size: 1536 MB, Compressed Oops mode: 32-bit
Narrow klass base: 0x0000000000000000, Narrow klass shift: 3
Compressed class space size: 1073741824 Address: 0x0000000100000000

Heap:
 PSYoungGen      total 175104K, used 38099K [0x00000000e0000000, 0x00000000ec880000, 0x0000000100000000)
  eden space 157184K, 24% used [0x00000000e0000000,0x00000000e2534eb0,0x00000000e9980000)
  from space 17920K, 0% used [0x00000000eab80000,0x00000000eab80000,0x00000000ebd00000)
  to   space 18432K, 0% used [0x00000000e9980000,0x00000000e9980000,0x00000000eab80000)
 ParOldGen       total 140288K, used 28756K [0x00000000a0000000, 0x00000000a8900000, 0x00000000e0000000)
  object space 140288K, 20% used [0x00000000a0000000,0x00000000a1c152d8,0x00000000a8900000)
 Metaspace       used 59582K, capacity 61384K, committed 61592K, reserved 1101824K
  class space    used 8134K, capacity 8591K, committed 8616K, reserved 1048576K

Card table byte_map: [0x0000000012680000,0x0000000012990000] byte_map_base: 0x0000000012180000

Marking Bits: (ParMarkBitMap*) 0x0000000056038f30
 Begin Bits: [0x0000000013390000, 0x0000000014b90000)
 End Bits:   [0x0000000014b90000, 0x0000000016390000)

Polling page: 0x0000000002fd0000

CodeCache: size=245760Kb used=17781Kb max_used=19439Kb free=227978Kb
 bounds [0x00000000032c0000, 0x00000000045d0000, 0x00000000122c0000]
 total_blobs=6250 nmethods=5460 adapters=701
 compilation: enabled

Compilation events (10 events):
Event: 8.013 Thread 0x0000000018e7e000 6006       3       com.google.common.collect.MapMakerInternalMap$WeakKeyDummyValueSegment::self (5 bytes)
Event: 8.013 Thread 0x0000000018e7e000 nmethod 6006 0x00000000033ef010 code [0x00000000033ef160, 0x00000000033ef390]
Event: 8.014 Thread 0x0000000018e7e000 6008       3       java.util.concurrent.locks.AbstractQueuedSynchronizer$Node::predecessor (19 bytes)
Event: 8.014 Thread 0x0000000018e7e000 nmethod 6008 0x0000000003426490 code [0x0000000003426600, 0x0000000003426848]
Event: 8.014 Thread 0x0000000018e7e000 6007       3       com.google.common.collect.MapMakerInternalMap$WeakKeyDummyValueSegment::self (2 bytes)
Event: 8.015 Thread 0x0000000018e7e000 nmethod 6007 0x000000000349a750 code [0x000000000349a8a0, 0x000000000349a9f0]
Event: 8.015 Thread 0x0000000018e7e000 6012       3       org.gradle.internal.io.StreamByteBuffer::allocateSpace (74 bytes)
Event: 8.016 Thread 0x0000000018e7e000 nmethod 6012 0x00000000034bf290 code [0x00000000034bf460, 0x00000000034bfb68]
Event: 8.017 Thread 0x0000000018e7e000 6009       3       com.google.common.cache.LocalCache$Segment::setValue (82 bytes)
Event: 8.017 Thread 0x0000000018e7e000 nmethod 6009 0x000000000350e690 code [0x000000000350e860, 0x000000000350eea8]

GC Heap History (10 events):
Event: 3.894 GC heap before
{Heap before GC invocations=11 (full 2):
 PSYoungGen      total 116224K, used 10048K [0x00000000e0000000, 0x00000000ea180000, 0x0000000100000000)
  eden space 105472K, 0% used [0x00000000e0000000,0x00000000e0000000,0x00000000e6700000)
  from space 10752K, 93% used [0x00000000e6700000,0x00000000e70d0178,0x00000000e7180000)
  to   space 11776K, 0% used [0x00000000e9600000,0x00000000e9600000,0x00000000ea180000)
 ParOldGen       total 59392K, used 9353K [0x00000000a0000000, 0x00000000a3a00000, 0x00000000e0000000)
  object space 59392K, 15% used [0x00000000a0000000,0x00000000a0922538,0x00000000a3a00000)
 Metaspace       used 34630K, capacity 35406K, committed 35496K, reserved 1079296K
  class space    used 4791K, capacity 5004K, committed 5032K, reserved 1048576K
Event: 3.969 GC heap after
Heap after GC invocations=11 (full 2):
 PSYoungGen      total 116224K, used 0K [0x00000000e0000000, 0x00000000ea180000, 0x0000000100000000)
  eden space 105472K, 0% used [0x00000000e0000000,0x00000000e0000000,0x00000000e6700000)
  from space 10752K, 0% used [0x00000000e6700000,0x00000000e6700000,0x00000000e7180000)
  to   space 11776K, 0% used [0x00000000e9600000,0x00000000e9600000,0x00000000ea180000)
 ParOldGen       total 93184K, used 16879K [0x00000000a0000000, 0x00000000a5b00000, 0x00000000e0000000)
  object space 93184K, 18% used [0x00000000a0000000,0x00000000a107be98,0x00000000a5b00000)
 Metaspace       used 34612K, capacity 35346K, committed 35496K, reserved 1079296K
  class space    used 4786K, capacity 4994K, committed 5032K, reserved 1048576K
}
Event: 5.028 GC heap before
{Heap before GC invocations=12 (full 2):
 PSYoungGen      total 116224K, used 105472K [0x00000000e0000000, 0x00000000ea180000, 0x0000000100000000)
  eden space 105472K, 100% used [0x00000000e0000000,0x00000000e6700000,0x00000000e6700000)
  from space 10752K, 0% used [0x00000000e6700000,0x00000000e6700000,0x00000000e7180000)
  to   space 11776K, 0% used [0x00000000e9600000,0x00000000e9600000,0x00000000ea180000)
 ParOldGen       total 93184K, used 16879K [0x00000000a0000000, 0x00000000a5b00000, 0x00000000e0000000)
  object space 93184K, 18% used [0x00000000a0000000,0x00000000a107be98,0x00000000a5b00000)
 Metaspace       used 45511K, capacity 46444K, committed 46632K, reserved 1089536K
  class space    used 6145K, capacity 6427K, committed 6440K, reserved 1048576K
Event: 5.037 GC heap after
Heap after GC invocations=12 (full 2):
 PSYoungGen      total 141312K, used 11768K [0x00000000e0000000, 0x00000000ea180000, 0x0000000100000000)
  eden space 129536K, 0% used [0x00000000e0000000,0x00000000e0000000,0x00000000e7e80000)
  from space 11776K, 99% used [0x00000000e9600000,0x00000000ea17e2d0,0x00000000ea180000)
  to   space 13824K, 0% used [0x00000000e8680000,0x00000000e8680000,0x00000000e9400000)
 ParOldGen       total 93184K, used 19439K [0x00000000a0000000, 0x00000000a5b00000, 0x00000000e0000000)
  object space 93184K, 20% used [0x00000000a0000000,0x00000000a12fbe10,0x00000000a5b00000)
 Metaspace       used 45511K, capacity 46444K, committed 46632K, reserved 1089536K
  class space    used 6145K, capacity 6427K, committed 6440K, reserved 1048576K
}
Event: 6.513 GC heap before
{Heap before GC invocations=13 (full 2):
 PSYoungGen      total 141312K, used 141304K [0x00000000e0000000, 0x00000000ea180000, 0x0000000100000000)
  eden space 129536K, 100% used [0x00000000e0000000,0x00000000e7e80000,0x00000000e7e80000)
  from space 11776K, 99% used [0x00000000e9600000,0x00000000ea17e2d0,0x00000000ea180000)
  to   space 13824K, 0% used [0x00000000e8680000,0x00000000e8680000,0x00000000e9400000)
 ParOldGen       total 93184K, used 19439K [0x00000000a0000000, 0x00000000a5b00000, 0x00000000e0000000)
  object space 93184K, 20% used [0x00000000a0000000,0x00000000a12fbe10,0x00000000a5b00000)
 Metaspace       used 56131K, capacity 57566K, committed 57768K, reserved 1099776K
  class space    used 7606K, capacity 7996K, committed 8104K, reserved 1048576K
Event: 6.533 GC heap after
Heap after GC invocations=13 (full 2):
 PSYoungGen      total 151552K, used 13811K [0x00000000e0000000, 0x00000000ebd00000, 0x0000000100000000)
  eden space 137728K, 0% used [0x00000000e0000000,0x00000000e0000000,0x00000000e8680000)
  from space 13824K, 99% used [0x00000000e8680000,0x00000000e93fcd08,0x00000000e9400000)
  to   space 17920K, 0% used [0x00000000eab80000,0x00000000eab80000,0x00000000ebd00000)
 ParOldGen       total 93184K, used 26746K [0x00000000a0000000, 0x00000000a5b00000, 0x00000000e0000000)
  object space 93184K, 28% used [0x00000000a0000000,0x00000000a1a1ea28,0x00000000a5b00000)
 Metaspace       used 56131K, capacity 57566K, committed 57768K, reserved 1099776K
  class space    used 7606K, capacity 7996K, committed 8104K, reserved 1048576K
}
Event: 6.899 GC heap before
{Heap before GC invocations=14 (full 2):
 PSYoungGen      total 151552K, used 53274K [0x00000000e0000000, 0x00000000ebd00000, 0x0000000100000000)
  eden space 137728K, 28% used [0x00000000e0000000,0x00000000e2689d28,0x00000000e8680000)
  from space 13824K, 99% used [0x00000000e8680000,0x00000000e93fcd08,0x00000000e9400000)
  to   space 17920K, 0% used [0x00000000eab80000,0x00000000eab80000,0x00000000ebd00000)
 ParOldGen       total 93184K, used 26746K [0x00000000a0000000, 0x00000000a5b00000, 0x00000000e0000000)
  object space 93184K, 28% used [0x00000000a0000000,0x00000000a1a1ea28,0x00000000a5b00000)
 Metaspace       used 57645K, capacity 59144K, committed 59160K, reserved 1099776K
  class space    used 7845K, capacity 8219K, committed 8232K, reserved 1048576K
Event: 6.907 GC heap after
Heap after GC invocations=14 (full 2):
 PSYoungGen      total 175104K, used 1844K [0x00000000e0000000, 0x00000000ec880000, 0x0000000100000000)
  eden space 157184K, 0% used [0x00000000e0000000,0x00000000e0000000,0x00000000e9980000)
  from space 17920K, 10% used [0x00000000eab80000,0x00000000ead4d1c0,0x00000000ebd00000)
  to   space 18432K, 0% used [0x00000000e9980000,0x00000000e9980000,0x00000000eab80000)
 ParOldGen       total 93184K, used 32854K [0x00000000a0000000, 0x00000000a5b00000, 0x00000000e0000000)
  object space 93184K, 35% used [0x00000000a0000000,0x00000000a2015a20,0x00000000a5b00000)
 Metaspace       used 57645K, capacity 59144K, committed 59160K, reserved 1099776K
  class space    used 7845K, capacity 8219K, committed 8232K, reserved 1048576K
}
Event: 6.907 GC heap before
{Heap before GC invocations=15 (full 3):
 PSYoungGen      total 175104K, used 1844K [0x00000000e0000000, 0x00000000ec880000, 0x0000000100000000)
  eden space 157184K, 0% used [0x00000000e0000000,0x00000000e0000000,0x00000000e9980000)
  from space 17920K, 10% used [0x00000000eab80000,0x00000000ead4d1c0,0x00000000ebd00000)
  to   space 18432K, 0% used [0x00000000e9980000,0x00000000e9980000,0x00000000eab80000)
 ParOldGen       total 93184K, used 32854K [0x00000000a0000000, 0x00000000a5b00000, 0x00000000e0000000)
  object space 93184K, 35% used [0x00000000a0000000,0x00000000a2015a20,0x00000000a5b00000)
 Metaspace       used 57645K, capacity 59144K, committed 59160K, reserved 1099776K
  class space    used 7845K, capacity 8219K, committed 8232K, reserved 1048576K
Event: 7.151 GC heap after
Heap after GC invocations=15 (full 3):
 PSYoungGen      total 175104K, used 0K [0x00000000e0000000, 0x00000000ec880000, 0x0000000100000000)
  eden space 157184K, 0% used [0x00000000e0000000,0x00000000e0000000,0x00000000e9980000)
  from space 17920K, 0% used [0x00000000eab80000,0x00000000eab80000,0x00000000ebd00000)
  to   space 18432K, 0% used [0x00000000e9980000,0x00000000e9980000,0x00000000eab80000)
 ParOldGen       total 140288K, used 28756K [0x00000000a0000000, 0x00000000a8900000, 0x00000000e0000000)
  object space 140288K, 20% used [0x00000000a0000000,0x00000000a1c152d8,0x00000000a8900000)
 Metaspace       used 57645K, capacity 59144K, committed 59160K, reserved 1099776K
  class space    used 7845K, capacity 8219K, committed 8232K, reserved 1048576K
}

Deoptimization events (10 events):
Event: 6.242 Thread 0x0000000019183800 Uncommon trap: reason=bimorphic action=maybe_recompile pc=0x00000000042621c0 method=java.util.regex.Pattern$5.isSatisfiedBy(I)Z @ 16
Event: 6.242 Thread 0x0000000019183800 Uncommon trap: reason=bimorphic action=maybe_recompile pc=0x00000000042621c0 method=java.util.regex.Pattern$5.isSatisfiedBy(I)Z @ 16
Event: 6.242 Thread 0x0000000019183800 Uncommon trap: reason=bimorphic action=maybe_recompile pc=0x00000000042621c0 method=java.util.regex.Pattern$5.isSatisfiedBy(I)Z @ 16
Event: 6.744 Thread 0x0000000019183800 Uncommon trap: reason=unstable_if action=reinterpret pc=0x000000000386b170 method=java.io.DataInputStream.readUTF(Ljava/io/DataInput;)Ljava/lang/String; @ 31
Event: 6.767 Thread 0x0000000019183800 Uncommon trap: reason=unstable_if action=reinterpret pc=0x00000000038f6f28 method=java.util.regex.Pattern$BmpCharProperty.match(Ljava/util/regex/Matcher;ILjava/lang/CharSequence;)Z @ 34
Event: 6.772 Thread 0x0000000019183800 Uncommon trap: reason=unstable_if action=reinterpret pc=0x0000000004373eb0 method=com.sun.org.apache.xerces.internal.impl.XMLEntityScanner.scanLiteral(ILcom/sun/org/apache/xerces/internal/xni/XMLString;Z)I @ 660
Event: 7.996 Thread 0x000000001ff5a800 Uncommon trap: reason=class_check action=maybe_recompile pc=0x000000000455491c method=java.util.Collections$SetFromMap.add(Ljava/lang/Object;)Z @ 8
Event: 7.996 Thread 0x000000001d2f6000 Uncommon trap: reason=class_check action=maybe_recompile pc=0x000000000455491c method=java.util.Collections$SetFromMap.add(Ljava/lang/Object;)Z @ 8
Event: 7.996 Thread 0x000000001d2f9000 Uncommon trap: reason=class_check action=maybe_recompile pc=0x000000000455491c method=java.util.Collections$SetFromMap.add(Ljava/lang/Object;)Z @ 8
Event: 7.997 Thread 0x000000001ff59800 Uncommon trap: reason=class_check action=maybe_recompile pc=0x000000000455491c method=java.util.Collections$SetFromMap.add(Ljava/lang/Object;)Z @ 8

Classes redefined (0 events):
No events

Internal exceptions (10 events):
Event: 6.409 Thread 0x0000000019183800 Exception <a 'sun/nio/fs/WindowsException'> (0x00000000e7610f18) thrown at [D:\j\worksp~1\openjd~3\jdk8u\hotspot\src\share\vm\prims\jni.cpp, line 710]
Event: 6.409 Thread 0x0000000019183800 Exception <a 'sun/nio/fs/WindowsException'> (0x00000000e7611fd0) thrown at [D:\j\worksp~1\openjd~3\jdk8u\hotspot\src\share\vm\prims\jni.cpp, line 710]
Event: 6.409 Thread 0x0000000019183800 Exception <a 'sun/nio/fs/WindowsException'> (0x00000000e7615f78) thrown at [D:\j\worksp~1\openjd~3\jdk8u\hotspot\src\share\vm\prims\jni.cpp, line 710]
Event: 6.409 Thread 0x0000000019183800 Exception <a 'sun/nio/fs/WindowsException'> (0x00000000e7617018) thrown at [D:\j\worksp~1\openjd~3\jdk8u\hotspot\src\share\vm\prims\jni.cpp, line 710]
Event: 6.410 Thread 0x0000000019183800 Exception <a 'sun/nio/fs/WindowsException'> (0x00000000e7619890) thrown at [D:\j\worksp~1\openjd~3\jdk8u\hotspot\src\share\vm\prims\jni.cpp, line 710]
Event: 6.410 Thread 0x0000000019183800 Exception <a 'sun/nio/fs/WindowsException'> (0x00000000e761a970) thrown at [D:\j\worksp~1\openjd~3\jdk8u\hotspot\src\share\vm\prims\jni.cpp, line 710]
Event: 6.415 Thread 0x0000000019183800 Exception <a 'java/lang/ClassNotFoundException': com/sun/org/glassfish/hk2/osgiresourcelocator/ServiceLoader> (0x00000000e7668560) thrown at [D:\j\worksp~1\openjd~3\jdk8u\hotspot\src\share\vm\classfile\systemDictionary.cpp, line 210]
Event: 6.471 Thread 0x0000000019183800 Exception <a 'java/lang/NullPointerException'> (0x00000000e7b52f10) thrown at [D:\j\worksp~1\openjd~3\jdk8u\hotspot\src\share\vm\interpreter\linkResolver.cpp, line 1287]
Event: 6.896 Thread 0x0000000019183800 Exception <a 'java/lang/NoSuchMethodError': java.lang.Object.lambda$identity$2(Ljava/lang/Object;)Ljava/lang/Object;> (0x00000000e24680e8) thrown at [D:\j\worksp~1\openjd~3\jdk8u\hotspot\src\share\vm\interpreter\linkResolver.cpp, line 620]
Event: 7.694 Thread 0x0000000019183800 Exception <a 'java/lang/ClassNotFoundException': com/sun/org/glassfish/hk2/osgiresourcelocator/ServiceLoader> (0x00000000e043ab00) thrown at [D:\j\worksp~1\openjd~3\jdk8u\hotspot\src\share\vm\classfile\systemDictionary.cpp, line 210]

Events (10 events):
Event: 8.018 loading class org/gradle/api/internal/artifacts/transform/ImmutableTransformationWorkspaceProvider done
Event: 8.018 Thread 0x0000000018e7e000 flushing nmethod 0x0000000003ab89d0
Event: 8.018 Thread 0x0000000018e7e000 flushing nmethod 0x0000000003aba4d0
Event: 8.018 Thread 0x0000000018e7e000 flushing nmethod 0x0000000003abb090
Event: 8.018 Thread 0x0000000018e7e000 flushing nmethod 0x0000000003abef90
Event: 8.018 Thread 0x0000000018e7e000 flushing nmethod 0x0000000003abf410
Event: 8.018 Thread 0x0000000018e7e000 flushing nmethod 0x0000000003ac4810
Event: 8.018 Thread 0x0000000018e7e000 flushing nmethod 0x0000000003ac7210
Event: 8.018 Executing VM operation: RevokeBias
Event: 8.018 Thread 0x0000000018e7e000 flushing nmethod 0x0000000003ac8710


Dynamic libraries:
0x00007ff708250000 - 0x00007ff708285000 	C:\Program Files\Android\jdk\microsoft_dist_openjdk_1.8.0.25\bin\java.exe
0x00007ffd32da0000 - 0x00007ffd32f81000 	C:\Windows\SYSTEM32\ntdll.dll
0x00007ffd303a0000 - 0x00007ffd30451000 	C:\Windows\System32\KERNEL32.DLL
0x00007ffd2fc70000 - 0x00007ffd2fee3000 	C:\Windows\System32\KERNELBASE.dll
0x00007ffd30700000 - 0x00007ffd307a1000 	C:\Windows\System32\ADVAPI32.dll
0x00007ffd308e0000 - 0x00007ffd3097e000 	C:\Windows\System32\msvcrt.dll
0x00007ffd307d0000 - 0x00007ffd3082b000 	C:\Windows\System32\sechost.dll
0x00007ffd31250000 - 0x00007ffd31374000 	C:\Windows\System32\RPCRT4.dll
0x00007ffd32bd0000 - 0x00007ffd32d60000 	C:\Windows\System32\USER32.dll
0x00007ffd30200000 - 0x00007ffd30220000 	C:\Windows\System32\win32u.dll
0x00007ffd32ba0000 - 0x00007ffd32bc8000 	C:\Windows\System32\GDI32.dll
0x00007ffd2f9c0000 - 0x00007ffd2fb51000 	C:\Windows\System32\gdi32full.dll
0x00007ffd30160000 - 0x00007ffd301ff000 	C:\Windows\System32\msvcp_win.dll
0x00007ffd2f8c0000 - 0x00007ffd2f9b8000 	C:\Windows\System32\ucrtbase.dll
0x00007ffd13870000 - 0x00007ffd13ad9000 	C:\Windows\WinSxS\amd64_microsoft.windows.common-controls_6595b64144ccf1df_6.0.17134.1246_none_d3ffb9d77c90723d\COMCTL32.dll
0x00007ffd30ad0000 - 0x00007ffd30df1000 	C:\Windows\System32\combase.dll
0x00007ffd2fef0000 - 0x00007ffd2ff69000 	C:\Windows\System32\bcryptPrimitives.dll
0x00007ffd32a90000 - 0x00007ffd32abd000 	C:\Windows\System32\IMM32.DLL
0x00000000560c0000 - 0x0000000056191000 	C:\Program Files\Android\jdk\microsoft_dist_openjdk_1.8.0.25\jre\bin\msvcr100.dll
0x0000000055870000 - 0x00000000560b5000 	C:\Program Files\Android\jdk\microsoft_dist_openjdk_1.8.0.25\jre\bin\server\jvm.dll
0x00007ffd32ac0000 - 0x00007ffd32ac8000 	C:\Windows\System32\PSAPI.DLL
0x00007ffd17240000 - 0x00007ffd17249000 	C:\Windows\SYSTEM32\WSOCK32.dll
0x00007ffd29d10000 - 0x00007ffd29d33000 	C:\Windows\SYSTEM32\WINMM.dll
0x00007ffd26bd0000 - 0x00007ffd26bda000 	C:\Windows\SYSTEM32\VERSION.dll
0x00007ffd32ad0000 - 0x00007ffd32b3c000 	C:\Windows\System32\WS2_32.dll
0x00007ffd29bb0000 - 0x00007ffd29bda000 	C:\Windows\SYSTEM32\winmmbase.dll
0x00007ffd2f870000 - 0x00007ffd2f8b9000 	C:\Windows\System32\cfgmgr32.dll
0x00007ffd1e290000 - 0x00007ffd1e29f000 	C:\Program Files\Android\jdk\microsoft_dist_openjdk_1.8.0.25\jre\bin\verify.dll
0x00007ffd1b500000 - 0x00007ffd1b529000 	C:\Program Files\Android\jdk\microsoft_dist_openjdk_1.8.0.25\jre\bin\java.dll
0x00007ffd1e270000 - 0x00007ffd1e286000 	C:\Program Files\Android\jdk\microsoft_dist_openjdk_1.8.0.25\jre\bin\zip.dll
0x00007ffd31380000 - 0x00007ffd327c5000 	C:\Windows\System32\SHELL32.dll
0x00007ffd30830000 - 0x00007ffd308d9000 	C:\Windows\System32\shcore.dll
0x00007ffd2f160000 - 0x00007ffd2f870000 	C:\Windows\System32\windows.storage.dll
0x00007ffd32930000 - 0x00007ffd32981000 	C:\Windows\System32\shlwapi.dll
0x00007ffd2f100000 - 0x00007ffd2f111000 	C:\Windows\System32\kernel.appcore.dll
0x00007ffd2f140000 - 0x00007ffd2f15f000 	C:\Windows\System32\profapi.dll
0x00007ffd2f0a0000 - 0x00007ffd2f0ec000 	C:\Windows\System32\powrprof.dll
0x00007ffd2f0f0000 - 0x00007ffd2f0fa000 	C:\Windows\System32\FLTLIB.DLL
0x00007ffd1d620000 - 0x00007ffd1d63a000 	C:\Program Files\Android\jdk\microsoft_dist_openjdk_1.8.0.25\jre\bin\net.dll
0x00007ffd2e920000 - 0x00007ffd2e986000 	C:\Windows\system32\mswsock.dll
0x00007ffd1d580000 - 0x00007ffd1d591000 	C:\Program Files\Android\jdk\microsoft_dist_openjdk_1.8.0.25\jre\bin\nio.dll
0x00007ffcea010000 - 0x00007ffcea036000 	C:\Users\acer\.gradle\native\29\windows-amd64\native-platform.dll
0x00007ffd1e240000 - 0x00007ffd1e24d000 	C:\Program Files\Android\jdk\microsoft_dist_openjdk_1.8.0.25\jre\bin\management.dll
0x00007ffd2ead0000 - 0x00007ffd2eae7000 	C:\Windows\SYSTEM32\CRYPTSP.dll
0x00007ffd2e4d0000 - 0x00007ffd2e503000 	C:\Windows\system32\rsaenh.dll
0x00007ffd2ec00000 - 0x00007ffd2ec25000 	C:\Windows\SYSTEM32\bcrypt.dll
0x00007ffd2efa0000 - 0x00007ffd2efc8000 	C:\Windows\SYSTEM32\USERENV.dll
0x00007ffd2eaf0000 - 0x00007ffd2eafb000 	C:\Windows\SYSTEM32\CRYPTBASE.dll
0x00007ffd2e670000 - 0x00007ffd2e6a8000 	C:\Windows\SYSTEM32\IPHLPAPI.DLL
0x00007ffd32d60000 - 0x00007ffd32d68000 	C:\Windows\System32\NSI.dll
0x00007ffd27f20000 - 0x00007ffd27f36000 	C:\Windows\SYSTEM32\dhcpcsvc6.DLL
0x00007ffd27f00000 - 0x00007ffd27f1a000 	C:\Windows\SYSTEM32\dhcpcsvc.DLL

VM Arguments:
jvm_args: -Xmx1536m -Dfile.encoding=windows-1251 -Duser.country=RU -Duser.language=ru -Duser.variant 
java_command: org.gradle.launcher.daemon.bootstrap.GradleDaemon 5.4.1
java_class_path (initial): C:\Users\acer\.gradle\wrapper\dists\gradle-5.4.1-all\3221gyojl5jsh0helicew7rwx\gradle-5.4.1\lib\gradle-launcher-5.4.1.jar
Launcher Type: SUN_STANDARD

Environment Variables:
JAVA_HOME=C:\Program Files\Android\Jdk\microsoft_dist_openjdk_1.8.0.25
PATH=C:\Program Files\Microsoft MPI\Bin\;C:\Program Files (x86)\Common Files\Oracle\Java\javapath;C:\Program Files (x86)\Intel\iCLS Client\;C:\Program Files\Intel\iCLS Client\;C:\Windows\system32;C:\Windows;C:\Windows\System32\Wbem;C:\Windows\System32\WindowsPowerShell\v1.0\;C:\Windows\System32\OpenSSH\;C:\Program Files\Intel\WiFi\bin\;C:\Program Files\Common Files\Intel\WirelessCommon\;C:\Program Files (x86)\Intel\Intel(R) Management Engine Components\DAL;C:\Program Files\Intel\Intel(R) Management Engine Components\DAL;C:\Program Files (x86)\Intel\Intel(R) Management Engine Components\IPT;C:\Program Files\Intel\Intel(R) Management Engine Components\IPT;C:\Program Files\Microsoft SQL Server\110\Tools\Binn\;C:\Program Files\Microsoft SQL Server\120\Tools\Binn\;C:\Program Files\dotnet\;C:\Program Files\Microsoft SQL Server\130\Tools\Binn\;C:\Program Files\Microsoft SQL Server\Client SDK\ODBC\170\Tools\Binn\;C:\Program Files (x86)\Microsoft SQL Server\130\Tools\Binn\;C:\Program Files (x86)\Microsoft SQL Server\130\DTS\Binn\;C:\Program Files\Microsoft SQL Server\130\DTS\Binn\;C:\Program Files\Microsoft SQL Server\Client SDK\ODBC\130\Tools\Binn\;C:\Program Files (x86)\Microsoft SQL Server\150\DTS\Binn\;C:\Program Files\MySQL\MySQL Shell 8.0\bin\;C:\Users\acer\AppData\Local\Microsoft\WindowsApps;C:\Program Files\Intel\WiFi\bin\;C:\Program Files\Common Files\Intel\WirelessCommon\
USERNAME=acer
OS=Windows_NT
PROCESSOR_IDENTIFIER=Intel64 Family 6 Model 142 Stepping 10, GenuineIntel



---------------  S Y S T E M  ---------------

OS: Windows 10.0 , 64 bit Build 17134 (10.0.17134.753)

CPU:total 8 (initial active 8) (4 cores per cpu, 2 threads per core) family 6 model 142 stepping 10, cmov, cx8, fxsr, mmx, sse, sse2, sse3, ssse3, sse4.1, sse4.2, popcnt, avx, avx2, aes, clmul, erms, 3dnowpref, lzcnt, ht, tsc, tscinvbit, bmi1, bmi2, adx

Memory: 4k page, physical 8262884k(1108560k free), swap 10310884k(5968k free)

vm_info: OpenJDK 64-Bit Server VM (25.71-b00) for windows-amd64 JRE (1.8.0-25-microsoft-b00), built on Feb  7 2019 20:09:14 by "builder" with MS VC++ 10.0 (VS2010)

time: Fri Apr 17 16:02:40 2020
timezone: Финляндия (лето)
elapsed time: 8 seconds (0d 0h 0m 8s)

