#
# There is insufficient memory for the Java Runtime Environment to continue.
# Native memory allocation (malloc) failed to allocate 1741504 bytes for Chunk::new
# Possible reasons:
#   The system is out of physical RAM or swap space
#   The process is running with CompressedOops enabled, and the Java Heap may be blocking the growth of the native heap
# Possible solutions:
#   Reduce memory load on the system
#   Increase physical memory or swap space
#   Check if swap backing store is full
#   Decrease Java heap size (-Xmx/-Xms)
#   Decrease number of Java threads
#   Decrease Java thread stack sizes (-Xss)
#   Set larger code cache with -XX:ReservedCodeCacheSize=
#   JVM is running with Unscaled Compressed Oops mode in which the Java heap is
#     placed in the first 4GB address space. The Java Heap base address is the
#     maximum limit for the native heap growth. Please use -XX:HeapBaseMinAddress
#     to set the Java Heap base and to place the Java Heap above 4GB virtual address.
# This output file may be truncated or incomplete.
#
#  Out of Memory Error (allocation.cpp:389), pid=4448, tid=0x0000000000003810
#
# JRE version: OpenJDK Runtime Environment (8.0) (build 1.8.0-25-microsoft-b00)
# Java VM: OpenJDK 64-Bit Server VM (25.71-b00 mixed mode windows-amd64 compressed oops)
# Failed to write core dump. Minidumps are not enabled by default on client versions of Windows
#

---------------  T H R E A D  ---------------

Current thread (0x0000000018fa9800):  JavaThread "C2 CompilerThread2" daemon [_thread_in_native, id=14352, stack(0x0000000019a70000,0x0000000019b70000)]

Stack: [0x0000000019a70000,0x0000000019b70000]
[error occurred during error reporting (printing stack bounds), id 0xc0000005]

Native frames: (J=compiled Java code, j=interpreted, Vv=VM code, C=native code)


Current CompileTask:
C2:  16715 5140   !   4       java.net.URLClassLoader::definePackageInternal (81 bytes)


---------------  P R O C E S S  ---------------

Java Threads: ( => current thread )
  0x0000000025f8b800 JavaThread "Execution worker for ':' Thread 7" [_thread_in_native, id=19560, stack(0x0000000026d90000,0x0000000026e90000)]
  0x0000000025f8a800 JavaThread "Execution worker for ':' Thread 6" [_thread_blocked, id=11392, stack(0x0000000026c90000,0x0000000026d90000)]
  0x000000001ee7f000 JavaThread "Execution worker for ':' Thread 5" [_thread_in_vm, id=17212, stack(0x0000000026b90000,0x0000000026c90000)]
  0x000000001ee7c000 JavaThread "Execution worker for ':' Thread 4" [_thread_in_vm, id=20108, stack(0x0000000026a90000,0x0000000026b90000)]
  0x000000001ee7e000 JavaThread "Execution worker for ':' Thread 3" [_thread_blocked, id=10052, stack(0x0000000026990000,0x0000000026a90000)]
  0x000000001ee80800 JavaThread "Execution worker for ':' Thread 2" [_thread_blocked, id=20460, stack(0x0000000026890000,0x0000000026990000)]
  0x000000001ee7f800 JavaThread "Execution worker for ':'" [_thread_blocked, id=20256, stack(0x0000000025210000,0x0000000025310000)]
  0x000000001ee7c800 JavaThread "Memory manager" [_thread_blocked, id=18732, stack(0x0000000024cd0000,0x0000000024dd0000)]
  0x000000001ee75000 JavaThread "Cache worker for Build Output Cleanup Cache (C:\Users\acer\Desktop\project_TRUE_JUNIOR\ANDROID\CURSERO CURSE\week4\Morse code C++\.gradle\buildOutputCleanup)" [_thread_blocked, id=20308, stack(0x00000000243d0000,0x00000000244d0000)]
  0x000000001ee79000 JavaThread "pool-1-thread-1" [_thread_blocked, id=9088, stack(0x00000000240d0000,0x00000000241d0000)]
  0x000000001ee7a800 JavaThread "Build operations Thread 8" [_thread_blocked, id=19696, stack(0x0000000023bd0000,0x0000000023cd0000)]
  0x000000001ee79800 JavaThread "Build operations Thread 7" [_thread_blocked, id=19700, stack(0x0000000023ad0000,0x0000000023bd0000)]
  0x000000001ee76800 JavaThread "Build operations Thread 6" [_thread_blocked, id=19140, stack(0x00000000239d0000,0x0000000023ad0000)]
  0x000000001ee71000 JavaThread "Build operations Thread 5" [_thread_blocked, id=13072, stack(0x00000000238d0000,0x00000000239d0000)]
  0x000000001ee78000 JavaThread "Build operations Thread 4" [_thread_blocked, id=2492, stack(0x00000000237d0000,0x00000000238d0000)]
  0x000000001ee77000 JavaThread "Build operations Thread 3" [_thread_blocked, id=20416, stack(0x00000000236d0000,0x00000000237d0000)]
  0x000000001ee75800 JavaThread "Build operations Thread 2" [_thread_blocked, id=19400, stack(0x00000000235d0000,0x00000000236d0000)]
  0x000000001ee74000 JavaThread "Build operations" [_thread_blocked, id=5876, stack(0x0000000023250000,0x0000000023350000)]
  0x000000001ee72800 JavaThread "Cache worker for execution history cache (C:\Users\acer\.gradle\caches\5.4.1\executionHistory)" [_thread_blocked, id=16164, stack(0x0000000022c30000,0x0000000022d30000)]
  0x000000001ee72000 JavaThread "Cache worker for cache directory md-rule (C:\Users\acer\.gradle\caches\5.4.1\md-rule)" [_thread_blocked, id=18912, stack(0x0000000022b30000,0x0000000022c30000)]
  0x000000001ee73800 JavaThread "Cache worker for cache directory md-supplier (C:\Users\acer\.gradle\caches\5.4.1\md-supplier)" [_thread_blocked, id=1260, stack(0x0000000020820000,0x0000000020920000)]
  0x0000000019eac000 JavaThread "Cache worker for file hash cache (C:\Users\acer\Desktop\project_TRUE_JUNIOR\ANDROID\CURSERO CURSE\week4\Morse code C++\.gradle\5.4.1\fileHashes)" [_thread_blocked, id=7320, stack(0x0000000020100000,0x0000000020200000)]
  0x0000000019eae800 JavaThread "Cache worker for journal cache (C:\Users\acer\.gradle\caches\journal-1)" [_thread_blocked, id=3444, stack(0x000000001dba0000,0x000000001dca0000)]
  0x0000000019ead000 JavaThread "File lock request listener" [_thread_in_native, id=11108, stack(0x000000001daa0000,0x000000001dba0000)]
  0x0000000019eaa800 JavaThread "Cache worker for file hash cache (C:\Users\acer\.gradle\caches\5.4.1\fileHashes)" [_thread_blocked, id=20064, stack(0x000000001d9a0000,0x000000001daa0000)]
  0x000000001ae2b000 JavaThread "Thread-9" [_thread_blocked, id=9888, stack(0x000000001c8d0000,0x000000001c9d0000)]
  0x000000001b366000 JavaThread "Stdin handler" [_thread_blocked, id=18136, stack(0x000000001c7d0000,0x000000001c8d0000)]
  0x000000001ae28800 JavaThread "Asynchronous log dispatcher for DefaultDaemonConnection: socket connection from /127.0.0.1:60544 to /127.0.0.1:60545" [_thread_blocked, id=16016, stack(0x000000001c6d0000,0x000000001c7d0000)]
  0x000000001b173000 JavaThread "Daemon worker" [_thread_in_vm, id=4684, stack(0x000000001c4d0000,0x000000001c5d0000)]
  0x000000001a0d1000 JavaThread "Cancel handler" [_thread_blocked, id=17104, stack(0x000000001c3d0000,0x000000001c4d0000)]
  0x00000000190bf000 JavaThread "Handler for socket connection from /127.0.0.1:60544 to /127.0.0.1:60545" [_thread_in_native, id=19256, stack(0x000000001c0d0000,0x000000001c1d0000)]
  0x00000000190be000 JavaThread "Daemon" [_thread_blocked, id=16420, stack(0x000000001bfd0000,0x000000001c0d0000)]
  0x000000001a02e800 JavaThread "Daemon periodic checks" [_thread_blocked, id=15996, stack(0x000000001bed0000,0x000000001bfd0000)]
  0x000000001a0b0800 JavaThread "Incoming local TCP Connector on port 60544" [_thread_in_native, id=18608, stack(0x000000001bc80000,0x000000001bd80000)]
  0x000000001b38f000 JavaThread "Daemon health stats" [_thread_blocked, id=12908, stack(0x000000001b640000,0x000000001b740000)]
  0x0000000019032000 JavaThread "Service Thread" daemon [_thread_blocked, id=19040, stack(0x0000000019c70000,0x0000000019d70000)]
  0x0000000018fae800 JavaThread "C1 CompilerThread3" daemon [_thread_blocked, id=20292, stack(0x0000000019b70000,0x0000000019c70000)]
=>0x0000000018fa9800 JavaThread "C2 CompilerThread2" daemon [_thread_in_native, id=14352, stack(0x0000000019a70000,0x0000000019b70000)]
  0x0000000018fa4000 JavaThread "C2 CompilerThread1" daemon [_thread_in_native, id=20016, stack(0x0000000019970000,0x0000000019a70000)]
  0x0000000018fa2000 JavaThread "C2 CompilerThread0" daemon [_thread_in_native, id=9880, stack(0x0000000019870000,0x0000000019970000)]
  0x0000000018fa1000 JavaThread "Attach Listener" daemon [_thread_blocked, id=1508, stack(0x0000000019770000,0x0000000019870000)]
  0x0000000018fa0000 JavaThread "Signal Dispatcher" daemon [_thread_blocked, id=12164, stack(0x0000000019670000,0x0000000019770000)]
  0x0000000018f90800 JavaThread "Finalizer" daemon [_thread_blocked, id=7300, stack(0x0000000019470000,0x0000000019570000)]
  0x00000000033d7000 JavaThread "Reference Handler" daemon [_thread_blocked, id=18228, stack(0x0000000019370000,0x0000000019470000)]
  0x00000000030de800 JavaThread "main" [_thread_blocked, id=10940, stack(0x00000000031e0000,0x00000000032e0000)]

Other Threads:
  0x000000001719a000 VMThread [stack: 0x0000000018e70000,0x0000000018f70000] [id=20088]
  0x0000000019032800 WatcherThread [stack: 0x0000000019d70000,0x0000000019e70000] [id=17292]

VM state:not at safepoint (normal execution)

VM Mutex/Monitor currently owned by a thread: None

heap address: 0x00000000a0000000, size: 1536 MB, Compressed Oops mode: 32-bit
Narrow klass base: 0x0000000000000000, Narrow klass shift: 3
Compressed class space size: 1073741824 Address: 0x0000000100000000

Heap:
 PSYoungGen      total 117760K, used 91984K [0x00000000e0000000, 0x00000000e9600000, 0x0000000100000000)
  eden space 105984K, 75% used [0x00000000e0000000,0x00000000e4e56d50,0x00000000e6780000)
  from space 11776K, 99% used [0x00000000e6780000,0x00000000e72fd630,0x00000000e7300000)
  to   space 14848K, 0% used [0x00000000e8780000,0x00000000e8780000,0x00000000e9600000)
 ParOldGen       total 86016K, used 19450K [0x00000000a0000000, 0x00000000a5400000, 0x00000000e0000000)
  object space 86016K, 22% used [0x00000000a0000000,0x00000000a12fe8b8,0x00000000a5400000)
 Metaspace       used 56889K, capacity 58460K, committed 58584K, reserved 1099776K
  class space    used 7771K, capacity 8151K, committed 8192K, reserved 1048576K

Card table byte_map: [0x00000000127a0000,0x0000000012ab0000] byte_map_base: 0x00000000122a0000

Marking Bits: (ParMarkBitMap*) 0x0000000065378f30
 Begin Bits: [0x00000000134b0000, 0x0000000014cb0000)
 End Bits:   [0x0000000014cb0000, 0x00000000164b0000)

Polling page: 0x0000000002f90000

CodeCache: size=245760Kb used=16216Kb max_used=16216Kb free=229543Kb
 bounds [0x00000000033e0000, 0x00000000043c0000, 0x00000000123e0000]
 total_blobs=5741 nmethods=4956 adapters=697
 compilation: enabled

Compilation events (10 events):
Event: 16.696 Thread 0x0000000018fae800 nmethod 5394 0x00000000043bc7d0 code [0x00000000043bc920, 0x00000000043bcab0]
Event: 16.696 Thread 0x0000000018fae800 5397       2       org.gradle.api.internal.cache.StringInterner::intern (20 bytes)
Event: 16.697 Thread 0x0000000018fae800 nmethod 5397 0x00000000043bcb50 code [0x00000000043bccc0, 0x00000000043bce88]
Event: 16.698 Thread 0x0000000018fae800 5398       2       com.google.common.collect.MapMakerInternalMap$WeakKeyDummyValueEntry::<init> (10 bytes)
Event: 16.699 Thread 0x0000000018fae800 nmethod 5398 0x00000000043bcf50 code [0x00000000043bd0a0, 0x00000000043bd270]
Event: 16.699 Thread 0x0000000018fae800 5399       2       com.google.common.collect.MapMakerInternalMap$AbstractWeakKeyEntry::<init> (18 bytes)
Event: 16.699 Thread 0x0000000018fae800 nmethod 5399 0x00000000043bd310 code [0x00000000043bd460, 0x00000000043bd610]
Event: 16.702 Thread 0x0000000018fae800 5400       1       com.google.common.collect.CompactHashMap$MapEntry::getKey (5 bytes)
Event: 16.702 Thread 0x0000000018fae800 nmethod 5400 0x00000000043bd690 code [0x00000000043bd7e0, 0x00000000043bd8f0]
Event: 16.703 Thread 0x0000000018fae800 5401       2       org.gradle.internal.file.DefaultFileHierarchySet$PrefixFileSet::contains (10 bytes)

GC Heap History (10 events):
Event: 9.937 GC heap before
{Heap before GC invocations=11 (full 1):
 PSYoungGen      total 64000K, used 62055K [0x00000000e0000000, 0x00000000e5d00000, 0x0000000100000000)
  eden space 54272K, 100% used [0x00000000e0000000,0x00000000e3500000,0x00000000e3500000)
  from space 9728K, 80% used [0x00000000e3500000,0x00000000e3c99d80,0x00000000e3e80000)
  to   space 9728K, 0% used [0x00000000e5380000,0x00000000e5380000,0x00000000e5d00000)
 ParOldGen       total 56320K, used 7780K [0x00000000a0000000, 0x00000000a3700000, 0x00000000e0000000)
  object space 56320K, 13% used [0x00000000a0000000,0x00000000a07990c0,0x00000000a3700000)
 Metaspace       used 34288K, capacity 34894K, committed 35200K, reserved 1079296K
  class space    used 4722K, capacity 4896K, committed 4992K, reserved 1048576K
Event: 9.955 GC heap after
Heap after GC invocations=11 (full 1):
 PSYoungGen      total 85504K, used 7038K [0x00000000e0000000, 0x00000000e5d00000, 0x0000000100000000)
  eden space 75776K, 0% used [0x00000000e0000000,0x00000000e0000000,0x00000000e4a00000)
  from space 9728K, 72% used [0x00000000e5380000,0x00000000e5a5f980,0x00000000e5d00000)
  to   space 9728K, 0% used [0x00000000e4a00000,0x00000000e4a00000,0x00000000e5380000)
 ParOldGen       total 56320K, used 11096K [0x00000000a0000000, 0x00000000a3700000, 0x00000000e0000000)
  object space 56320K, 19% used [0x00000000a0000000,0x00000000a0ad60e0,0x00000000a3700000)
 Metaspace       used 34288K, capacity 34894K, committed 35200K, reserved 1079296K
  class space    used 4722K, capacity 4896K, committed 4992K, reserved 1048576K
}
Event: 10.141 GC heap before
{Heap before GC invocations=12 (full 1):
 PSYoungGen      total 85504K, used 12646K [0x00000000e0000000, 0x00000000e5d00000, 0x0000000100000000)
  eden space 75776K, 7% used [0x00000000e0000000,0x00000000e057a008,0x00000000e4a00000)
  from space 9728K, 72% used [0x00000000e5380000,0x00000000e5a5f980,0x00000000e5d00000)
  to   space 9728K, 0% used [0x00000000e4a00000,0x00000000e4a00000,0x00000000e5380000)
 ParOldGen       total 56320K, used 11096K [0x00000000a0000000, 0x00000000a3700000, 0x00000000e0000000)
  object space 56320K, 19% used [0x00000000a0000000,0x00000000a0ad60e0,0x00000000a3700000)
 Metaspace       used 34647K, capacity 35280K, committed 35416K, reserved 1079296K
  class space    used 4752K, capacity 4941K, committed 4992K, reserved 1048576K
Event: 10.148 GC heap after
Heap after GC invocations=12 (full 1):
 PSYoungGen      total 85504K, used 797K [0x00000000e0000000, 0x00000000e7e80000, 0x0000000100000000)
  eden space 75776K, 0% used [0x00000000e0000000,0x00000000e0000000,0x00000000e4a00000)
  from space 9728K, 8% used [0x00000000e4a00000,0x00000000e4ac7448,0x00000000e5380000)
  to   space 10752K, 0% used [0x00000000e7400000,0x00000000e7400000,0x00000000e7e80000)
 ParOldGen       total 56320K, used 15414K [0x00000000a0000000, 0x00000000a3700000, 0x00000000e0000000)
  object space 56320K, 27% used [0x00000000a0000000,0x00000000a0f0da18,0x00000000a3700000)
 Metaspace       used 34647K, capacity 35280K, committed 35416K, reserved 1079296K
  class space    used 4752K, capacity 4941K, committed 4992K, reserved 1048576K
}
Event: 10.148 GC heap before
{Heap before GC invocations=13 (full 2):
 PSYoungGen      total 85504K, used 797K [0x00000000e0000000, 0x00000000e7e80000, 0x0000000100000000)
  eden space 75776K, 0% used [0x00000000e0000000,0x00000000e0000000,0x00000000e4a00000)
  from space 9728K, 8% used [0x00000000e4a00000,0x00000000e4ac7448,0x00000000e5380000)
  to   space 10752K, 0% used [0x00000000e7400000,0x00000000e7400000,0x00000000e7e80000)
 ParOldGen       total 56320K, used 15414K [0x00000000a0000000, 0x00000000a3700000, 0x00000000e0000000)
  object space 56320K, 27% used [0x00000000a0000000,0x00000000a0f0da18,0x00000000a3700000)
 Metaspace       used 34647K, capacity 35280K, committed 35416K, reserved 1079296K
  class space    used 4752K, capacity 4941K, committed 4992K, reserved 1048576K
Event: 10.270 GC heap after
Heap after GC invocations=13 (full 2):
 PSYoungGen      total 85504K, used 0K [0x00000000e0000000, 0x00000000e7e80000, 0x0000000100000000)
  eden space 75776K, 0% used [0x00000000e0000000,0x00000000e0000000,0x00000000e4a00000)
  from space 9728K, 0% used [0x00000000e4a00000,0x00000000e4a00000,0x00000000e5380000)
  to   space 10752K, 0% used [0x00000000e7400000,0x00000000e7400000,0x00000000e7e80000)
 ParOldGen       total 86016K, used 15062K [0x00000000a0000000, 0x00000000a5400000, 0x00000000e0000000)
  object space 86016K, 17% used [0x00000000a0000000,0x00000000a0eb5bb0,0x00000000a5400000)
 Metaspace       used 34640K, capacity 35256K, committed 35416K, reserved 1079296K
  class space    used 4750K, capacity 4937K, committed 4992K, reserved 1048576K
}
Event: 12.221 GC heap before
{Heap before GC invocations=14 (full 2):
 PSYoungGen      total 85504K, used 75776K [0x00000000e0000000, 0x00000000e7e80000, 0x0000000100000000)
  eden space 75776K, 100% used [0x00000000e0000000,0x00000000e4a00000,0x00000000e4a00000)
  from space 9728K, 0% used [0x00000000e4a00000,0x00000000e4a00000,0x00000000e5380000)
  to   space 10752K, 0% used [0x00000000e7400000,0x00000000e7400000,0x00000000e7e80000)
 ParOldGen       total 86016K, used 15062K [0x00000000a0000000, 0x00000000a5400000, 0x00000000e0000000)
  object space 86016K, 17% used [0x00000000a0000000,0x00000000a0eb5bb0,0x00000000a5400000)
 Metaspace       used 43120K, capacity 43930K, committed 44248K, reserved 1087488K
  class space    used 5840K, capacity 6083K, committed 6144K, reserved 1048576K
Event: 12.237 GC heap after
Heap after GC invocations=14 (full 2):
 PSYoungGen      total 108032K, used 10281K [0x00000000e0000000, 0x00000000e7e80000, 0x0000000100000000)
  eden space 97280K, 0% used [0x00000000e0000000,0x00000000e0000000,0x00000000e5f00000)
  from space 10752K, 95% used [0x00000000e7400000,0x00000000e7e0a600,0x00000000e7e80000)
  to   space 11776K, 0% used [0x00000000e6780000,0x00000000e6780000,0x00000000e7300000)
 ParOldGen       total 86016K, used 15070K [0x00000000a0000000, 0x00000000a5400000, 0x00000000e0000000)
  object space 86016K, 17% used [0x00000000a0000000,0x00000000a0eb7bb0,0x00000000a5400000)
 Metaspace       used 43120K, capacity 43930K, committed 44248K, reserved 1087488K
  class space    used 5840K, capacity 6083K, committed 6144K, reserved 1048576K
}
Event: 14.286 GC heap before
{Heap before GC invocations=15 (full 2):
 PSYoungGen      total 108032K, used 107561K [0x00000000e0000000, 0x00000000e7e80000, 0x0000000100000000)
  eden space 97280K, 100% used [0x00000000e0000000,0x00000000e5f00000,0x00000000e5f00000)
  from space 10752K, 95% used [0x00000000e7400000,0x00000000e7e0a600,0x00000000e7e80000)
  to   space 11776K, 0% used [0x00000000e6780000,0x00000000e6780000,0x00000000e7300000)
 ParOldGen       total 86016K, used 15070K [0x00000000a0000000, 0x00000000a5400000, 0x00000000e0000000)
  object space 86016K, 17% used [0x00000000a0000000,0x00000000a0eb7bb0,0x00000000a5400000)
 Metaspace       used 50227K, capacity 51382K, committed 51672K, reserved 1093632K
  class space    used 6781K, capacity 7062K, committed 7168K, reserved 1048576K
Event: 14.311 GC heap after
Heap after GC invocations=15 (full 2):
 PSYoungGen      total 117760K, used 11765K [0x00000000e0000000, 0x00000000e9600000, 0x0000000100000000)
  eden space 105984K, 0% used [0x00000000e0000000,0x00000000e0000000,0x00000000e6780000)
  from space 11776K, 99% used [0x00000000e6780000,0x00000000e72fd630,0x00000000e7300000)
  to   space 14848K, 0% used [0x00000000e8780000,0x00000000e8780000,0x00000000e9600000)
 ParOldGen       total 86016K, used 19450K [0x00000000a0000000, 0x00000000a5400000, 0x00000000e0000000)
  object space 86016K, 22% used [0x00000000a0000000,0x00000000a12fe8b8,0x00000000a5400000)
 Metaspace       used 50227K, capacity 51382K, committed 51672K, reserved 1093632K
  class space    used 6781K, capacity 7062K, committed 7168K, reserved 1048576K
}

Deoptimization events (10 events):
Event: 16.422 Thread 0x000000001b173000 Uncommon trap: reason=unstable_if action=reinterpret pc=0x00000000039943a8 method=java.util.regex.Pattern$BmpCharProperty.match(Ljava/util/regex/Matcher;ILjava/lang/CharSequence;)Z @ 34
Event: 16.432 Thread 0x000000001b173000 Uncommon trap: reason=unstable_if action=reinterpret pc=0x00000000042b3430 method=com.sun.org.apache.xerces.internal.impl.XMLEntityScanner.skipSpaces()Z @ 14
Event: 16.435 Thread 0x000000001b173000 Uncommon trap: reason=unstable_if action=reinterpret pc=0x00000000042b3d70 method=com.sun.org.apache.xerces.internal.impl.XMLEntityScanner.scanLiteral(ILcom/sun/org/apache/xerces/internal/xni/XMLString;Z)I @ 660
Event: 16.455 Thread 0x000000001b173000 Uncommon trap: reason=unstable_if action=reinterpret pc=0x00000000042c9bc8 method=com.sun.org.apache.xerces.internal.util.SymbolTable.addSymbol([CII)Ljava/lang/String; @ 38
Event: 16.524 Thread 0x000000001b173000 Uncommon trap: reason=unstable_if action=reinterpret pc=0x00000000035f0718 method=com.google.gson.stream.JsonReader.doPeek()I @ 315
Event: 16.601 Thread 0x000000001ee7e000 Uncommon trap: reason=unstable_if action=reinterpret pc=0x000000000353d708 method=java.util.concurrent.ConcurrentHashMap.putVal(Ljava/lang/Object;Ljava/lang/Object;Z)Ljava/lang/Object; @ 98
Event: 16.687 Thread 0x000000001ee72800 Uncommon trap: reason=bimorphic action=maybe_recompile pc=0x0000000003ff4ed0 method=java.util.Arrays.binarySearch0([Ljava/lang/Object;IILjava/lang/Object;Ljava/util/Comparator;)I @ 48
Event: 16.687 Thread 0x000000001ee72800 Uncommon trap: reason=bimorphic action=maybe_recompile pc=0x0000000003ff4ed0 method=java.util.Arrays.binarySearch0([Ljava/lang/Object;IILjava/lang/Object;Ljava/util/Comparator;)I @ 48
Event: 16.688 Thread 0x000000001ee72800 Uncommon trap: reason=bimorphic action=maybe_recompile pc=0x0000000003ff4ed0 method=java.util.Arrays.binarySearch0([Ljava/lang/Object;IILjava/lang/Object;Ljava/util/Comparator;)I @ 48
Event: 16.688 Thread 0x000000001ee72800 Uncommon trap: reason=bimorphic action=maybe_recompile pc=0x0000000003ff4ed0 method=java.util.Arrays.binarySearch0([Ljava/lang/Object;IILjava/lang/Object;Ljava/util/Comparator;)I @ 48

Classes redefined (0 events):
No events

Internal exceptions (10 events):
Event: 13.452 Thread 0x000000001b173000 Exception <a 'java/lang/NoSuchMethodError': java.lang.Object.lambda$thenComparing$36697e65$1(Ljava/util/Comparator;Ljava/lang/Object;Ljava/lang/Object;)I> (0x00000000e3573858) thrown at [D:\j\worksp~1\openjd~3\jdk8u\hotspot\src\share\vm\interpreter\linkRe
Event: 13.455 Thread 0x000000001b173000 Exception <a 'java/lang/NoSuchMethodError': java.lang.Object.lambda$comparing$ea9a8b3a$1(Ljava/util/Comparator;Ljava/util/function/Function;Ljava/lang/Object;Ljava/lang/Object;)I> (0x00000000e3581308) thrown at [D:\j\worksp~1\openjd~3\jdk8u\hotspot\src\sh
Event: 14.780 Thread 0x000000001b173000 Exception <a 'java/lang/ClassNotFoundException': com/android/build/gradle/internal/api/ApkVariantOutputImpl_DecoratedBeanInfo> (0x00000000e0c43a38) thrown at [D:\j\worksp~1\openjd~3\jdk8u\hotspot\src\share\vm\classfile\systemDictionary.cpp, line 210]
Event: 14.781 Thread 0x000000001b173000 Exception <a 'java/lang/ClassNotFoundException': com/android/build/gradle/internal/api/ApkVariantOutputImplBeanInfo> (0x00000000e0c5e100) thrown at [D:\j\worksp~1\openjd~3\jdk8u\hotspot\src\share\vm\classfile\systemDictionary.cpp, line 210]
Event: 14.783 Thread 0x000000001b173000 Exception <a 'java/lang/ClassNotFoundException': com/android/build/gradle/internal/api/BaseVariantOutputImplBeanInfo> (0x00000000e0c797c0) thrown at [D:\j\worksp~1\openjd~3\jdk8u\hotspot\src\share\vm\classfile\systemDictionary.cpp, line 210]
Event: 14.785 Thread 0x000000001b173000 Exception <a 'java/lang/ClassNotFoundException': com/android/build/gradle/internal/api/BaseVariantOutputImplCustomizer> (0x00000000e0c95330) thrown at [D:\j\worksp~1\openjd~3\jdk8u\hotspot\src\share\vm\classfile\systemDictionary.cpp, line 210]
Event: 14.787 Thread 0x000000001b173000 Exception <a 'java/lang/ClassNotFoundException': com/android/build/gradle/internal/api/ApkVariantOutputImplCustomizer> (0x00000000e0ccad80) thrown at [D:\j\worksp~1\openjd~3\jdk8u\hotspot\src\share\vm\classfile\systemDictionary.cpp, line 210]
Event: 14.789 Thread 0x000000001b173000 Exception <a 'java/lang/ClassNotFoundException': com/android/build/gradle/internal/api/ApkVariantOutputImpl_DecoratedCustomizer> (0x00000000e0cfb8d8) thrown at [D:\j\worksp~1\openjd~3\jdk8u\hotspot\src\share\vm\classfile\systemDictionary.cpp, line 210]
Event: 15.741 Thread 0x000000001b173000 Exception <a 'java/lang/ClassNotFoundException': com/sun/org/glassfish/hk2/osgiresourcelocator/ServiceLoader> (0x00000000e26c89d0) thrown at [D:\j\worksp~1\openjd~3\jdk8u\hotspot\src\share\vm\classfile\systemDictionary.cpp, line 210]
Event: 15.832 Thread 0x000000001b173000 Exception <a 'java/lang/NullPointerException'> (0x00000000e2b97058) thrown at [D:\j\worksp~1\openjd~3\jdk8u\hotspot\src\share\vm\interpreter\linkResolver.cpp, line 1287]

Events (10 events):
Event: 16.698 loading class java/nio/file/FileTreeWalker$EventType
Event: 16.698 loading class java/nio/file/FileTreeWalker$EventType done
Event: 16.698 loading class java/nio/file/Files$3
Event: 16.699 loading class java/nio/file/Files$3 done
Event: 16.699 loading class java/nio/file/FileVisitResult
Event: 16.699 loading class java/nio/file/FileVisitResult done
Event: 16.700 loading class org/gradle/internal/snapshot/FileSystemLocationSnapshot$1
Event: 16.700 loading class org/gradle/internal/snapshot/FileSystemLocationSnapshot$1 done
Event: 16.701 loading class org/gradle/internal/snapshot/DirectorySnapshot
Event: 16.701 loading class org/gradle/internal/snapshot/DirectorySnapshot done


Dynamic libraries:
0x00007ff6061d0000 - 0x00007ff606205000 	C:\Program Files\Android\jdk\microsoft_dist_openjdk_1.8.0.25\bin\java.exe
0x00007ff959590000 - 0x00007ff959771000 	C:\Windows\SYSTEM32\ntdll.dll
0x00007ff9573b0000 - 0x00007ff957461000 	C:\Windows\System32\KERNEL32.DLL
0x00007ff9562b0000 - 0x00007ff956523000 	C:\Windows\System32\KERNELBASE.dll
0x00007ff959210000 - 0x00007ff9592b1000 	C:\Windows\System32\ADVAPI32.dll
0x00007ff956ad0000 - 0x00007ff956b6e000 	C:\Windows\System32\msvcrt.dll
0x00007ff9579e0000 - 0x00007ff957a3b000 	C:\Windows\System32\sechost.dll
0x00007ff959430000 - 0x00007ff959554000 	C:\Windows\System32\RPCRT4.dll
0x00007ff958ff0000 - 0x00007ff959180000 	C:\Windows\System32\USER32.dll
0x00007ff956940000 - 0x00007ff956960000 	C:\Windows\System32\win32u.dll
0x00007ff9579b0000 - 0x00007ff9579d8000 	C:\Windows\System32\GDI32.dll
0x00007ff956530000 - 0x00007ff9566c1000 	C:\Windows\System32\gdi32full.dll
0x00007ff956210000 - 0x00007ff9562af000 	C:\Windows\System32\msvcp_win.dll
0x00007ff9559a0000 - 0x00007ff955a98000 	C:\Windows\System32\ucrtbase.dll
0x00007ff943410000 - 0x00007ff943679000 	C:\Windows\WinSxS\amd64_microsoft.windows.common-controls_6595b64144ccf1df_6.0.17134.1246_none_d3ffb9d77c90723d\COMCTL32.dll
0x00007ff957680000 - 0x00007ff9579a1000 	C:\Windows\System32\combase.dll
0x00007ff9566d0000 - 0x00007ff956749000 	C:\Windows\System32\bcryptPrimitives.dll
0x00007ff956f30000 - 0x00007ff956f5d000 	C:\Windows\System32\IMM32.DLL
0x0000000065400000 - 0x00000000654d1000 	C:\Program Files\Android\jdk\microsoft_dist_openjdk_1.8.0.25\jre\bin\msvcr100.dll
0x0000000064bb0000 - 0x00000000653f5000 	C:\Program Files\Android\jdk\microsoft_dist_openjdk_1.8.0.25\jre\bin\server\jvm.dll
0x00007ff959180000 - 0x00007ff959188000 	C:\Windows\System32\PSAPI.DLL
0x00007ff94ff80000 - 0x00007ff94ffa3000 	C:\Windows\SYSTEM32\WINMM.dll
0x00007ff94e6b0000 - 0x00007ff94e6ba000 	C:\Windows\SYSTEM32\VERSION.dll
0x00007ff94fe90000 - 0x00007ff94feba000 	C:\Windows\SYSTEM32\WINMMBASE.dll
0x00007ff955950000 - 0x00007ff955999000 	C:\Windows\System32\cfgmgr32.dll
0x00007ff922350000 - 0x00007ff922359000 	C:\Windows\SYSTEM32\WSOCK32.dll
0x00007ff959190000 - 0x00007ff9591fc000 	C:\Windows\System32\WS2_32.dll
0x00007ff9516b0000 - 0x00007ff9516bf000 	C:\Program Files\Android\jdk\microsoft_dist_openjdk_1.8.0.25\jre\bin\verify.dll
0x00007ff936600000 - 0x00007ff936629000 	C:\Program Files\Android\jdk\microsoft_dist_openjdk_1.8.0.25\jre\bin\java.dll
0x00007ff939e70000 - 0x00007ff939e86000 	C:\Program Files\Android\jdk\microsoft_dist_openjdk_1.8.0.25\jre\bin\zip.dll
0x00007ff957a40000 - 0x00007ff958e85000 	C:\Windows\System32\SHELL32.dll
0x00007ff956db0000 - 0x00007ff956e59000 	C:\Windows\System32\shcore.dll
0x00007ff955aa0000 - 0x00007ff9561b0000 	C:\Windows\System32\windows.storage.dll
0x00007ff956a10000 - 0x00007ff956a61000 	C:\Windows\System32\shlwapi.dll
0x00007ff955930000 - 0x00007ff955941000 	C:\Windows\System32\kernel.appcore.dll
0x00007ff955910000 - 0x00007ff95592f000 	C:\Windows\System32\profapi.dll
0x00007ff955890000 - 0x00007ff9558dc000 	C:\Windows\System32\powrprof.dll
0x00007ff9558e0000 - 0x00007ff9558ea000 	C:\Windows\System32\FLTLIB.DLL
0x00007ff9382f0000 - 0x00007ff93830a000 	C:\Program Files\Android\jdk\microsoft_dist_openjdk_1.8.0.25\jre\bin\net.dll
0x00007ff955110000 - 0x00007ff955176000 	C:\Windows\system32\mswsock.dll
0x00007ff9364d0000 - 0x00007ff9364e1000 	C:\Program Files\Android\jdk\microsoft_dist_openjdk_1.8.0.25\jre\bin\nio.dll
0x00007ff936630000 - 0x00007ff936656000 	C:\Users\acer\.gradle\native\29\windows-amd64\native-platform.dll
0x00007ff951660000 - 0x00007ff95166d000 	C:\Program Files\Android\jdk\microsoft_dist_openjdk_1.8.0.25\jre\bin\management.dll
0x00007ff9552c0000 - 0x00007ff9552d7000 	C:\Windows\SYSTEM32\CRYPTSP.dll
0x00007ff954cc0000 - 0x00007ff954cf3000 	C:\Windows\system32\rsaenh.dll
0x00007ff9553f0000 - 0x00007ff955415000 	C:\Windows\SYSTEM32\bcrypt.dll
0x00007ff955790000 - 0x00007ff9557b8000 	C:\Windows\SYSTEM32\USERENV.dll
0x00007ff9552e0000 - 0x00007ff9552eb000 	C:\Windows\SYSTEM32\CRYPTBASE.dll
0x00007ff954e60000 - 0x00007ff954e98000 	C:\Windows\SYSTEM32\IPHLPAPI.DLL
0x00007ff957670000 - 0x00007ff957678000 	C:\Windows\System32\NSI.dll
0x00007ff94e760000 - 0x00007ff94e776000 	C:\Windows\SYSTEM32\dhcpcsvc6.DLL
0x00007ff94e700000 - 0x00007ff94e71a000 	C:\Windows\SYSTEM32\dhcpcsvc.DLL

VM Arguments:
jvm_args: -Xmx1536m -Dfile.encoding=windows-1251 -Duser.country=RU -Duser.language=ru -Duser.variant 
java_command: org.gradle.launcher.daemon.bootstrap.GradleDaemon 5.4.1
java_class_path (initial): C:\Users\acer\.gradle\wrapper\dists\gradle-5.4.1-all\3221gyojl5jsh0helicew7rwx\gradle-5.4.1\lib\gradle-launcher-5.4.1.jar
Launcher Type: SUN_STANDARD

Environment Variables:
JAVA_HOME=C:\Program Files\Android\Jdk\microsoft_dist_openjdk_1.8.0.25
PATH=C:\Program Files\Microsoft MPI\Bin\;C:\Program Files (x86)\Common Files\Oracle\Java\javapath;C:\Program Files (x86)\Intel\iCLS Client\;C:\Program Files\Intel\iCLS Client\;C:\Windows\system32;C:\Windows;C:\Windows\System32\Wbem;C:\Windows\System32\WindowsPowerShell\v1.0\;C:\Windows\System32\OpenSSH\;C:\Program Files\Intel\WiFi\bin\;C:\Program Files\Common Files\Intel\WirelessCommon\;C:\Program Files (x86)\Intel\Intel(R) Management Engine Components\DAL;C:\Program Files\Intel\Intel(R) Management Engine Components\DAL;C:\Program Files (x86)\Intel\Intel(R) Management Engine Components\IPT;C:\Program Files\Intel\Intel(R) Management Engine Components\IPT;C:\Program Files\Microsoft SQL Server\110\Tools\Binn\;C:\Program Files\Microsoft SQL Server\120\Tools\Binn\;C:\Program Files\dotnet\;C:\Program Files\Microsoft SQL Server\130\Tools\Binn\;C:\Program Files\Microsoft SQL Server\Client SDK\ODBC\170\Tools\Binn\;C:\Program Files (x86)\Microsoft SQL Server\130\Tools\Binn\;C:\Program Files (x86)\Microsoft SQL Server\130\DTS\Binn\;C:\Program Files\Microsoft SQL Server\130\DTS\Binn\;C:\Program Files\Microsoft SQL Server\Client SDK\ODBC\130\Tools\Binn\;C:\Program Files (x86)\Microsoft SQL Server\150\DTS\Binn\;C:\Program Files\nodejs\;C:\Program Files\MySQL\MySQL Shell 8.0\bin\;C:\Users\acer\AppData\Local\Microsoft\WindowsApps;C:\Program Files\Intel\WiFi\bin\;C:\Program Files\Common Files\Intel\WirelessCommon\;C:\Users\acer\AppData\Roaming\npm
USERNAME=acer
OS=Windows_NT
PROCESSOR_IDENTIFIER=Intel64 Family 6 Model 142 Stepping 10, GenuineIntel



---------------  S Y S T E M  ---------------

OS: Windows 10.0 , 64 bit Build 17134 (10.0.17134.753)

CPU:total 8 (initial active 8) (4 cores per cpu, 2 threads per core) family 6 model 142 stepping 10, cmov, cx8, fxsr, mmx, sse, sse2, sse3, ssse3, sse4.1, sse4.2, popcnt, avx, avx2, aes, clmul, erms, 3dnowpref, lzcnt, ht, tsc, tscinvbit, bmi1, bmi2, adx

Memory: 4k page, physical 8262884k(1044676k free), swap 10310884k(5680k free)

vm_info: OpenJDK 64-Bit Server VM (25.71-b00) for windows-amd64 JRE (1.8.0-25-microsoft-b00), built on Feb  7 2019 20:09:14 by "builder" with MS VC++ 10.0 (VS2010)

time: Tue Apr 28 02:30:51 2020
timezone: Финляндия (лето)
elapsed time: 16 seconds (0d 0h 0m 16s)

